---------------------------------------------------------------
[ 2017-11-01T09:20:02+08:00 ] 127.0.0.5 127.0.0.1 GET /index.php/admin
[ info ] 127.0.0.5/index.php/admin [运行时间：0.227013s][吞吐率：4.41req/s] [内存消耗：1,267.59kb] [文件加载：49]
[ info ] [ LANG ] D:\phpStudy\WWW\newbxg\bxgAdmin\thinkphp\lang\zh-cn.php
[ info ] [ ROUTE ] array (
  'type' => 'module',
  'module' => 
  array (
    0 => 'admin',
    1 => NULL,
    2 => NULL,
  ),
)
[ info ] [ HEADER ] array (
  'accept-language' => 'zh-CN,zh;q=0.8',
  'accept-encoding' => 'gzip, deflate, br',
  'accept' => 'text/html,application/xhtml+xml,application/xml;q=0.9,image/webp,image/apng,*/*;q=0.8',
  'user-agent' => 'Mozilla/5.0 (Windows NT 6.1; Win64; x64) AppleWebKit/537.36 (KHTML, like Gecko) Chrome/60.0.3112.90 Safari/537.36',
  'upgrade-insecure-requests' => '1',
  'connection' => 'close',
  'host' => '127.0.0.5',
)
[ info ] [ PARAM ] array (
)
[ info ] [ RUN ] app\admin\controller\Index->index[ D:\phpStudy\WWW\newbxg\bxgAdmin\application\admin\controller\Index.php ]
[ info ] [ VIEW ] D:\phpStudy\WWW\newbxg\bxgAdmin/./application/admin\view\index\index.html [ array (
) ]
[ info ] [ LOG ] INIT File
---------------------------------------------------------------
[ 2017-11-01T09:20:02+08:00 ] 127.0.0.5 127.0.0.1 GET /index.php/admin/index/index_v.html
[ info ] 127.0.0.5/index.php/admin/index/index_v.html [运行时间：0.069004s][吞吐率：14.49req/s] [内存消耗：1,258.89kb] [文件加载：48]
[ info ] [ LANG ] D:\phpStudy\WWW\newbxg\bxgAdmin\thinkphp\lang\zh-cn.php
[ info ] [ ROUTE ] array (
  'type' => 'module',
  'module' => 
  array (
    0 => 'admin',
    1 => 'index',
    2 => 'index_v',
  ),
)
[ info ] [ HEADER ] array (
  'accept-language' => 'zh-CN,zh;q=0.8',
  'accept-encoding' => 'gzip, deflate, br',
  'referer' => 'http://127.0.0.5/index.php/admin',
  'accept' => 'text/html,application/xhtml+xml,application/xml;q=0.9,image/webp,image/apng,*/*;q=0.8',
  'user-agent' => 'Mozilla/5.0 (Windows NT 6.1; Win64; x64) AppleWebKit/537.36 (KHTML, like Gecko) Chrome/60.0.3112.90 Safari/537.36',
  'upgrade-insecure-requests' => '1',
  'connection' => 'close',
  'host' => '127.0.0.5',
)
[ info ] [ PARAM ] array (
)
[ info ] [ RUN ] app\admin\controller\Index->index_v[ D:\phpStudy\WWW\newbxg\bxgAdmin\application\admin\controller\Index.php ]
[ info ] [ VIEW ] D:\phpStudy\WWW\newbxg\bxgAdmin/./application/admin\view\index\index_v.html [ array (
) ]
[ info ] [ LOG ] INIT File
---------------------------------------------------------------
[ 2017-11-01T09:20:13+08:00 ] 127.0.0.5 127.0.0.1 GET /index.php/admin/index/user_list.html
[ info ] 127.0.0.5/index.php/admin/index/user_list.html [运行时间：0.445026s][吞吐率：2.25req/s] [内存消耗：2,241.17kb] [文件加载：65]
[ info ] [ LANG ] D:\phpStudy\WWW\newbxg\bxgAdmin\thinkphp\lang\zh-cn.php
[ info ] [ ROUTE ] array (
  'type' => 'module',
  'module' => 
  array (
    0 => 'admin',
    1 => 'index',
    2 => 'user_list',
  ),
)
[ info ] [ HEADER ] array (
  'cookie' => 'thinkphp_show_page_trace=0|0; thinkphp_show_page_trace=0|0',
  'accept-language' => 'zh-CN,zh;q=0.8',
  'accept-encoding' => 'gzip, deflate, br',
  'referer' => 'http://127.0.0.5/index.php/admin',
  'accept' => 'text/html,application/xhtml+xml,application/xml;q=0.9,image/webp,image/apng,*/*;q=0.8',
  'user-agent' => 'Mozilla/5.0 (Windows NT 6.1; Win64; x64) AppleWebKit/537.36 (KHTML, like Gecko) Chrome/60.0.3112.90 Safari/537.36',
  'upgrade-insecure-requests' => '1',
  'connection' => 'close',
  'host' => '127.0.0.5',
)
[ info ] [ PARAM ] array (
)
[ info ] [ RUN ] app\admin\controller\Index->user_list[ D:\phpStudy\WWW\newbxg\bxgAdmin\application\admin\controller\Index.php ]
[ info ] [ DB ] INIT mysql
[ info ] [ VIEW ] D:\phpStudy\WWW\newbxg\bxgAdmin/./application/admin\view\index\user_list.html [ array (
  0 => 'arr',
) ]
[ info ] [ LOG ] INIT File
[ sql ] [ DB ] CONNECT:[ UseTime:0.005001s ] mysql:dbname=bxgogo;host=127.0.0.1;charset=utf8
[ sql ] [ SQL ] SHOW COLUMNS FROM `user_info` [ RunTime:0.125007s ]
[ sql ] [ SQL ] SELECT COUNT(*) AS tp_count FROM `user_info` LIMIT 1 [ RunTime:0.001000s ]
[ sql ] [ SQL ] SELECT * FROM `user_info` LIMIT 0,3 [ RunTime:0.000000s ]
[ sql ] [ SQL ] SHOW COLUMNS FROM `user_wallt` [ RunTime:0.109006s ]
[ sql ] [ SQL ] SELECT * FROM `user_wallt` WHERE  `uId` IN (20144230042,123) [ RunTime:0.001000s ]
[ sql ] [ SQL ] SHOW COLUMNS FROM `user_basic_order` [ RunTime:0.065004s ]
[ sql ] [ SQL ] SELECT * FROM `user_basic_order` WHERE  `uId` IN (20144230042,123) [ RunTime:0.001000s ]
---------------------------------------------------------------
[ 2017-11-01T09:20:17+08:00 ] 127.0.0.5 127.0.0.1 GET /index.php/admin/index/user_info/id/20144230042.html
[ info ] 127.0.0.5/index.php/admin/index/user_info/id/20144230042.html [运行时间：0.457026s][吞吐率：2.19req/s] [内存消耗：2,269.77kb] [文件加载：63]
[ info ] [ LANG ] D:\phpStudy\WWW\newbxg\bxgAdmin\thinkphp\lang\zh-cn.php
[ info ] [ ROUTE ] array (
  'type' => 'module',
  'module' => 
  array (
    0 => 'admin',
    1 => 'index',
    2 => 'user_info',
  ),
)
[ info ] [ HEADER ] array (
  'cookie' => 'thinkphp_show_page_trace=0|0; thinkphp_show_page_trace=0|0',
  'accept-language' => 'zh-CN,zh;q=0.8',
  'accept-encoding' => 'gzip, deflate, br',
  'referer' => 'http://127.0.0.5/index.php/admin/index/user_list.html',
  'accept' => 'text/html,application/xhtml+xml,application/xml;q=0.9,image/webp,image/apng,*/*;q=0.8',
  'user-agent' => 'Mozilla/5.0 (Windows NT 6.1; Win64; x64) AppleWebKit/537.36 (KHTML, like Gecko) Chrome/60.0.3112.90 Safari/537.36',
  'upgrade-insecure-requests' => '1',
  'connection' => 'close',
  'host' => '127.0.0.5',
)
[ info ] [ PARAM ] array (
  'id' => '20144230042',
)
[ info ] [ RUN ] app\admin\controller\Index->user_info[ D:\phpStudy\WWW\newbxg\bxgAdmin\application\admin\controller\Index.php ]
[ info ] [ DB ] INIT mysql
[ info ] [ VIEW ] D:\phpStudy\WWW\newbxg\bxgAdmin/./application/admin\view\index\user_info.html [ array (
  0 => 'arr',
) ]
[ info ] [ LOG ] INIT File
[ sql ] [ DB ] CONNECT:[ UseTime:0.001000s ] mysql:dbname=bxgogo;host=127.0.0.1;charset=utf8
[ sql ] [ SQL ] SHOW COLUMNS FROM `user_info` [ RunTime:0.029001s ]
[ sql ] [ SQL ] SELECT * FROM `user_info` WHERE  `uId` = 20144230042 LIMIT 1 [ RunTime:0.002001s ]
[ sql ] [ SQL ] SHOW COLUMNS FROM `user_honor` [ RunTime:0.056003s ]
[ sql ] [ SQL ] SELECT * FROM `user_honor` WHERE  `uId` = 20144230042 [ RunTime:0.001000s ]
[ sql ] [ SQL ] SHOW COLUMNS FROM `user_follow` [ RunTime:0.074004s ]
[ sql ] [ SQL ] SELECT * FROM `user_follow` WHERE  `uId` = 20144230042 [ RunTime:0.001000s ]
[ sql ] [ SQL ] SHOW COLUMNS FROM `user_collection` [ RunTime:0.095005s ]
[ sql ] [ SQL ] SELECT * FROM `user_collection` WHERE  `uId` = 20144230042 [ RunTime:0.000000s ]
[ sql ] [ SQL ] SHOW COLUMNS FROM `user_agreement` [ RunTime:0.149008s ]
[ sql ] [ SQL ] SELECT * FROM `user_agreement` WHERE  `uId` = 20144230042 [ RunTime:0.001000s ]
---------------------------------------------------------------
[ 2017-11-01T09:22:52+08:00 ] 127.0.0.5 127.0.0.1 GET /index.php/admin
[ info ] 127.0.0.5/index.php/admin [运行时间：0.110006s][吞吐率：9.09req/s] [内存消耗：1,010.68kb] [文件加载：43]
[ info ] [ LANG ] D:\phpStudy\WWW\newbxg\bxgAdmin\thinkphp\lang\zh-cn.php
[ info ] [ ROUTE ] array (
  'type' => 'module',
  'module' => 
  array (
    0 => 'admin',
    1 => NULL,
    2 => NULL,
  ),
)
[ info ] [ HEADER ] array (
  'cookie' => 'thinkphp_show_page_trace=0|0',
  'accept-language' => 'zh-CN,zh;q=0.8',
  'accept-encoding' => 'gzip, deflate, br',
  'accept' => 'text/html,application/xhtml+xml,application/xml;q=0.9,image/webp,image/apng,*/*;q=0.8',
  'user-agent' => 'Mozilla/5.0 (Windows NT 6.1; Win64; x64) AppleWebKit/537.36 (KHTML, like Gecko) Chrome/60.0.3112.90 Safari/537.36',
  'upgrade-insecure-requests' => '1',
  'connection' => 'close',
  'host' => '127.0.0.5',
)
[ info ] [ PARAM ] array (
)
[ info ] [ LOG ] INIT File
[ error ] [0]语法解析错误: syntax error, unexpected '<<' (T_SL), expecting '{'[D:\phpStudy\WWW\newbxg\bxgAdmin\application\admin\controller\Index.php:7]
---------------------------------------------------------------
[ 2017-11-01T09:33:45+08:00 ] 127.0.0.5 127.0.0.1 GET /index.php/admin
[ info ] 127.0.0.5/index.php/admin [运行时间：0.101006s][吞吐率：9.90req/s] [内存消耗：1,419.92kb] [文件加载：51]
[ info ] [ LANG ] D:\phpStudy\WWW\newbxg\bxgAdmin\thinkphp\lang\zh-cn.php
[ info ] [ ROUTE ] array (
  'type' => 'module',
  'module' => 
  array (
    0 => 'admin',
    1 => NULL,
    2 => NULL,
  ),
)
[ info ] [ HEADER ] array (
  'cookie' => 'thinkphp_show_page_trace=0|0',
  'accept-language' => 'zh-CN,zh;q=0.8',
  'accept-encoding' => 'gzip, deflate, br',
  'accept' => 'text/html,application/xhtml+xml,application/xml;q=0.9,image/webp,image/apng,*/*;q=0.8',
  'user-agent' => 'Mozilla/5.0 (Windows NT 6.1; Win64; x64) AppleWebKit/537.36 (KHTML, like Gecko) Chrome/60.0.3112.90 Safari/537.36',
  'upgrade-insecure-requests' => '1',
  'cache-control' => 'max-age=0',
  'connection' => 'close',
  'host' => '127.0.0.5',
)
[ info ] [ PARAM ] array (
)
[ info ] [ VIEW ] D:\phpStudy\WWW\newbxg\bxgAdmin/./application/admin\view\index\index.html [ array (
) ]
[ info ] [ RUN ] app\admin\controller\Index->index[ D:\phpStudy\WWW\newbxg\bxgAdmin\application\admin\controller\Index.php ]
[ info ] [ VIEW ] D:\phpStudy\WWW\newbxg\bxgAdmin/./application/admin\view\index\index.html [ array (
) ]
[ info ] [ LOG ] INIT File
---------------------------------------------------------------
[ 2017-11-01T09:33:45+08:00 ] 127.0.0.5 127.0.0.1 GET /index.php/admin/index/index_v.html
[ info ] 127.0.0.5/index.php/admin/index/index_v.html [运行时间：0.046002s][吞吐率：21.74req/s] [内存消耗：1,260.70kb] [文件加载：48]
[ info ] [ LANG ] D:\phpStudy\WWW\newbxg\bxgAdmin\thinkphp\lang\zh-cn.php
[ info ] [ ROUTE ] array (
  'type' => 'module',
  'module' => 
  array (
    0 => 'admin',
    1 => 'index',
    2 => 'index_v',
  ),
)
[ info ] [ HEADER ] array (
  'cookie' => 'thinkphp_show_page_trace=0|0; thinkphp_show_page_trace=0|0',
  'accept-language' => 'zh-CN,zh;q=0.8',
  'accept-encoding' => 'gzip, deflate, br',
  'referer' => 'http://127.0.0.5/index.php/admin',
  'accept' => 'text/html,application/xhtml+xml,application/xml;q=0.9,image/webp,image/apng,*/*;q=0.8',
  'user-agent' => 'Mozilla/5.0 (Windows NT 6.1; Win64; x64) AppleWebKit/537.36 (KHTML, like Gecko) Chrome/60.0.3112.90 Safari/537.36',
  'upgrade-insecure-requests' => '1',
  'connection' => 'close',
  'host' => '127.0.0.5',
)
[ info ] [ PARAM ] array (
)
[ info ] [ VIEW ] D:\phpStudy\WWW\newbxg\bxgAdmin/./application/admin\view\index\index_v.html [ array (
) ]
[ info ] [ RUN ] app\admin\controller\Index->index_v[ D:\phpStudy\WWW\newbxg\bxgAdmin\application\admin\controller\Index.php ]
[ info ] [ VIEW ] D:\phpStudy\WWW\newbxg\bxgAdmin/./application/admin\view\index\index_v.html [ array (
) ]
[ info ] [ LOG ] INIT File
---------------------------------------------------------------
[ 2017-11-01T09:33:49+08:00 ] 127.0.0.5 127.0.0.1 GET /index.php/admin/index/count_user.html
[ info ] 127.0.0.5/index.php/admin/index/count_user.html [运行时间：0.042002s][吞吐率：23.81req/s] [内存消耗：1,453.44kb] [文件加载：50]
[ info ] [ LANG ] D:\phpStudy\WWW\newbxg\bxgAdmin\thinkphp\lang\zh-cn.php
[ info ] [ ROUTE ] array (
  'type' => 'module',
  'module' => 
  array (
    0 => 'admin',
    1 => 'index',
    2 => 'count_user',
  ),
)
[ info ] [ HEADER ] array (
  'cookie' => 'thinkphp_show_page_trace=0|0; thinkphp_show_page_trace=0|0',
  'accept-language' => 'zh-CN,zh;q=0.8',
  'accept-encoding' => 'gzip, deflate, br',
  'referer' => 'http://127.0.0.5/index.php/admin',
  'accept' => 'text/html,application/xhtml+xml,application/xml;q=0.9,image/webp,image/apng,*/*;q=0.8',
  'user-agent' => 'Mozilla/5.0 (Windows NT 6.1; Win64; x64) AppleWebKit/537.36 (KHTML, like Gecko) Chrome/60.0.3112.90 Safari/537.36',
  'upgrade-insecure-requests' => '1',
  'connection' => 'close',
  'host' => '127.0.0.5',
)
[ info ] [ PARAM ] array (
)
[ info ] [ VIEW ] D:\phpStudy\WWW\newbxg\bxgAdmin/./application/admin\view\index\count_user.html [ array (
) ]
[ info ] [ RUN ] app\admin\controller\Index->count_user[ D:\phpStudy\WWW\newbxg\bxgAdmin\application\admin\controller\Index.php ]
[ info ] [ VIEW ] D:\phpStudy\WWW\newbxg\bxgAdmin/./application/admin\view\index\count_user.html [ array (
) ]
[ info ] [ LOG ] INIT File
---------------------------------------------------------------
[ 2017-11-01T09:33:49+08:00 ] 127.0.0.5 127.0.0.1 GET /index.php/admin/index/img/a3.jpg
[ info ] 127.0.0.5/index.php/admin/index/img/a3.jpg [运行时间：0.054003s][吞吐率：18.52req/s] [内存消耗：1,211.31kb] [文件加载：50]
[ info ] [ LANG ] D:\phpStudy\WWW\newbxg\bxgAdmin\thinkphp\lang\zh-cn.php
[ info ] [ ROUTE ] array (
  'type' => 'module',
  'module' => 
  array (
    0 => 'admin',
    1 => 'index',
    2 => 'img',
  ),
)
[ info ] [ HEADER ] array (
  'cookie' => 'thinkphp_show_page_trace=0|0; thinkphp_show_page_trace=0|0',
  'accept-language' => 'zh-CN,zh;q=0.8',
  'accept-encoding' => 'gzip, deflate, br',
  'referer' => 'http://127.0.0.5/index.php/admin/index/count_user.html',
  'accept' => 'image/webp,image/apng,image/*,*/*;q=0.8',
  'user-agent' => 'Mozilla/5.0 (Windows NT 6.1; Win64; x64) AppleWebKit/537.36 (KHTML, like Gecko) Chrome/60.0.3112.90 Safari/537.36',
  'connection' => 'close',
  'host' => '127.0.0.5',
)
[ info ] [ PARAM ] array (
)
[ info ] [ LOG ] INIT File
[ error ] [0]模板文件不存在:D:\phpStudy\WWW\newbxg\bxgAdmin/./application/admin\view\index\img.html[D:\phpStudy\WWW\newbxg\bxgAdmin\thinkphp\library\think\view\driver\Think.php:80]
---------------------------------------------------------------
[ 2017-11-01T09:33:50+08:00 ] 127.0.0.5 127.0.0.1 GET /index.php/admin/index/count_seller.html
[ info ] 127.0.0.5/index.php/admin/index/count_seller.html [运行时间：0.040002s][吞吐率：25.00req/s] [内存消耗：1,344.95kb] [文件加载：50]
[ info ] [ LANG ] D:\phpStudy\WWW\newbxg\bxgAdmin\thinkphp\lang\zh-cn.php
[ info ] [ ROUTE ] array (
  'type' => 'module',
  'module' => 
  array (
    0 => 'admin',
    1 => 'index',
    2 => 'count_seller',
  ),
)
[ info ] [ HEADER ] array (
  'cookie' => 'thinkphp_show_page_trace=0|0; thinkphp_show_page_trace=0|0',
  'accept-language' => 'zh-CN,zh;q=0.8',
  'accept-encoding' => 'gzip, deflate, br',
  'referer' => 'http://127.0.0.5/index.php/admin',
  'accept' => 'text/html,application/xhtml+xml,application/xml;q=0.9,image/webp,image/apng,*/*;q=0.8',
  'user-agent' => 'Mozilla/5.0 (Windows NT 6.1; Win64; x64) AppleWebKit/537.36 (KHTML, like Gecko) Chrome/60.0.3112.90 Safari/537.36',
  'upgrade-insecure-requests' => '1',
  'connection' => 'close',
  'host' => '127.0.0.5',
)
[ info ] [ PARAM ] array (
)
[ info ] [ VIEW ] D:\phpStudy\WWW\newbxg\bxgAdmin/./application/admin\view\index\count_seller.html [ array (
) ]
[ info ] [ RUN ] app\admin\controller\Index->count_seller[ D:\phpStudy\WWW\newbxg\bxgAdmin\application\admin\controller\Index.php ]
[ info ] [ VIEW ] D:\phpStudy\WWW\newbxg\bxgAdmin/./application/admin\view\index\count_seller.html [ array (
) ]
[ info ] [ LOG ] INIT File
---------------------------------------------------------------
[ 2017-11-01T09:54:04+08:00 ] 127.0.0.2 127.0.0.1 GET /index.php/admin
[ info ] 127.0.0.2/index.php/admin [运行时间：0.064003s][吞吐率：15.62req/s] [内存消耗：1,371.95kb] [文件加载：51]
[ info ] [ LANG ] D:\phpStudy\WWW\admin\bxg\bxgAdmin\thinkphp\lang\zh-cn.php
[ info ] [ ROUTE ] array (
  'type' => 'module',
  'module' => 
  array (
    0 => 'admin',
    1 => NULL,
    2 => NULL,
  ),
)
[ info ] [ HEADER ] array (
  'cookie' => 'thinkphp_show_page_trace=0|0; thinkphp_show_page_trace=0|0',
  'accept-language' => 'zh-CN,zh;q=0.8',
  'accept-encoding' => 'gzip, deflate, br',
  'accept' => 'text/html,application/xhtml+xml,application/xml;q=0.9,image/webp,image/apng,*/*;q=0.8',
  'user-agent' => 'Mozilla/5.0 (Windows NT 6.1; WOW64) AppleWebKit/537.36 (KHTML, like Gecko) Chrome/61.0.3163.91 Safari/537.36',
  'upgrade-insecure-requests' => '1',
  'cache-control' => 'max-age=0',
  'connection' => 'close',
  'host' => '127.0.0.2',
)
[ info ] [ PARAM ] array (
)
[ info ] [ RUN ] app\admin\controller\Index->index[ D:\phpStudy\WWW\admin\bxg\bxgAdmin\application\admin\controller\Index.php ]
[ info ] [ VIEW ] D:\phpStudy\WWW\admin\bxg\bxgAdmin/./application/admin\view\index\index.html [ array (
) ]
[ info ] [ LOG ] INIT File
---------------------------------------------------------------
[ 2017-11-01T09:54:04+08:00 ] 127.0.0.2 127.0.0.1 GET /index.php/admin/index/index_v.html
[ info ] 127.0.0.2/index.php/admin/index/index_v.html [运行时间：0.035002s][吞吐率：28.57req/s] [内存消耗：1,373.36kb] [文件加载：50]
[ info ] [ LANG ] D:\phpStudy\WWW\admin\bxg\bxgAdmin\thinkphp\lang\zh-cn.php
[ info ] [ ROUTE ] array (
  'type' => 'module',
  'module' => 
  array (
    0 => 'admin',
    1 => 'index',
    2 => 'index_v',
  ),
)
[ info ] [ HEADER ] array (
  'cookie' => 'thinkphp_show_page_trace=0|0; thinkphp_show_page_trace=0|0; thinkphp_show_page_trace=0|0',
  'accept-language' => 'zh-CN,zh;q=0.8',
  'accept-encoding' => 'gzip, deflate, br',
  'referer' => 'http://127.0.0.2/index.php/admin',
  'accept' => 'text/html,application/xhtml+xml,application/xml;q=0.9,image/webp,image/apng,*/*;q=0.8',
  'user-agent' => 'Mozilla/5.0 (Windows NT 6.1; WOW64) AppleWebKit/537.36 (KHTML, like Gecko) Chrome/61.0.3163.91 Safari/537.36',
  'upgrade-insecure-requests' => '1',
  'connection' => 'close',
  'host' => '127.0.0.2',
)
[ info ] [ PARAM ] array (
)
[ info ] [ RUN ] app\admin\controller\Index->index_v[ D:\phpStudy\WWW\admin\bxg\bxgAdmin\application\admin\controller\Index.php ]
[ info ] [ VIEW ] D:\phpStudy\WWW\admin\bxg\bxgAdmin/./application/admin\view\index\index_v.html [ array (
) ]
[ info ] [ LOG ] INIT File
---------------------------------------------------------------
[ 2017-11-01T09:54:12+08:00 ] 127.0.0.2 127.0.0.1 GET /index.php/admin/index/user_list.html
[ info ] 127.0.0.2/index.php/admin/index/user_list.html [运行时间：0.062003s][吞吐率：16.13req/s] [内存消耗：1,358.08kb] [文件加载：51]
[ info ] [ LANG ] D:\phpStudy\WWW\admin\bxg\bxgAdmin\thinkphp\lang\zh-cn.php
[ info ] [ ROUTE ] array (
  'type' => 'module',
  'module' => 
  array (
    0 => 'admin',
    1 => 'index',
    2 => 'user_list',
  ),
)
[ info ] [ HEADER ] array (
  'cookie' => 'thinkphp_show_page_trace=0|0; thinkphp_show_page_trace=0|0; thinkphp_show_page_trace=0|0',
  'accept-language' => 'zh-CN,zh;q=0.8',
  'accept-encoding' => 'gzip, deflate, br',
  'referer' => 'http://127.0.0.2/index.php/admin',
  'accept' => 'text/html,application/xhtml+xml,application/xml;q=0.9,image/webp,image/apng,*/*;q=0.8',
  'user-agent' => 'Mozilla/5.0 (Windows NT 6.1; WOW64) AppleWebKit/537.36 (KHTML, like Gecko) Chrome/61.0.3163.91 Safari/537.36',
  'upgrade-insecure-requests' => '1',
  'connection' => 'close',
  'host' => '127.0.0.2',
)
[ info ] [ PARAM ] array (
)
[ info ] [ RUN ] app\admin\controller\Index->user_list[ D:\phpStudy\WWW\admin\bxg\bxgAdmin\application\admin\controller\Index.php ]
[ info ] [ VIEW ] D:\phpStudy\WWW\admin\bxg\bxgAdmin/./application/admin\view\index\user_list.html [ array (
) ]
[ info ] [ LOG ] INIT File
---------------------------------------------------------------
[ 2017-11-01T09:54:14+08:00 ] 127.0.0.2 127.0.0.1 GET /index.php/admin/index/user_info.html
[ info ] 127.0.0.2/index.php/admin/index/user_info.html [运行时间：0.050003s][吞吐率：20.00req/s] [内存消耗：1,561.53kb] [文件加载：51]
[ info ] [ LANG ] D:\phpStudy\WWW\admin\bxg\bxgAdmin\thinkphp\lang\zh-cn.php
[ info ] [ ROUTE ] array (
  'type' => 'module',
  'module' => 
  array (
    0 => 'admin',
    1 => 'index',
    2 => 'user_info',
  ),
)
[ info ] [ HEADER ] array (
  'cookie' => 'thinkphp_show_page_trace=0|0; thinkphp_show_page_trace=0|0; thinkphp_show_page_trace=0|0',
  'accept-language' => 'zh-CN,zh;q=0.8',
  'accept-encoding' => 'gzip, deflate, br',
  'referer' => 'http://127.0.0.2/index.php/admin/index/user_list.html',
  'accept' => 'text/html,application/xhtml+xml,application/xml;q=0.9,image/webp,image/apng,*/*;q=0.8',
  'user-agent' => 'Mozilla/5.0 (Windows NT 6.1; WOW64) AppleWebKit/537.36 (KHTML, like Gecko) Chrome/61.0.3163.91 Safari/537.36',
  'upgrade-insecure-requests' => '1',
  'connection' => 'close',
  'host' => '127.0.0.2',
)
[ info ] [ PARAM ] array (
)
[ info ] [ RUN ] app\admin\controller\Index->user_info[ D:\phpStudy\WWW\admin\bxg\bxgAdmin\application\admin\controller\Index.php ]
[ info ] [ VIEW ] D:\phpStudy\WWW\admin\bxg\bxgAdmin/./application/admin\view\index\user_info.html [ array (
) ]
[ info ] [ LOG ] INIT File
---------------------------------------------------------------
[ 2017-11-01T09:54:20+08:00 ] 127.0.0.2 127.0.0.1 GET /index.php/admin/index/order_detail.html
[ info ] 127.0.0.2/index.php/admin/index/order_detail.html [运行时间：0.043002s][吞吐率：23.25req/s] [内存消耗：1,297.55kb] [文件加载：50]
[ info ] [ LANG ] D:\phpStudy\WWW\admin\bxg\bxgAdmin\thinkphp\lang\zh-cn.php
[ info ] [ ROUTE ] array (
  'type' => 'module',
  'module' => 
  array (
    0 => 'admin',
    1 => 'index',
    2 => 'order_detail',
  ),
)
[ info ] [ HEADER ] array (
  'cookie' => 'thinkphp_show_page_trace=0|0; thinkphp_show_page_trace=0|0; thinkphp_show_page_trace=0|0',
  'accept-language' => 'zh-CN,zh;q=0.8',
  'accept-encoding' => 'gzip, deflate, br',
  'referer' => 'http://127.0.0.2/index.php/admin/index/user_info.html',
  'accept' => 'text/html,application/xhtml+xml,application/xml;q=0.9,image/webp,image/apng,*/*;q=0.8',
  'user-agent' => 'Mozilla/5.0 (Windows NT 6.1; WOW64) AppleWebKit/537.36 (KHTML, like Gecko) Chrome/61.0.3163.91 Safari/537.36',
  'upgrade-insecure-requests' => '1',
  'connection' => 'close',
  'host' => '127.0.0.2',
)
[ info ] [ PARAM ] array (
)
[ info ] [ RUN ] app\admin\controller\Index->order_detail[ D:\phpStudy\WWW\admin\bxg\bxgAdmin\application\admin\controller\Index.php ]
[ info ] [ VIEW ] D:\phpStudy\WWW\admin\bxg\bxgAdmin/./application/admin\view\index\order_detail.html [ array (
) ]
[ info ] [ LOG ] INIT File
---------------------------------------------------------------
[ 2017-11-01T10:01:22+08:00 ] 127.0.0.5 127.0.0.1 GET /index.php/admin
[ info ] 127.0.0.5/index.php/admin [运行时间：0.066003s][吞吐率：15.15req/s] [内存消耗：1,425.74kb] [文件加载：54]
[ info ] [ LANG ] D:\phpStudy\WWW\newbxg\bxgAdmin\thinkphp\lang\zh-cn.php
[ info ] [ ROUTE ] array (
  'type' => 'module',
  'module' => 
  array (
    0 => 'admin',
    1 => NULL,
    2 => NULL,
  ),
)
[ info ] [ HEADER ] array (
  'cookie' => 'thinkphp_show_page_trace=0|0',
  'accept-language' => 'zh-CN,zh;q=0.8',
  'accept-encoding' => 'gzip, deflate, br',
  'accept' => 'text/html,application/xhtml+xml,application/xml;q=0.9,image/webp,image/apng,*/*;q=0.8',
  'user-agent' => 'Mozilla/5.0 (Windows NT 6.1; Win64; x64) AppleWebKit/537.36 (KHTML, like Gecko) Chrome/60.0.3112.90 Safari/537.36',
  'upgrade-insecure-requests' => '1',
  'connection' => 'close',
  'host' => '127.0.0.5',
)
[ info ] [ PARAM ] array (
)
[ info ] [ VIEW ] D:\phpStudy\WWW\newbxg\bxgAdmin/./application/admin\view\index\index.html [ array (
) ]
[ info ] [ LOG ] INIT File
---------------------------------------------------------------
[ 2017-11-01T10:01:40+08:00 ] 127.0.0.5 127.0.0.1 GET /index.php/admin
[ info ] 127.0.0.5/index.php/admin [运行时间：0.027002s][吞吐率：37.03req/s] [内存消耗：1,261.79kb] [文件加载：49]
[ info ] [ LANG ] D:\phpStudy\WWW\newbxg\bxgAdmin\thinkphp\lang\zh-cn.php
[ info ] [ ROUTE ] array (
  'type' => 'module',
  'module' => 
  array (
    0 => 'admin',
    1 => NULL,
    2 => NULL,
  ),
)
[ info ] [ HEADER ] array (
  'cookie' => 'thinkphp_show_page_trace=0|0',
  'accept-language' => 'zh-CN,zh;q=0.8',
  'accept-encoding' => 'gzip, deflate, br',
  'accept' => 'text/html,application/xhtml+xml,application/xml;q=0.9,image/webp,image/apng,*/*;q=0.8',
  'user-agent' => 'Mozilla/5.0 (Windows NT 6.1; Win64; x64) AppleWebKit/537.36 (KHTML, like Gecko) Chrome/60.0.3112.90 Safari/537.36',
  'upgrade-insecure-requests' => '1',
  'cache-control' => 'max-age=0',
  'connection' => 'close',
  'host' => '127.0.0.5',
)
[ info ] [ PARAM ] array (
)
[ info ] [ VIEW ] D:\phpStudy\WWW\newbxg\bxgAdmin/./application/admin\view\index\index.html [ array (
) ]
[ info ] [ RUN ] app\admin\controller\Index->index[ D:\phpStudy\WWW\newbxg\bxgAdmin\application\admin\controller\Index.php ]
[ info ] [ LOG ] INIT File
---------------------------------------------------------------
[ 2017-11-01T10:01:47+08:00 ] 127.0.0.5 127.0.0.1 GET /index.php/admin
[ info ] 127.0.0.5/index.php/admin [运行时间：0.036002s][吞吐率：27.78req/s] [内存消耗：1,270.02kb] [文件加载：49]
[ info ] [ LANG ] D:\phpStudy\WWW\newbxg\bxgAdmin\thinkphp\lang\zh-cn.php
[ info ] [ ROUTE ] array (
  'type' => 'module',
  'module' => 
  array (
    0 => 'admin',
    1 => NULL,
    2 => NULL,
  ),
)
[ info ] [ HEADER ] array (
  'cookie' => 'thinkphp_show_page_trace=0|0',
  'accept-language' => 'zh-CN,zh;q=0.8',
  'accept-encoding' => 'gzip, deflate, br',
  'accept' => 'text/html,application/xhtml+xml,application/xml;q=0.9,image/webp,image/apng,*/*;q=0.8',
  'user-agent' => 'Mozilla/5.0 (Windows NT 6.1; Win64; x64) AppleWebKit/537.36 (KHTML, like Gecko) Chrome/60.0.3112.90 Safari/537.36',
  'upgrade-insecure-requests' => '1',
  'cache-control' => 'max-age=0',
  'connection' => 'close',
  'host' => '127.0.0.5',
)
[ info ] [ PARAM ] array (
)
[ info ] [ VIEW ] D:\phpStudy\WWW\newbxg\bxgAdmin/./application/admin\view\index\index.html [ array (
) ]
[ info ] [ RUN ] app\admin\controller\Index->index[ D:\phpStudy\WWW\newbxg\bxgAdmin\application\admin\controller\Index.php ]
[ info ] [ VIEW ] D:\phpStudy\WWW\newbxg\bxgAdmin/./application/admin\view\index\index.html [ array (
) ]
[ info ] [ LOG ] INIT File
---------------------------------------------------------------
[ 2017-11-01T10:01:47+08:00 ] 127.0.0.5 127.0.0.1 GET /index.php/admin/index/index_v.html
[ info ] 127.0.0.5/index.php/admin/index/index_v.html [运行时间：0.033002s][吞吐率：30.30req/s] [内存消耗：1,260.13kb] [文件加载：48]
[ info ] [ LANG ] D:\phpStudy\WWW\newbxg\bxgAdmin\thinkphp\lang\zh-cn.php
[ info ] [ ROUTE ] array (
  'type' => 'module',
  'module' => 
  array (
    0 => 'admin',
    1 => 'index',
    2 => 'index_v',
  ),
)
[ info ] [ HEADER ] array (
  'cookie' => 'thinkphp_show_page_trace=0|0; thinkphp_show_page_trace=0|0',
  'accept-language' => 'zh-CN,zh;q=0.8',
  'accept-encoding' => 'gzip, deflate, br',
  'referer' => 'http://127.0.0.5/index.php/admin',
  'accept' => 'text/html,application/xhtml+xml,application/xml;q=0.9,image/webp,image/apng,*/*;q=0.8',
  'user-agent' => 'Mozilla/5.0 (Windows NT 6.1; Win64; x64) AppleWebKit/537.36 (KHTML, like Gecko) Chrome/60.0.3112.90 Safari/537.36',
  'upgrade-insecure-requests' => '1',
  'connection' => 'close',
  'host' => '127.0.0.5',
)
[ info ] [ PARAM ] array (
)
[ info ] [ VIEW ] D:\phpStudy\WWW\newbxg\bxgAdmin/./application/admin\view\index\index_v.html [ array (
) ]
[ info ] [ RUN ] app\admin\controller\Index->index_v[ D:\phpStudy\WWW\newbxg\bxgAdmin\application\admin\controller\Index.php ]
[ info ] [ VIEW ] D:\phpStudy\WWW\newbxg\bxgAdmin/./application/admin\view\index\index_v.html [ array (
) ]
[ info ] [ LOG ] INIT File
---------------------------------------------------------------
[ 2017-11-01T10:01:51+08:00 ] 127.0.0.5 127.0.0.1 GET /index.php/admin/index/user_list.html
[ info ] 127.0.0.5/index.php/admin/index/user_list.html [运行时间：0.264015s][吞吐率：3.79req/s] [内存消耗：2,378.08kb] [文件加载：67]
[ info ] [ LANG ] D:\phpStudy\WWW\newbxg\bxgAdmin\thinkphp\lang\zh-cn.php
[ info ] [ ROUTE ] array (
  'type' => 'module',
  'module' => 
  array (
    0 => 'admin',
    1 => 'index',
    2 => 'user_list',
  ),
)
[ info ] [ HEADER ] array (
  'cookie' => 'thinkphp_show_page_trace=0|0; thinkphp_show_page_trace=0|0',
  'accept-language' => 'zh-CN,zh;q=0.8',
  'accept-encoding' => 'gzip, deflate, br',
  'referer' => 'http://127.0.0.5/index.php/admin',
  'accept' => 'text/html,application/xhtml+xml,application/xml;q=0.9,image/webp,image/apng,*/*;q=0.8',
  'user-agent' => 'Mozilla/5.0 (Windows NT 6.1; Win64; x64) AppleWebKit/537.36 (KHTML, like Gecko) Chrome/60.0.3112.90 Safari/537.36',
  'upgrade-insecure-requests' => '1',
  'connection' => 'close',
  'host' => '127.0.0.5',
)
[ info ] [ PARAM ] array (
)
[ info ] [ VIEW ] D:\phpStudy\WWW\newbxg\bxgAdmin/./application/admin\view\index\user_list.html [ array (
) ]
[ info ] [ RUN ] app\admin\controller\Index->user_list[ D:\phpStudy\WWW\newbxg\bxgAdmin\application\admin\controller\Index.php ]
[ info ] [ DB ] INIT mysql
[ info ] [ VIEW ] D:\phpStudy\WWW\newbxg\bxgAdmin/./application/admin\view\index\user_list.html [ array (
  0 => 'arr',
) ]
[ info ] [ LOG ] INIT File
[ sql ] [ DB ] CONNECT:[ UseTime:0.003000s ] mysql:dbname=bxgogo;host=127.0.0.1;charset=utf8
[ sql ] [ SQL ] SHOW COLUMNS FROM `user_info` [ RunTime:0.029002s ]
[ sql ] [ SQL ] SELECT COUNT(*) AS tp_count FROM `user_info` LIMIT 1 [ RunTime:0.000000s ]
[ sql ] [ SQL ] SELECT * FROM `user_info` LIMIT 0,3 [ RunTime:0.001000s ]
[ sql ] [ SQL ] SHOW COLUMNS FROM `user_wallt` [ RunTime:0.029002s ]
[ sql ] [ SQL ] SELECT * FROM `user_wallt` WHERE  `uId` IN (20144230042,123) [ RunTime:0.001000s ]
[ sql ] [ SQL ] SHOW COLUMNS FROM `user_basic_order` [ RunTime:0.029001s ]
[ sql ] [ SQL ] SELECT * FROM `user_basic_order` WHERE  `uId` IN (20144230042,123) [ RunTime:0.001001s ]
---------------------------------------------------------------
[ 2017-11-01T10:02:51+08:00 ] 127.0.0.5 127.0.0.1 GET /index.php/admin
[ info ] 127.0.0.5/index.php/admin [运行时间：0.027002s][吞吐率：37.03req/s] [内存消耗：1,269.73kb] [文件加载：49]
[ info ] [ LANG ] D:\phpStudy\WWW\newbxg\bxgAdmin\thinkphp\lang\zh-cn.php
[ info ] [ ROUTE ] array (
  'type' => 'module',
  'module' => 
  array (
    0 => 'admin',
    1 => NULL,
    2 => NULL,
  ),
)
[ info ] [ HEADER ] array (
  'cookie' => 'thinkphp_show_page_trace=0|0',
  'accept-language' => 'zh-CN,zh;q=0.8',
  'accept-encoding' => 'gzip, deflate, br',
  'accept' => 'text/html,application/xhtml+xml,application/xml;q=0.9,image/webp,image/apng,*/*;q=0.8',
  'user-agent' => 'Mozilla/5.0 (Windows NT 6.1; Win64; x64) AppleWebKit/537.36 (KHTML, like Gecko) Chrome/60.0.3112.90 Safari/537.36',
  'upgrade-insecure-requests' => '1',
  'cache-control' => 'max-age=0',
  'connection' => 'close',
  'host' => '127.0.0.5',
)
[ info ] [ PARAM ] array (
)
[ info ] [ RUN ] app\admin\controller\Index->index[ D:\phpStudy\WWW\newbxg\bxgAdmin\application\admin\controller\Index.php ]
[ info ] [ VIEW ] D:\phpStudy\WWW\newbxg\bxgAdmin/./application/admin\view\index\index.html [ array (
) ]
[ info ] [ LOG ] INIT File
---------------------------------------------------------------
[ 2017-11-01T10:02:51+08:00 ] 127.0.0.5 127.0.0.1 GET /index.php/admin/index/index_v.html
[ info ] 127.0.0.5/index.php/admin/index/index_v.html [运行时间：0.028001s][吞吐率：35.71req/s] [内存消耗：1,259.84kb] [文件加载：48]
[ info ] [ LANG ] D:\phpStudy\WWW\newbxg\bxgAdmin\thinkphp\lang\zh-cn.php
[ info ] [ ROUTE ] array (
  'type' => 'module',
  'module' => 
  array (
    0 => 'admin',
    1 => 'index',
    2 => 'index_v',
  ),
)
[ info ] [ HEADER ] array (
  'cookie' => 'thinkphp_show_page_trace=0|0; thinkphp_show_page_trace=0|0',
  'accept-language' => 'zh-CN,zh;q=0.8',
  'accept-encoding' => 'gzip, deflate, br',
  'referer' => 'http://127.0.0.5/index.php/admin',
  'accept' => 'text/html,application/xhtml+xml,application/xml;q=0.9,image/webp,image/apng,*/*;q=0.8',
  'user-agent' => 'Mozilla/5.0 (Windows NT 6.1; Win64; x64) AppleWebKit/537.36 (KHTML, like Gecko) Chrome/60.0.3112.90 Safari/537.36',
  'upgrade-insecure-requests' => '1',
  'connection' => 'close',
  'host' => '127.0.0.5',
)
[ info ] [ PARAM ] array (
)
[ info ] [ RUN ] app\admin\controller\Index->index_v[ D:\phpStudy\WWW\newbxg\bxgAdmin\application\admin\controller\Index.php ]
[ info ] [ VIEW ] D:\phpStudy\WWW\newbxg\bxgAdmin/./application/admin\view\index\index_v.html [ array (
) ]
[ info ] [ LOG ] INIT File
---------------------------------------------------------------
[ 2017-11-01T10:02:53+08:00 ] 127.0.0.5 127.0.0.1 GET /index.php/admin/index/user_list.html
[ info ] 127.0.0.5/index.php/admin/index/user_list.html [运行时间：0.127007s][吞吐率：7.87req/s] [内存消耗：2,244.41kb] [文件加载：65]
[ info ] [ LANG ] D:\phpStudy\WWW\newbxg\bxgAdmin\thinkphp\lang\zh-cn.php
[ info ] [ ROUTE ] array (
  'type' => 'module',
  'module' => 
  array (
    0 => 'admin',
    1 => 'index',
    2 => 'user_list',
  ),
)
[ info ] [ HEADER ] array (
  'cookie' => 'thinkphp_show_page_trace=0|0; thinkphp_show_page_trace=0|0',
  'accept-language' => 'zh-CN,zh;q=0.8',
  'accept-encoding' => 'gzip, deflate, br',
  'referer' => 'http://127.0.0.5/index.php/admin',
  'accept' => 'text/html,application/xhtml+xml,application/xml;q=0.9,image/webp,image/apng,*/*;q=0.8',
  'user-agent' => 'Mozilla/5.0 (Windows NT 6.1; Win64; x64) AppleWebKit/537.36 (KHTML, like Gecko) Chrome/60.0.3112.90 Safari/537.36',
  'upgrade-insecure-requests' => '1',
  'connection' => 'close',
  'host' => '127.0.0.5',
)
[ info ] [ PARAM ] array (
)
[ info ] [ RUN ] app\admin\controller\Index->user_list[ D:\phpStudy\WWW\newbxg\bxgAdmin\application\admin\controller\Index.php ]
[ info ] [ DB ] INIT mysql
[ info ] [ VIEW ] D:\phpStudy\WWW\newbxg\bxgAdmin/./application/admin\view\index\user_list.html [ array (
  0 => 'arr',
) ]
[ info ] [ LOG ] INIT File
[ sql ] [ DB ] CONNECT:[ UseTime:0.002000s ] mysql:dbname=bxgogo;host=127.0.0.1;charset=utf8
[ sql ] [ SQL ] SHOW COLUMNS FROM `user_info` [ RunTime:0.029001s ]
[ sql ] [ SQL ] SELECT COUNT(*) AS tp_count FROM `user_info` LIMIT 1 [ RunTime:0.001000s ]
[ sql ] [ SQL ] SELECT * FROM `user_info` LIMIT 0,3 [ RunTime:0.000000s ]
[ sql ] [ SQL ] SHOW COLUMNS FROM `user_wallt` [ RunTime:0.025002s ]
[ sql ] [ SQL ] SELECT * FROM `user_wallt` WHERE  `uId` IN (20144230042,123) [ RunTime:0.001000s ]
[ sql ] [ SQL ] SHOW COLUMNS FROM `user_basic_order` [ RunTime:0.028002s ]
[ sql ] [ SQL ] SELECT * FROM `user_basic_order` WHERE  `uId` IN (20144230042,123) [ RunTime:0.001000s ]
---------------------------------------------------------------
[ 2017-11-01T10:03:01+08:00 ] 127.0.0.5 127.0.0.1 GET /index.php/admin
[ info ] 127.0.0.5/index.php/admin [运行时间：0.027002s][吞吐率：37.03req/s] [内存消耗：1,269.73kb] [文件加载：49]
[ info ] [ LANG ] D:\phpStudy\WWW\newbxg\bxgAdmin\thinkphp\lang\zh-cn.php
[ info ] [ ROUTE ] array (
  'type' => 'module',
  'module' => 
  array (
    0 => 'admin',
    1 => NULL,
    2 => NULL,
  ),
)
[ info ] [ HEADER ] array (
  'cookie' => 'thinkphp_show_page_trace=0|0',
  'accept-language' => 'zh-CN,zh;q=0.8',
  'accept-encoding' => 'gzip, deflate, br',
  'accept' => 'text/html,application/xhtml+xml,application/xml;q=0.9,image/webp,image/apng,*/*;q=0.8',
  'user-agent' => 'Mozilla/5.0 (Windows NT 6.1; Win64; x64) AppleWebKit/537.36 (KHTML, like Gecko) Chrome/60.0.3112.90 Safari/537.36',
  'upgrade-insecure-requests' => '1',
  'cache-control' => 'max-age=0',
  'connection' => 'close',
  'host' => '127.0.0.5',
)
[ info ] [ PARAM ] array (
)
[ info ] [ RUN ] app\admin\controller\Index->index[ D:\phpStudy\WWW\newbxg\bxgAdmin\application\admin\controller\Index.php ]
[ info ] [ VIEW ] D:\phpStudy\WWW\newbxg\bxgAdmin/./application/admin\view\index\index.html [ array (
) ]
[ info ] [ LOG ] INIT File
---------------------------------------------------------------
[ 2017-11-01T10:03:01+08:00 ] 127.0.0.5 127.0.0.1 GET /index.php/admin/index/index_v.html
[ info ] 127.0.0.5/index.php/admin/index/index_v.html [运行时间：0.026002s][吞吐率：38.46req/s] [内存消耗：1,259.84kb] [文件加载：48]
[ info ] [ LANG ] D:\phpStudy\WWW\newbxg\bxgAdmin\thinkphp\lang\zh-cn.php
[ info ] [ ROUTE ] array (
  'type' => 'module',
  'module' => 
  array (
    0 => 'admin',
    1 => 'index',
    2 => 'index_v',
  ),
)
[ info ] [ HEADER ] array (
  'cookie' => 'thinkphp_show_page_trace=0|0; thinkphp_show_page_trace=0|0',
  'accept-language' => 'zh-CN,zh;q=0.8',
  'accept-encoding' => 'gzip, deflate, br',
  'referer' => 'http://127.0.0.5/index.php/admin',
  'accept' => 'text/html,application/xhtml+xml,application/xml;q=0.9,image/webp,image/apng,*/*;q=0.8',
  'user-agent' => 'Mozilla/5.0 (Windows NT 6.1; Win64; x64) AppleWebKit/537.36 (KHTML, like Gecko) Chrome/60.0.3112.90 Safari/537.36',
  'upgrade-insecure-requests' => '1',
  'connection' => 'close',
  'host' => '127.0.0.5',
)
[ info ] [ PARAM ] array (
)
[ info ] [ RUN ] app\admin\controller\Index->index_v[ D:\phpStudy\WWW\newbxg\bxgAdmin\application\admin\controller\Index.php ]
[ info ] [ VIEW ] D:\phpStudy\WWW\newbxg\bxgAdmin/./application/admin\view\index\index_v.html [ array (
) ]
[ info ] [ LOG ] INIT File
---------------------------------------------------------------
[ 2017-11-01T10:03:02+08:00 ] 127.0.0.5 127.0.0.1 GET /index.php/admin/index/user_list.html
[ info ] 127.0.0.5/index.php/admin/index/user_list.html [运行时间：0.124007s][吞吐率：8.06req/s] [内存消耗：2,244.41kb] [文件加载：65]
[ info ] [ LANG ] D:\phpStudy\WWW\newbxg\bxgAdmin\thinkphp\lang\zh-cn.php
[ info ] [ ROUTE ] array (
  'type' => 'module',
  'module' => 
  array (
    0 => 'admin',
    1 => 'index',
    2 => 'user_list',
  ),
)
[ info ] [ HEADER ] array (
  'cookie' => 'thinkphp_show_page_trace=0|0; thinkphp_show_page_trace=0|0',
  'accept-language' => 'zh-CN,zh;q=0.8',
  'accept-encoding' => 'gzip, deflate, br',
  'referer' => 'http://127.0.0.5/index.php/admin',
  'accept' => 'text/html,application/xhtml+xml,application/xml;q=0.9,image/webp,image/apng,*/*;q=0.8',
  'user-agent' => 'Mozilla/5.0 (Windows NT 6.1; Win64; x64) AppleWebKit/537.36 (KHTML, like Gecko) Chrome/60.0.3112.90 Safari/537.36',
  'upgrade-insecure-requests' => '1',
  'connection' => 'close',
  'host' => '127.0.0.5',
)
[ info ] [ PARAM ] array (
)
[ info ] [ RUN ] app\admin\controller\Index->user_list[ D:\phpStudy\WWW\newbxg\bxgAdmin\application\admin\controller\Index.php ]
[ info ] [ DB ] INIT mysql
[ info ] [ VIEW ] D:\phpStudy\WWW\newbxg\bxgAdmin/./application/admin\view\index\user_list.html [ array (
  0 => 'arr',
) ]
[ info ] [ LOG ] INIT File
[ sql ] [ DB ] CONNECT:[ UseTime:0.002000s ] mysql:dbname=bxgogo;host=127.0.0.1;charset=utf8
[ sql ] [ SQL ] SHOW COLUMNS FROM `user_info` [ RunTime:0.029002s ]
[ sql ] [ SQL ] SELECT COUNT(*) AS tp_count FROM `user_info` LIMIT 1 [ RunTime:0.000000s ]
[ sql ] [ SQL ] SELECT * FROM `user_info` LIMIT 0,3 [ RunTime:0.001000s ]
[ sql ] [ SQL ] SHOW COLUMNS FROM `user_wallt` [ RunTime:0.027002s ]
[ sql ] [ SQL ] SELECT * FROM `user_wallt` WHERE  `uId` IN (20144230042,123) [ RunTime:0.000000s ]
[ sql ] [ SQL ] SHOW COLUMNS FROM `user_basic_order` [ RunTime:0.025001s ]
[ sql ] [ SQL ] SELECT * FROM `user_basic_order` WHERE  `uId` IN (20144230042,123) [ RunTime:0.001000s ]
---------------------------------------------------------------
[ 2017-11-01T10:03:27+08:00 ] 127.0.0.5 127.0.0.1 GET /index.php/admin
[ info ] 127.0.0.5/index.php/admin [运行时间：0.039002s][吞吐率：25.64req/s] [内存消耗：1,269.73kb] [文件加载：49]
[ info ] [ LANG ] D:\phpStudy\WWW\newbxg\bxgAdmin\thinkphp\lang\zh-cn.php
[ info ] [ ROUTE ] array (
  'type' => 'module',
  'module' => 
  array (
    0 => 'admin',
    1 => NULL,
    2 => NULL,
  ),
)
[ info ] [ HEADER ] array (
  'cookie' => 'thinkphp_show_page_trace=0|0',
  'accept-language' => 'zh-CN,zh;q=0.8',
  'accept-encoding' => 'gzip, deflate, br',
  'accept' => 'text/html,application/xhtml+xml,application/xml;q=0.9,image/webp,image/apng,*/*;q=0.8',
  'user-agent' => 'Mozilla/5.0 (Windows NT 6.1; Win64; x64) AppleWebKit/537.36 (KHTML, like Gecko) Chrome/60.0.3112.90 Safari/537.36',
  'upgrade-insecure-requests' => '1',
  'cache-control' => 'max-age=0',
  'connection' => 'close',
  'host' => '127.0.0.5',
)
[ info ] [ PARAM ] array (
)
[ info ] [ RUN ] app\admin\controller\Index->index[ D:\phpStudy\WWW\newbxg\bxgAdmin\application\admin\controller\Index.php ]
[ info ] [ VIEW ] D:\phpStudy\WWW\newbxg\bxgAdmin/./application/admin\view\index\index.html [ array (
) ]
[ info ] [ LOG ] INIT File
---------------------------------------------------------------
[ 2017-11-01T10:03:27+08:00 ] 127.0.0.5 127.0.0.1 GET /index.php/admin/index/index_v.html
[ info ] 127.0.0.5/index.php/admin/index/index_v.html [运行时间：0.029002s][吞吐率：34.48req/s] [内存消耗：1,259.84kb] [文件加载：48]
[ info ] [ LANG ] D:\phpStudy\WWW\newbxg\bxgAdmin\thinkphp\lang\zh-cn.php
[ info ] [ ROUTE ] array (
  'type' => 'module',
  'module' => 
  array (
    0 => 'admin',
    1 => 'index',
    2 => 'index_v',
  ),
)
[ info ] [ HEADER ] array (
  'cookie' => 'thinkphp_show_page_trace=0|0; thinkphp_show_page_trace=0|0',
  'accept-language' => 'zh-CN,zh;q=0.8',
  'accept-encoding' => 'gzip, deflate, br',
  'referer' => 'http://127.0.0.5/index.php/admin',
  'accept' => 'text/html,application/xhtml+xml,application/xml;q=0.9,image/webp,image/apng,*/*;q=0.8',
  'user-agent' => 'Mozilla/5.0 (Windows NT 6.1; Win64; x64) AppleWebKit/537.36 (KHTML, like Gecko) Chrome/60.0.3112.90 Safari/537.36',
  'upgrade-insecure-requests' => '1',
  'connection' => 'close',
  'host' => '127.0.0.5',
)
[ info ] [ PARAM ] array (
)
[ info ] [ RUN ] app\admin\controller\Index->index_v[ D:\phpStudy\WWW\newbxg\bxgAdmin\application\admin\controller\Index.php ]
[ info ] [ VIEW ] D:\phpStudy\WWW\newbxg\bxgAdmin/./application/admin\view\index\index_v.html [ array (
) ]
[ info ] [ LOG ] INIT File
---------------------------------------------------------------
[ 2017-11-01T10:03:29+08:00 ] 127.0.0.5 127.0.0.1 GET /index.php/admin/index/user_list.html
[ info ] 127.0.0.5/index.php/admin/index/user_list.html [运行时间：0.131008s][吞吐率：7.63req/s] [内存消耗：2,244.41kb] [文件加载：65]
[ info ] [ LANG ] D:\phpStudy\WWW\newbxg\bxgAdmin\thinkphp\lang\zh-cn.php
[ info ] [ ROUTE ] array (
  'type' => 'module',
  'module' => 
  array (
    0 => 'admin',
    1 => 'index',
    2 => 'user_list',
  ),
)
[ info ] [ HEADER ] array (
  'cookie' => 'thinkphp_show_page_trace=0|0; thinkphp_show_page_trace=0|0',
  'accept-language' => 'zh-CN,zh;q=0.8',
  'accept-encoding' => 'gzip, deflate, br',
  'referer' => 'http://127.0.0.5/index.php/admin',
  'accept' => 'text/html,application/xhtml+xml,application/xml;q=0.9,image/webp,image/apng,*/*;q=0.8',
  'user-agent' => 'Mozilla/5.0 (Windows NT 6.1; Win64; x64) AppleWebKit/537.36 (KHTML, like Gecko) Chrome/60.0.3112.90 Safari/537.36',
  'upgrade-insecure-requests' => '1',
  'connection' => 'close',
  'host' => '127.0.0.5',
)
[ info ] [ PARAM ] array (
)
[ info ] [ RUN ] app\admin\controller\Index->user_list[ D:\phpStudy\WWW\newbxg\bxgAdmin\application\admin\controller\Index.php ]
[ info ] [ DB ] INIT mysql
[ info ] [ VIEW ] D:\phpStudy\WWW\newbxg\bxgAdmin/./application/admin\view\index\user_list.html [ array (
  0 => 'arr',
) ]
[ info ] [ LOG ] INIT File
[ sql ] [ DB ] CONNECT:[ UseTime:0.002000s ] mysql:dbname=bxgogo;host=127.0.0.1;charset=utf8
[ sql ] [ SQL ] SHOW COLUMNS FROM `user_info` [ RunTime:0.031002s ]
[ sql ] [ SQL ] SELECT COUNT(*) AS tp_count FROM `user_info` LIMIT 1 [ RunTime:0.001000s ]
[ sql ] [ SQL ] SELECT * FROM `user_info` LIMIT 0,3 [ RunTime:0.001000s ]
[ sql ] [ SQL ] SHOW COLUMNS FROM `user_wallt` [ RunTime:0.029001s ]
[ sql ] [ SQL ] SELECT * FROM `user_wallt` WHERE  `uId` IN (20144230042,123) [ RunTime:0.001000s ]
[ sql ] [ SQL ] SHOW COLUMNS FROM `user_basic_order` [ RunTime:0.028002s ]
[ sql ] [ SQL ] SELECT * FROM `user_basic_order` WHERE  `uId` IN (20144230042,123) [ RunTime:0.001000s ]
---------------------------------------------------------------
[ 2017-11-01T10:03:33+08:00 ] 127.0.0.5 127.0.0.1 GET /index.php/admin/index/user_info.html
[ info ] 127.0.0.5/index.php/admin/index/user_info.html [运行时间：0.102006s][吞吐率：9.80req/s] [内存消耗：2,121.09kb] [文件加载：65]
[ info ] [ LANG ] D:\phpStudy\WWW\newbxg\bxgAdmin\thinkphp\lang\zh-cn.php
[ info ] [ ROUTE ] array (
  'type' => 'module',
  'module' => 
  array (
    0 => 'admin',
    1 => 'index',
    2 => 'user_info',
  ),
)
[ info ] [ HEADER ] array (
  'cookie' => 'thinkphp_show_page_trace=0|0; thinkphp_show_page_trace=0|0',
  'accept-language' => 'zh-CN,zh;q=0.8',
  'accept-encoding' => 'gzip, deflate, br',
  'referer' => 'http://127.0.0.5/index.php/admin/index/user_list.html',
  'accept' => 'text/html,application/xhtml+xml,application/xml;q=0.9,image/webp,image/apng,*/*;q=0.8',
  'user-agent' => 'Mozilla/5.0 (Windows NT 6.1; Win64; x64) AppleWebKit/537.36 (KHTML, like Gecko) Chrome/60.0.3112.90 Safari/537.36',
  'upgrade-insecure-requests' => '1',
  'connection' => 'close',
  'host' => '127.0.0.5',
)
[ info ] [ PARAM ] array (
)
[ info ] [ RUN ] app\admin\controller\Index->user_info[ D:\phpStudy\WWW\newbxg\bxgAdmin\application\admin\controller\Index.php ]
[ info ] [ DB ] INIT mysql
[ info ] [ LOG ] INIT File
[ sql ] [ DB ] CONNECT:[ UseTime:0.010000s ] mysql:dbname=bxgogo;host=127.0.0.1;charset=utf8
[ sql ] [ SQL ] SHOW COLUMNS FROM `user_info` [ RunTime:0.023002s ]
[ sql ] [ SQL ] SELECT * FROM `user_info` WHERE  `uId` = null LIMIT 1 [ RunTime:0.001000s ]
[ error ] [0]致命错误: Call to a member function toArray() on null[D:\phpStudy\WWW\newbxg\bxgAdmin\application\admin\controller\Index.php:48]
---------------------------------------------------------------
[ 2017-11-01T10:04:17+08:00 ] 127.0.0.5 127.0.0.1 GET /index.php/admin
[ info ] 127.0.0.5/index.php/admin [运行时间：0.026002s][吞吐率：38.46req/s] [内存消耗：1,268.55kb] [文件加载：49]
[ info ] [ LANG ] D:\phpStudy\WWW\newbxg\bxgAdmin\thinkphp\lang\zh-cn.php
[ info ] [ ROUTE ] array (
  'type' => 'module',
  'module' => 
  array (
    0 => 'admin',
    1 => NULL,
    2 => NULL,
  ),
)
[ info ] [ HEADER ] array (
  'cookie' => 'thinkphp_show_page_trace=0|0',
  'accept-language' => 'zh-CN,zh;q=0.8',
  'accept-encoding' => 'gzip, deflate, br',
  'accept' => 'text/html,application/xhtml+xml,application/xml;q=0.9,image/webp,image/apng,*/*;q=0.8',
  'user-agent' => 'Mozilla/5.0 (Windows NT 6.1; Win64; x64) AppleWebKit/537.36 (KHTML, like Gecko) Chrome/60.0.3112.90 Safari/537.36',
  'upgrade-insecure-requests' => '1',
  'cache-control' => 'max-age=0',
  'connection' => 'close',
  'host' => '127.0.0.5',
)
[ info ] [ PARAM ] array (
)
[ info ] [ RUN ] app\admin\controller\Index->index[ D:\phpStudy\WWW\newbxg\bxgAdmin\application\admin\controller\Index.php ]
[ info ] [ VIEW ] D:\phpStudy\WWW\newbxg\bxgAdmin/./application/admin\view\index\index.html [ array (
) ]
[ info ] [ LOG ] INIT File
---------------------------------------------------------------
[ 2017-11-01T10:04:18+08:00 ] 127.0.0.5 127.0.0.1 GET /index.php/admin/index/index_v.html
[ info ] 127.0.0.5/index.php/admin/index/index_v.html [运行时间：0.041003s][吞吐率：24.39req/s] [内存消耗：1,259.84kb] [文件加载：48]
[ info ] [ LANG ] D:\phpStudy\WWW\newbxg\bxgAdmin\thinkphp\lang\zh-cn.php
[ info ] [ ROUTE ] array (
  'type' => 'module',
  'module' => 
  array (
    0 => 'admin',
    1 => 'index',
    2 => 'index_v',
  ),
)
[ info ] [ HEADER ] array (
  'cookie' => 'thinkphp_show_page_trace=0|0; thinkphp_show_page_trace=0|0',
  'accept-language' => 'zh-CN,zh;q=0.8',
  'accept-encoding' => 'gzip, deflate, br',
  'referer' => 'http://127.0.0.5/index.php/admin',
  'accept' => 'text/html,application/xhtml+xml,application/xml;q=0.9,image/webp,image/apng,*/*;q=0.8',
  'user-agent' => 'Mozilla/5.0 (Windows NT 6.1; Win64; x64) AppleWebKit/537.36 (KHTML, like Gecko) Chrome/60.0.3112.90 Safari/537.36',
  'upgrade-insecure-requests' => '1',
  'connection' => 'close',
  'host' => '127.0.0.5',
)
[ info ] [ PARAM ] array (
)
[ info ] [ RUN ] app\admin\controller\Index->index_v[ D:\phpStudy\WWW\newbxg\bxgAdmin\application\admin\controller\Index.php ]
[ info ] [ VIEW ] D:\phpStudy\WWW\newbxg\bxgAdmin/./application/admin\view\index\index_v.html [ array (
) ]
[ info ] [ LOG ] INIT File
---------------------------------------------------------------
[ 2017-11-01T10:04:20+08:00 ] 127.0.0.5 127.0.0.1 GET /index.php/admin/index/user_list.html
[ info ] 127.0.0.5/index.php/admin/index/user_list.html [运行时间：0.140008s][吞吐率：7.14req/s] [内存消耗：2,241.17kb] [文件加载：65]
[ info ] [ LANG ] D:\phpStudy\WWW\newbxg\bxgAdmin\thinkphp\lang\zh-cn.php
[ info ] [ ROUTE ] array (
  'type' => 'module',
  'module' => 
  array (
    0 => 'admin',
    1 => 'index',
    2 => 'user_list',
  ),
)
[ info ] [ HEADER ] array (
  'cookie' => 'thinkphp_show_page_trace=0|0; thinkphp_show_page_trace=0|0',
  'accept-language' => 'zh-CN,zh;q=0.8',
  'accept-encoding' => 'gzip, deflate, br',
  'referer' => 'http://127.0.0.5/index.php/admin',
  'accept' => 'text/html,application/xhtml+xml,application/xml;q=0.9,image/webp,image/apng,*/*;q=0.8',
  'user-agent' => 'Mozilla/5.0 (Windows NT 6.1; Win64; x64) AppleWebKit/537.36 (KHTML, like Gecko) Chrome/60.0.3112.90 Safari/537.36',
  'upgrade-insecure-requests' => '1',
  'connection' => 'close',
  'host' => '127.0.0.5',
)
[ info ] [ PARAM ] array (
)
[ info ] [ RUN ] app\admin\controller\Index->user_list[ D:\phpStudy\WWW\newbxg\bxgAdmin\application\admin\controller\Index.php ]
[ info ] [ DB ] INIT mysql
[ info ] [ VIEW ] D:\phpStudy\WWW\newbxg\bxgAdmin/./application/admin\view\index\user_list.html [ array (
  0 => 'arr',
) ]
[ info ] [ LOG ] INIT File
[ sql ] [ DB ] CONNECT:[ UseTime:0.001000s ] mysql:dbname=bxgogo;host=127.0.0.1;charset=utf8
[ sql ] [ SQL ] SHOW COLUMNS FROM `user_info` [ RunTime:0.028002s ]
[ sql ] [ SQL ] SELECT COUNT(*) AS tp_count FROM `user_info` LIMIT 1 [ RunTime:0.001000s ]
[ sql ] [ SQL ] SELECT * FROM `user_info` LIMIT 0,3 [ RunTime:0.001000s ]
[ sql ] [ SQL ] SHOW COLUMNS FROM `user_wallt` [ RunTime:0.031001s ]
[ sql ] [ SQL ] SELECT * FROM `user_wallt` WHERE  `uId` IN (20144230042,123) [ RunTime:0.001001s ]
[ sql ] [ SQL ] SHOW COLUMNS FROM `user_basic_order` [ RunTime:0.029001s ]
[ sql ] [ SQL ] SELECT * FROM `user_basic_order` WHERE  `uId` IN (20144230042,123) [ RunTime:0.002000s ]
---------------------------------------------------------------
[ 2017-11-01T10:04:22+08:00 ] 127.0.0.5 127.0.0.1 GET /index.php/admin/index/user_info/id/20144230042.html
[ info ] 127.0.0.5/index.php/admin/index/user_info/id/20144230042.html [运行时间：0.241014s][吞吐率：4.15req/s] [内存消耗：2,269.80kb] [文件加载：63]
[ info ] [ LANG ] D:\phpStudy\WWW\newbxg\bxgAdmin\thinkphp\lang\zh-cn.php
[ info ] [ ROUTE ] array (
  'type' => 'module',
  'module' => 
  array (
    0 => 'admin',
    1 => 'index',
    2 => 'user_info',
  ),
)
[ info ] [ HEADER ] array (
  'cookie' => 'thinkphp_show_page_trace=0|0; thinkphp_show_page_trace=0|0; thinkphp_show_page_trace=0|0',
  'accept-language' => 'zh-CN,zh;q=0.8',
  'accept-encoding' => 'gzip, deflate, br',
  'referer' => 'http://127.0.0.5/index.php/admin/index/user_list.html',
  'accept' => 'text/html,application/xhtml+xml,application/xml;q=0.9,image/webp,image/apng,*/*;q=0.8',
  'user-agent' => 'Mozilla/5.0 (Windows NT 6.1; Win64; x64) AppleWebKit/537.36 (KHTML, like Gecko) Chrome/60.0.3112.90 Safari/537.36',
  'upgrade-insecure-requests' => '1',
  'connection' => 'close',
  'host' => '127.0.0.5',
)
[ info ] [ PARAM ] array (
  'id' => '20144230042',
)
[ info ] [ RUN ] app\admin\controller\Index->user_info[ D:\phpStudy\WWW\newbxg\bxgAdmin\application\admin\controller\Index.php ]
[ info ] [ DB ] INIT mysql
[ info ] [ VIEW ] D:\phpStudy\WWW\newbxg\bxgAdmin/./application/admin\view\index\user_info.html [ array (
  0 => 'arr',
) ]
[ info ] [ LOG ] INIT File
[ sql ] [ DB ] CONNECT:[ UseTime:0.002001s ] mysql:dbname=bxgogo;host=127.0.0.1;charset=utf8
[ sql ] [ SQL ] SHOW COLUMNS FROM `user_info` [ RunTime:0.031001s ]
[ sql ] [ SQL ] SELECT * FROM `user_info` WHERE  `uId` = 20144230042 LIMIT 1 [ RunTime:0.001000s ]
[ sql ] [ SQL ] SHOW COLUMNS FROM `user_honor` [ RunTime:0.031002s ]
[ sql ] [ SQL ] SELECT * FROM `user_honor` WHERE  `uId` = 20144230042 [ RunTime:0.001000s ]
[ sql ] [ SQL ] SHOW COLUMNS FROM `user_follow` [ RunTime:0.028002s ]
[ sql ] [ SQL ] SELECT * FROM `user_follow` WHERE  `uId` = 20144230042 [ RunTime:0.001000s ]
[ sql ] [ SQL ] SHOW COLUMNS FROM `user_collection` [ RunTime:0.029002s ]
[ sql ] [ SQL ] SELECT * FROM `user_collection` WHERE  `uId` = 20144230042 [ RunTime:0.001000s ]
[ sql ] [ SQL ] SHOW COLUMNS FROM `user_agreement` [ RunTime:0.029001s ]
[ sql ] [ SQL ] SELECT * FROM `user_agreement` WHERE  `uId` = 20144230042 [ RunTime:0.001000s ]
---------------------------------------------------------------
[ 2017-11-01T10:04:46+08:00 ] 127.0.0.5 127.0.0.1 GET /index.php/admin
[ info ] 127.0.0.5/index.php/admin [运行时间：0.025001s][吞吐率：40.00req/s] [内存消耗：1,268.55kb] [文件加载：49]
[ info ] [ LANG ] D:\phpStudy\WWW\newbxg\bxgAdmin\thinkphp\lang\zh-cn.php
[ info ] [ ROUTE ] array (
  'type' => 'module',
  'module' => 
  array (
    0 => 'admin',
    1 => NULL,
    2 => NULL,
  ),
)
[ info ] [ HEADER ] array (
  'cookie' => 'thinkphp_show_page_trace=0|0',
  'accept-language' => 'zh-CN,zh;q=0.8',
  'accept-encoding' => 'gzip, deflate, br',
  'accept' => 'text/html,application/xhtml+xml,application/xml;q=0.9,image/webp,image/apng,*/*;q=0.8',
  'user-agent' => 'Mozilla/5.0 (Windows NT 6.1; Win64; x64) AppleWebKit/537.36 (KHTML, like Gecko) Chrome/60.0.3112.90 Safari/537.36',
  'upgrade-insecure-requests' => '1',
  'cache-control' => 'max-age=0',
  'connection' => 'close',
  'host' => '127.0.0.5',
)
[ info ] [ PARAM ] array (
)
[ info ] [ RUN ] app\admin\controller\Index->index[ D:\phpStudy\WWW\newbxg\bxgAdmin\application\admin\controller\Index.php ]
[ info ] [ VIEW ] D:\phpStudy\WWW\newbxg\bxgAdmin/./application/admin\view\index\index.html [ array (
) ]
[ info ] [ LOG ] INIT File
---------------------------------------------------------------
[ 2017-11-01T10:04:46+08:00 ] 127.0.0.5 127.0.0.1 GET /index.php/admin/index/index_v.html
[ info ] 127.0.0.5/index.php/admin/index/index_v.html [运行时间：0.027002s][吞吐率：37.03req/s] [内存消耗：1,259.84kb] [文件加载：48]
[ info ] [ LANG ] D:\phpStudy\WWW\newbxg\bxgAdmin\thinkphp\lang\zh-cn.php
[ info ] [ ROUTE ] array (
  'type' => 'module',
  'module' => 
  array (
    0 => 'admin',
    1 => 'index',
    2 => 'index_v',
  ),
)
[ info ] [ HEADER ] array (
  'cookie' => 'thinkphp_show_page_trace=0|0; thinkphp_show_page_trace=0|0',
  'accept-language' => 'zh-CN,zh;q=0.8',
  'accept-encoding' => 'gzip, deflate, br',
  'referer' => 'http://127.0.0.5/index.php/admin',
  'accept' => 'text/html,application/xhtml+xml,application/xml;q=0.9,image/webp,image/apng,*/*;q=0.8',
  'user-agent' => 'Mozilla/5.0 (Windows NT 6.1; Win64; x64) AppleWebKit/537.36 (KHTML, like Gecko) Chrome/60.0.3112.90 Safari/537.36',
  'upgrade-insecure-requests' => '1',
  'connection' => 'close',
  'host' => '127.0.0.5',
)
[ info ] [ PARAM ] array (
)
[ info ] [ RUN ] app\admin\controller\Index->index_v[ D:\phpStudy\WWW\newbxg\bxgAdmin\application\admin\controller\Index.php ]
[ info ] [ VIEW ] D:\phpStudy\WWW\newbxg\bxgAdmin/./application/admin\view\index\index_v.html [ array (
) ]
[ info ] [ LOG ] INIT File
---------------------------------------------------------------
[ 2017-11-01T10:04:47+08:00 ] 127.0.0.5 127.0.0.1 GET /index.php/admin
[ info ] 127.0.0.5/index.php/admin [运行时间：0.027002s][吞吐率：37.03req/s] [内存消耗：1,268.55kb] [文件加载：49]
[ info ] [ LANG ] D:\phpStudy\WWW\newbxg\bxgAdmin\thinkphp\lang\zh-cn.php
[ info ] [ ROUTE ] array (
  'type' => 'module',
  'module' => 
  array (
    0 => 'admin',
    1 => NULL,
    2 => NULL,
  ),
)
[ info ] [ HEADER ] array (
  'cookie' => 'thinkphp_show_page_trace=0|0',
  'accept-language' => 'zh-CN,zh;q=0.8',
  'accept-encoding' => 'gzip, deflate, br',
  'accept' => 'text/html,application/xhtml+xml,application/xml;q=0.9,image/webp,image/apng,*/*;q=0.8',
  'user-agent' => 'Mozilla/5.0 (Windows NT 6.1; Win64; x64) AppleWebKit/537.36 (KHTML, like Gecko) Chrome/60.0.3112.90 Safari/537.36',
  'upgrade-insecure-requests' => '1',
  'cache-control' => 'max-age=0',
  'connection' => 'close',
  'host' => '127.0.0.5',
)
[ info ] [ PARAM ] array (
)
[ info ] [ RUN ] app\admin\controller\Index->index[ D:\phpStudy\WWW\newbxg\bxgAdmin\application\admin\controller\Index.php ]
[ info ] [ VIEW ] D:\phpStudy\WWW\newbxg\bxgAdmin/./application/admin\view\index\index.html [ array (
) ]
[ info ] [ LOG ] INIT File
---------------------------------------------------------------
[ 2017-11-01T10:04:47+08:00 ] 127.0.0.5 127.0.0.1 GET /index.php/admin/index/index_v.html
[ info ] 127.0.0.5/index.php/admin/index/index_v.html [运行时间：0.030002s][吞吐率：33.33req/s] [内存消耗：1,259.84kb] [文件加载：48]
[ info ] [ LANG ] D:\phpStudy\WWW\newbxg\bxgAdmin\thinkphp\lang\zh-cn.php
[ info ] [ ROUTE ] array (
  'type' => 'module',
  'module' => 
  array (
    0 => 'admin',
    1 => 'index',
    2 => 'index_v',
  ),
)
[ info ] [ HEADER ] array (
  'cookie' => 'thinkphp_show_page_trace=0|0; thinkphp_show_page_trace=0|0',
  'accept-language' => 'zh-CN,zh;q=0.8',
  'accept-encoding' => 'gzip, deflate, br',
  'referer' => 'http://127.0.0.5/index.php/admin',
  'accept' => 'text/html,application/xhtml+xml,application/xml;q=0.9,image/webp,image/apng,*/*;q=0.8',
  'user-agent' => 'Mozilla/5.0 (Windows NT 6.1; Win64; x64) AppleWebKit/537.36 (KHTML, like Gecko) Chrome/60.0.3112.90 Safari/537.36',
  'upgrade-insecure-requests' => '1',
  'connection' => 'close',
  'host' => '127.0.0.5',
)
[ info ] [ PARAM ] array (
)
[ info ] [ RUN ] app\admin\controller\Index->index_v[ D:\phpStudy\WWW\newbxg\bxgAdmin\application\admin\controller\Index.php ]
[ info ] [ VIEW ] D:\phpStudy\WWW\newbxg\bxgAdmin/./application/admin\view\index\index_v.html [ array (
) ]
[ info ] [ LOG ] INIT File
---------------------------------------------------------------
[ 2017-11-01T10:05:35+08:00 ] 127.0.0.5 127.0.0.1 GET /index.php/admin
[ info ] 127.0.0.5/index.php/admin [运行时间：0.029002s][吞吐率：34.48req/s] [内存消耗：1,268.55kb] [文件加载：49]
[ info ] [ LANG ] D:\phpStudy\WWW\newbxg\bxgAdmin\thinkphp\lang\zh-cn.php
[ info ] [ ROUTE ] array (
  'type' => 'module',
  'module' => 
  array (
    0 => 'admin',
    1 => NULL,
    2 => NULL,
  ),
)
[ info ] [ HEADER ] array (
  'cookie' => 'thinkphp_show_page_trace=0|0',
  'accept-language' => 'zh-CN,zh;q=0.8',
  'accept-encoding' => 'gzip, deflate, br',
  'accept' => 'text/html,application/xhtml+xml,application/xml;q=0.9,image/webp,image/apng,*/*;q=0.8',
  'user-agent' => 'Mozilla/5.0 (Windows NT 6.1; Win64; x64) AppleWebKit/537.36 (KHTML, like Gecko) Chrome/60.0.3112.90 Safari/537.36',
  'upgrade-insecure-requests' => '1',
  'cache-control' => 'max-age=0',
  'connection' => 'close',
  'host' => '127.0.0.5',
)
[ info ] [ PARAM ] array (
)
[ info ] [ RUN ] app\admin\controller\Index->index[ D:\phpStudy\WWW\newbxg\bxgAdmin\application\admin\controller\Index.php ]
[ info ] [ VIEW ] D:\phpStudy\WWW\newbxg\bxgAdmin/./application/admin\view\index\index.html [ array (
) ]
[ info ] [ LOG ] INIT File
---------------------------------------------------------------
[ 2017-11-01T10:05:35+08:00 ] 127.0.0.5 127.0.0.1 GET /index.php/admin/index/index_v.html
[ info ] 127.0.0.5/index.php/admin/index/index_v.html [运行时间：0.024002s][吞吐率：41.66req/s] [内存消耗：1,259.84kb] [文件加载：48]
[ info ] [ LANG ] D:\phpStudy\WWW\newbxg\bxgAdmin\thinkphp\lang\zh-cn.php
[ info ] [ ROUTE ] array (
  'type' => 'module',
  'module' => 
  array (
    0 => 'admin',
    1 => 'index',
    2 => 'index_v',
  ),
)
[ info ] [ HEADER ] array (
  'cookie' => 'thinkphp_show_page_trace=0|0; thinkphp_show_page_trace=0|0',
  'accept-language' => 'zh-CN,zh;q=0.8',
  'accept-encoding' => 'gzip, deflate, br',
  'referer' => 'http://127.0.0.5/index.php/admin',
  'accept' => 'text/html,application/xhtml+xml,application/xml;q=0.9,image/webp,image/apng,*/*;q=0.8',
  'user-agent' => 'Mozilla/5.0 (Windows NT 6.1; Win64; x64) AppleWebKit/537.36 (KHTML, like Gecko) Chrome/60.0.3112.90 Safari/537.36',
  'upgrade-insecure-requests' => '1',
  'connection' => 'close',
  'host' => '127.0.0.5',
)
[ info ] [ PARAM ] array (
)
[ info ] [ RUN ] app\admin\controller\Index->index_v[ D:\phpStudy\WWW\newbxg\bxgAdmin\application\admin\controller\Index.php ]
[ info ] [ VIEW ] D:\phpStudy\WWW\newbxg\bxgAdmin/./application/admin\view\index\index_v.html [ array (
) ]
[ info ] [ LOG ] INIT File
---------------------------------------------------------------
[ 2017-11-01T10:05:45+08:00 ] 127.0.0.5 127.0.0.1 GET /index.php/admin
[ info ] 127.0.0.5/index.php/admin [运行时间：0.025001s][吞吐率：40.00req/s] [内存消耗：1,268.55kb] [文件加载：49]
[ info ] [ LANG ] D:\phpStudy\WWW\newbxg\bxgAdmin\thinkphp\lang\zh-cn.php
[ info ] [ ROUTE ] array (
  'type' => 'module',
  'module' => 
  array (
    0 => 'admin',
    1 => NULL,
    2 => NULL,
  ),
)
[ info ] [ HEADER ] array (
  'cookie' => 'thinkphp_show_page_trace=0|0',
  'accept-language' => 'zh-CN,zh;q=0.8',
  'accept-encoding' => 'gzip, deflate, br',
  'accept' => 'text/html,application/xhtml+xml,application/xml;q=0.9,image/webp,image/apng,*/*;q=0.8',
  'user-agent' => 'Mozilla/5.0 (Windows NT 6.1; Win64; x64) AppleWebKit/537.36 (KHTML, like Gecko) Chrome/60.0.3112.90 Safari/537.36',
  'upgrade-insecure-requests' => '1',
  'cache-control' => 'max-age=0',
  'connection' => 'close',
  'host' => '127.0.0.5',
)
[ info ] [ PARAM ] array (
)
[ info ] [ RUN ] app\admin\controller\Index->index[ D:\phpStudy\WWW\newbxg\bxgAdmin\application\admin\controller\Index.php ]
[ info ] [ VIEW ] D:\phpStudy\WWW\newbxg\bxgAdmin/./application/admin\view\index\index.html [ array (
) ]
[ info ] [ LOG ] INIT File
---------------------------------------------------------------
[ 2017-11-01T10:05:45+08:00 ] 127.0.0.5 127.0.0.1 GET /index.php/admin/index/index_v.html
[ info ] 127.0.0.5/index.php/admin/index/index_v.html [运行时间：0.024002s][吞吐率：41.66req/s] [内存消耗：1,259.84kb] [文件加载：48]
[ info ] [ LANG ] D:\phpStudy\WWW\newbxg\bxgAdmin\thinkphp\lang\zh-cn.php
[ info ] [ ROUTE ] array (
  'type' => 'module',
  'module' => 
  array (
    0 => 'admin',
    1 => 'index',
    2 => 'index_v',
  ),
)
[ info ] [ HEADER ] array (
  'cookie' => 'thinkphp_show_page_trace=0|0; thinkphp_show_page_trace=0|0',
  'accept-language' => 'zh-CN,zh;q=0.8',
  'accept-encoding' => 'gzip, deflate, br',
  'referer' => 'http://127.0.0.5/index.php/admin',
  'accept' => 'text/html,application/xhtml+xml,application/xml;q=0.9,image/webp,image/apng,*/*;q=0.8',
  'user-agent' => 'Mozilla/5.0 (Windows NT 6.1; Win64; x64) AppleWebKit/537.36 (KHTML, like Gecko) Chrome/60.0.3112.90 Safari/537.36',
  'upgrade-insecure-requests' => '1',
  'connection' => 'close',
  'host' => '127.0.0.5',
)
[ info ] [ PARAM ] array (
)
[ info ] [ RUN ] app\admin\controller\Index->index_v[ D:\phpStudy\WWW\newbxg\bxgAdmin\application\admin\controller\Index.php ]
[ info ] [ VIEW ] D:\phpStudy\WWW\newbxg\bxgAdmin/./application/admin\view\index\index_v.html [ array (
) ]
[ info ] [ LOG ] INIT File
