---------------------------------------------------------------
[ 2017-11-02T17:13:03+08:00 ] 127.0.0.2 127.0.0.1 GET /index.php/admin
[ info ] 127.0.0.2/index.php/admin [运行时间：0.061004s][吞吐率：16.39req/s] [内存消耗：1,405.98kb] [文件加载：52]
[ info ] [ LANG ] D:\phpStudy\WWW\bxg\bxgAdmin\thinkphp\lang\zh-cn.php
[ info ] [ ROUTE ] array (
  'type' => 'module',
  'module' => 
  array (
    0 => 'admin',
    1 => NULL,
    2 => NULL,
  ),
)
[ info ] [ HEADER ] array (
  'cookie' => 'thinkphp_show_page_trace=0|0; b_adminuid=20144230042; b_Staffrole=8',
  'accept-language' => 'zh-CN,zh;q=0.8',
  'accept-encoding' => 'gzip, deflate, br',
  'referer' => 'http://127.0.0.2/index.php/admin/login/index',
  'accept' => 'text/html,application/xhtml+xml,application/xml;q=0.9,image/webp,image/apng,*/*;q=0.8',
  'upgrade-insecure-requests' => '1',
  'user-agent' => 'Mozilla/5.0 (Windows NT 6.1; WOW64) AppleWebKit/537.36 (KHTML, like Gecko) Chrome/61.0.3163.91 Safari/537.36',
  'cache-control' => 'max-age=0',
  'connection' => 'close',
  'host' => '127.0.0.2',
)
[ info ] [ PARAM ] array (
)
[ info ] [ RUN ] app\admin\controller\Index->index[ D:\phpStudy\WWW\bxg\bxgAdmin\application\admin\controller\Index.php ]
[ info ] [ VIEW ] D:\phpStudy\WWW\bxg\bxgAdmin/./application/admin\view\index\index.html [ array (
) ]
[ info ] [ LOG ] INIT File
---------------------------------------------------------------
[ 2017-11-02T17:13:04+08:00 ] 127.0.0.2 127.0.0.1 GET /index.php/admin/count/index.html
[ info ] 127.0.0.2/index.php/admin/count/index.html [运行时间：0.048003s][吞吐率：20.83req/s] [内存消耗：1,375.88kb] [文件加载：50]
[ info ] [ LANG ] D:\phpStudy\WWW\bxg\bxgAdmin\thinkphp\lang\zh-cn.php
[ info ] [ ROUTE ] array (
  'type' => 'module',
  'module' => 
  array (
    0 => 'admin',
    1 => 'count',
    2 => 'index',
  ),
)
[ info ] [ HEADER ] array (
  'cookie' => 'thinkphp_show_page_trace=0|0; thinkphp_show_page_trace=0|0; b_adminuid=20144230042; b_Staffrole=8',
  'accept-language' => 'zh-CN,zh;q=0.8',
  'accept-encoding' => 'gzip, deflate, br',
  'referer' => 'http://127.0.0.2/index.php/admin',
  'accept' => 'text/html,application/xhtml+xml,application/xml;q=0.9,image/webp,image/apng,*/*;q=0.8',
  'user-agent' => 'Mozilla/5.0 (Windows NT 6.1; WOW64) AppleWebKit/537.36 (KHTML, like Gecko) Chrome/61.0.3163.91 Safari/537.36',
  'upgrade-insecure-requests' => '1',
  'connection' => 'close',
  'host' => '127.0.0.2',
)
[ info ] [ PARAM ] array (
)
[ info ] [ RUN ] app\admin\controller\Count->index[ D:\phpStudy\WWW\bxg\bxgAdmin\application\admin\controller\Count.php ]
[ info ] [ VIEW ] D:\phpStudy\WWW\bxg\bxgAdmin/./application/admin\view\count\index.html [ array (
) ]
[ info ] [ LOG ] INIT File
