---------------------------------------------------------------
[ 2017-11-07T15:10:40+08:00 ] 127.0.0.2 127.0.0.1 GET /index.php/admin
[ info ] 127.0.0.2/index.php/admin [运行时间：0.080004s][吞吐率：12.50req/s] [内存消耗：1,419.53kb] [文件加载：52]
[ info ] [ LANG ] D:\phpStudy\WWW\bxg\bxgAdmin\thinkphp\lang\zh-cn.php
[ info ] [ ROUTE ] array (
  'type' => 'module',
  'module' => 
  array (
    0 => 'admin',
    1 => NULL,
    2 => NULL,
  ),
)
[ info ] [ HEADER ] array (
  'cookie' => 'thinkphp_show_page_trace=0|0; thinkphp_show_page_trace=0|0',
  'accept-language' => 'zh-CN,zh;q=0.8',
  'accept-encoding' => 'gzip, deflate, br',
  'referer' => 'http://127.0.0.2/index.php/admin/login/index',
  'accept' => 'text/html,application/xhtml+xml,application/xml;q=0.9,image/webp,image/apng,*/*;q=0.8',
  'upgrade-insecure-requests' => '1',
  'user-agent' => 'Mozilla/5.0 (Windows NT 6.1; WOW64) AppleWebKit/537.36 (KHTML, like Gecko) Chrome/61.0.3163.91 Safari/537.36',
  'cache-control' => 'max-age=0',
  'connection' => 'close',
  'host' => '127.0.0.2',
)
[ info ] [ PARAM ] array (
)
[ info ] [ RUN ] app\admin\controller\Index->index[ D:\phpStudy\WWW\bxg\bxgAdmin\application\admin\controller\Index.php ]
[ info ] [ VIEW ] D:\phpStudy\WWW\bxg\bxgAdmin/./application/admin\view\index\index.html [ array (
) ]
[ info ] [ LOG ] INIT File
---------------------------------------------------------------
[ 2017-11-07T15:10:40+08:00 ] 127.0.0.2 127.0.0.1 GET /index.php/admin/login/index
[ info ] 127.0.0.2/index.php/admin/login/index [运行时间：0.041002s][吞吐率：24.39req/s] [内存消耗：1,292.04kb] [文件加载：50]
[ info ] [ LANG ] D:\phpStudy\WWW\bxg\bxgAdmin\thinkphp\lang\zh-cn.php
[ info ] [ ROUTE ] array (
  'type' => 'module',
  'module' => 
  array (
    0 => 'admin',
    1 => 'login',
    2 => 'index',
  ),
)
[ info ] [ HEADER ] array (
  'cookie' => 'thinkphp_show_page_trace=0|0; thinkphp_show_page_trace=0|0; thinkphp_show_page_trace=0|0',
  'accept-language' => 'zh-CN,zh;q=0.8',
  'accept-encoding' => 'gzip, deflate, br',
  'referer' => 'http://127.0.0.2/index.php/admin/login/index',
  'accept' => 'text/html,application/xhtml+xml,application/xml;q=0.9,image/webp,image/apng,*/*;q=0.8',
  'upgrade-insecure-requests' => '1',
  'user-agent' => 'Mozilla/5.0 (Windows NT 6.1; WOW64) AppleWebKit/537.36 (KHTML, like Gecko) Chrome/61.0.3163.91 Safari/537.36',
  'cache-control' => 'max-age=0',
  'connection' => 'close',
  'host' => '127.0.0.2',
)
[ info ] [ PARAM ] array (
)
[ info ] [ RUN ] app\admin\controller\Login->index[ D:\phpStudy\WWW\bxg\bxgAdmin\application\admin\controller\Login.php ]
[ info ] [ VIEW ] D:\phpStudy\WWW\bxg\bxgAdmin/./application/admin\view\login\index.html [ array (
) ]
[ info ] [ LOG ] INIT File
---------------------------------------------------------------
[ 2017-11-07T15:10:47+08:00 ] 127.0.0.2 127.0.0.1 POST /index.php/api/Ajaxadmin/Login
[ info ] 127.0.0.2/index.php/api/Ajaxadmin/Login [运行时间：0.103205s][吞吐率：9.69req/s] [内存消耗：2,082.65kb] [文件加载：57]
[ info ] [ LANG ] D:\phpStudy\WWW\bxg\bxgAdmin\thinkphp\lang\zh-cn.php
[ info ] [ ROUTE ] array (
  'type' => 'module',
  'module' => 
  array (
    0 => 'api',
    1 => 'Ajaxadmin',
    2 => 'Login',
  ),
)
[ info ] [ HEADER ] array (
  'cookie' => 'thinkphp_show_page_trace=0|0; thinkphp_show_page_trace=0|0',
  'accept-language' => 'zh-CN,zh;q=0.8',
  'accept-encoding' => 'gzip, deflate, br',
  'referer' => 'http://127.0.0.2/index.php/admin/login/index',
  'content-type' => 'application/x-www-form-urlencoded; charset=UTF-8',
  'user-agent' => 'Mozilla/5.0 (Windows NT 6.1; WOW64) AppleWebKit/537.36 (KHTML, like Gecko) Chrome/61.0.3163.91 Safari/537.36',
  'x-requested-with' => 'XMLHttpRequest',
  'origin' => 'http://127.0.0.2',
  'accept' => '*/*',
  'content-length' => '28',
  'connection' => 'close',
  'host' => '127.0.0.2',
)
[ info ] [ PARAM ] array (
  'Mobilenumber' => '123',
  'pass' => '123456',
)
[ info ] [ RUN ] app\api\controller\Ajaxadmin->Login[ D:\phpStudy\WWW\bxg\bxgAdmin\application\api\controller\Ajaxadmin.php ]
[ info ] [ DB ] INIT mysql
[ info ] [ LOG ] INIT File
[ sql ] [ DB ] CONNECT:[ UseTime:0.005000s ] mysql:dbname=bxgogo;host=192.168.1.26;charset=utf8
[ sql ] [ SQL ] SHOW COLUMNS FROM `user_info` [ RunTime:0.024001s ]
[ sql ] [ SQL ] SELECT * FROM `user_info` WHERE  `Mobilenumber` = 123  AND `uPass` = 'e10adc3949ba59abbe56e057f20f883e' LIMIT 1 [ RunTime:0.000000s ]
[ sql ] [ SQL ] SHOW COLUMNS FROM `user_staff` [ RunTime:0.031201s ]
[ sql ] [ SQL ] SELECT * FROM `user_staff` WHERE  `uId` = 20144230042 [ RunTime:0.000000s ]
---------------------------------------------------------------
[ 2017-11-07T15:10:47+08:00 ] 127.0.0.2 127.0.0.1 GET /index.php/admin
[ info ] 127.0.0.2/index.php/admin [运行时间：0.043200s][吞吐率：23.15req/s] [内存消耗：1,267.94kb] [文件加载：50]
[ info ] [ LANG ] D:\phpStudy\WWW\bxg\bxgAdmin\thinkphp\lang\zh-cn.php
[ info ] [ ROUTE ] array (
  'type' => 'module',
  'module' => 
  array (
    0 => 'admin',
    1 => NULL,
    2 => NULL,
  ),
)
[ info ] [ HEADER ] array (
  'cookie' => 'thinkphp_show_page_trace=0|0; thinkphp_show_page_trace=0|0; b_adminuid=20144230042; b_Staffrole=8',
  'accept-language' => 'zh-CN,zh;q=0.8',
  'accept-encoding' => 'gzip, deflate, br',
  'referer' => 'http://127.0.0.2/index.php/admin/login/index',
  'accept' => 'text/html,application/xhtml+xml,application/xml;q=0.9,image/webp,image/apng,*/*;q=0.8',
  'user-agent' => 'Mozilla/5.0 (Windows NT 6.1; WOW64) AppleWebKit/537.36 (KHTML, like Gecko) Chrome/61.0.3163.91 Safari/537.36',
  'upgrade-insecure-requests' => '1',
  'connection' => 'close',
  'host' => '127.0.0.2',
)
[ info ] [ PARAM ] array (
)
[ info ] [ RUN ] app\admin\controller\Index->index[ D:\phpStudy\WWW\bxg\bxgAdmin\application\admin\controller\Index.php ]
[ info ] [ VIEW ] D:\phpStudy\WWW\bxg\bxgAdmin/./application/admin\view\index\index.html [ array (
) ]
[ info ] [ LOG ] INIT File
---------------------------------------------------------------
[ 2017-11-07T15:10:47+08:00 ] 127.0.0.2 127.0.0.1 GET /index.php/admin/count/index.html
[ info ] 127.0.0.2/index.php/admin/count/index.html [运行时间：0.057003s][吞吐率：17.54req/s] [内存消耗：1,377.31kb] [文件加载：50]
[ info ] [ LANG ] D:\phpStudy\WWW\bxg\bxgAdmin\thinkphp\lang\zh-cn.php
[ info ] [ ROUTE ] array (
  'type' => 'module',
  'module' => 
  array (
    0 => 'admin',
    1 => 'count',
    2 => 'index',
  ),
)
[ info ] [ HEADER ] array (
  'cookie' => 'thinkphp_show_page_trace=0|0; thinkphp_show_page_trace=0|0; thinkphp_show_page_trace=0|0; b_adminuid=20144230042; b_Staffrole=8',
  'accept-language' => 'zh-CN,zh;q=0.8',
  'accept-encoding' => 'gzip, deflate, br',
  'referer' => 'http://127.0.0.2/index.php/admin',
  'accept' => 'text/html,application/xhtml+xml,application/xml;q=0.9,image/webp,image/apng,*/*;q=0.8',
  'user-agent' => 'Mozilla/5.0 (Windows NT 6.1; WOW64) AppleWebKit/537.36 (KHTML, like Gecko) Chrome/61.0.3163.91 Safari/537.36',
  'upgrade-insecure-requests' => '1',
  'connection' => 'close',
  'host' => '127.0.0.2',
)
[ info ] [ PARAM ] array (
)
[ info ] [ RUN ] app\admin\controller\Count->index[ D:\phpStudy\WWW\bxg\bxgAdmin\application\admin\controller\Count.php ]
[ info ] [ VIEW ] D:\phpStudy\WWW\bxg\bxgAdmin/./application/admin\view\count\index.html [ array (
) ]
[ info ] [ LOG ] INIT File
---------------------------------------------------------------
[ 2017-11-07T15:10:49+08:00 ] 127.0.0.2 127.0.0.1 GET /index.php/admin/index/user_list.html
[ info ] 127.0.0.2/index.php/admin/index/user_list.html [运行时间：0.211012s][吞吐率：4.74req/s] [内存消耗：2,588.91kb] [文件加载：68]
[ info ] [ LANG ] D:\phpStudy\WWW\bxg\bxgAdmin\thinkphp\lang\zh-cn.php
[ info ] [ ROUTE ] array (
  'type' => 'module',
  'module' => 
  array (
    0 => 'admin',
    1 => 'index',
    2 => 'user_list',
  ),
)
[ info ] [ HEADER ] array (
  'cookie' => 'thinkphp_show_page_trace=0|0; thinkphp_show_page_trace=0|0; thinkphp_show_page_trace=0|0; b_adminuid=20144230042; b_Staffrole=8',
  'accept-language' => 'zh-CN,zh;q=0.8',
  'accept-encoding' => 'gzip, deflate, br',
  'referer' => 'http://127.0.0.2/index.php/admin',
  'accept' => 'text/html,application/xhtml+xml,application/xml;q=0.9,image/webp,image/apng,*/*;q=0.8',
  'user-agent' => 'Mozilla/5.0 (Windows NT 6.1; WOW64) AppleWebKit/537.36 (KHTML, like Gecko) Chrome/61.0.3163.91 Safari/537.36',
  'upgrade-insecure-requests' => '1',
  'connection' => 'close',
  'host' => '127.0.0.2',
)
[ info ] [ PARAM ] array (
)
[ info ] [ RUN ] app\admin\controller\Index->user_list[ D:\phpStudy\WWW\bxg\bxgAdmin\application\admin\controller\Index.php ]
[ info ] [ DB ] INIT mysql
[ info ] [ VIEW ] D:\phpStudy\WWW\bxg\bxgAdmin/./application/admin\view\index\user_list.html [ array (
  0 => 'arr',
) ]
[ info ] [ LOG ] INIT File
[ sql ] [ DB ] CONNECT:[ UseTime:0.004000s ] mysql:dbname=bxgogo;host=192.168.1.26;charset=utf8
[ sql ] [ SQL ] SHOW COLUMNS FROM `user_info` [ RunTime:0.038002s ]
[ sql ] [ SQL ] SELECT COUNT(*) AS tp_count FROM `user_info` LIMIT 1 [ RunTime:0.002000s ]
[ sql ] [ SQL ] SELECT * FROM `user_info` LIMIT 0,15 [ RunTime:0.001000s ]
[ sql ] [ SQL ] SHOW COLUMNS FROM `user_wallt` [ RunTime:0.037003s ]
[ sql ] [ SQL ] SELECT * FROM `user_wallt` WHERE  `uId` IN (20144230042,123,0) [ RunTime:0.001000s ]
[ sql ] [ SQL ] SHOW COLUMNS FROM `user_basic_order` [ RunTime:0.040002s ]
[ sql ] [ SQL ] SELECT * FROM `user_basic_order` WHERE  `uId` IN (20144230042,123,0) [ RunTime:0.001000s ]
---------------------------------------------------------------
[ 2017-11-07T15:10:49+08:00 ] 127.0.0.2 127.0.0.1 GET /
[ info ] 127.0.0.2/ [运行时间：0.029001s][吞吐率：34.48req/s] [内存消耗：950.30kb] [文件加载：41]
[ info ] [ LANG ] D:\phpStudy\WWW\bxg\bxgAdmin\thinkphp\lang\zh-cn.php
[ info ] [ ROUTE ] array (
  'type' => 'module',
  'module' => 
  array (
    0 => '',
    1 => NULL,
    2 => NULL,
  ),
)
[ info ] [ HEADER ] array (
  'cookie' => 'thinkphp_show_page_trace=0|0; b_adminuid=20144230042; b_Staffrole=8',
  'accept-language' => 'zh-CN,zh;q=0.8',
  'accept-encoding' => 'gzip, deflate, br',
  'referer' => 'http://127.0.0.2/index.php/admin/index/user_list.html',
  'accept' => 'image/webp,image/apng,image/*,*/*;q=0.8',
  'user-agent' => 'Mozilla/5.0 (Windows NT 6.1; WOW64) AppleWebKit/537.36 (KHTML, like Gecko) Chrome/61.0.3163.91 Safari/537.36',
  'connection' => 'close',
  'host' => '127.0.0.2',
)
[ info ] [ PARAM ] array (
)
[ info ] [ RUN ] app\index\controller\Index->index[ D:\phpStudy\WWW\bxg\bxgAdmin\application\index\controller\Index.php ]
[ info ] [ LOG ] INIT File
---------------------------------------------------------------
[ 2017-11-07T15:10:49+08:00 ] 127.0.0.2 127.0.0.1 GET /
[ info ] 127.0.0.2/ [运行时间：0.023001s][吞吐率：43.48req/s] [内存消耗：950.30kb] [文件加载：41]
[ info ] [ LANG ] D:\phpStudy\WWW\bxg\bxgAdmin\thinkphp\lang\zh-cn.php
[ info ] [ ROUTE ] array (
  'type' => 'module',
  'module' => 
  array (
    0 => '',
    1 => NULL,
    2 => NULL,
  ),
)
[ info ] [ HEADER ] array (
  'cookie' => 'thinkphp_show_page_trace=0|0; b_adminuid=20144230042; b_Staffrole=8',
  'accept-language' => 'zh-CN,zh;q=0.8',
  'accept-encoding' => 'gzip, deflate, br',
  'referer' => 'http://127.0.0.2/index.php/admin/index/user_list.html',
  'accept' => 'image/webp,image/apng,image/*,*/*;q=0.8',
  'user-agent' => 'Mozilla/5.0 (Windows NT 6.1; WOW64) AppleWebKit/537.36 (KHTML, like Gecko) Chrome/61.0.3163.91 Safari/537.36',
  'connection' => 'close',
  'host' => '127.0.0.2',
)
[ info ] [ PARAM ] array (
)
[ info ] [ RUN ] app\index\controller\Index->index[ D:\phpStudy\WWW\bxg\bxgAdmin\application\index\controller\Index.php ]
[ info ] [ LOG ] INIT File
---------------------------------------------------------------
[ 2017-11-07T15:10:50+08:00 ] 127.0.0.2 127.0.0.1 GET /index.php/admin/user/user_earnings.html
[ info ] 127.0.0.2/index.php/admin/user/user_earnings.html [运行时间：0.032002s][吞吐率：31.25req/s] [内存消耗：1,304.23kb] [文件加载：50]
[ info ] [ LANG ] D:\phpStudy\WWW\bxg\bxgAdmin\thinkphp\lang\zh-cn.php
[ info ] [ ROUTE ] array (
  'type' => 'module',
  'module' => 
  array (
    0 => 'admin',
    1 => 'user',
    2 => 'user_earnings',
  ),
)
[ info ] [ HEADER ] array (
  'cookie' => 'thinkphp_show_page_trace=0|0; thinkphp_show_page_trace=0|0; thinkphp_show_page_trace=0|0; b_adminuid=20144230042; b_Staffrole=8',
  'accept-language' => 'zh-CN,zh;q=0.8',
  'accept-encoding' => 'gzip, deflate, br',
  'referer' => 'http://127.0.0.2/index.php/admin',
  'accept' => 'text/html,application/xhtml+xml,application/xml;q=0.9,image/webp,image/apng,*/*;q=0.8',
  'user-agent' => 'Mozilla/5.0 (Windows NT 6.1; WOW64) AppleWebKit/537.36 (KHTML, like Gecko) Chrome/61.0.3163.91 Safari/537.36',
  'upgrade-insecure-requests' => '1',
  'connection' => 'close',
  'host' => '127.0.0.2',
)
[ info ] [ PARAM ] array (
)
[ info ] [ RUN ] app\admin\controller\User->user_earnings[ D:\phpStudy\WWW\bxg\bxgAdmin\application\admin\controller\User.php ]
[ info ] [ VIEW ] D:\phpStudy\WWW\bxg\bxgAdmin/./application/admin\view\user\user_earnings.html [ array (
) ]
[ info ] [ LOG ] INIT File
---------------------------------------------------------------
[ 2017-11-07T15:10:55+08:00 ] 127.0.0.2 127.0.0.1 GET /index.php/admin/index/user_info/id/20144230042.html
[ info ] 127.0.0.2/index.php/admin/index/user_info/id/20144230042.html [运行时间：0.371021s][吞吐率：2.70req/s] [内存消耗：2,577.45kb] [文件加载：70]
[ info ] [ LANG ] D:\phpStudy\WWW\bxg\bxgAdmin\thinkphp\lang\zh-cn.php
[ info ] [ ROUTE ] array (
  'type' => 'module',
  'module' => 
  array (
    0 => 'admin',
    1 => 'index',
    2 => 'user_info',
  ),
)
[ info ] [ HEADER ] array (
  'cookie' => 'thinkphp_show_page_trace=0|0; thinkphp_show_page_trace=0|0; thinkphp_show_page_trace=0|0; thinkphp_show_page_trace=0|0; b_adminuid=20144230042; b_Staffrole=8',
  'accept-language' => 'zh-CN,zh;q=0.8',
  'accept-encoding' => 'gzip, deflate, br',
  'referer' => 'http://127.0.0.2/index.php/admin/index/user_list.html',
  'accept' => 'text/html,application/xhtml+xml,application/xml;q=0.9,image/webp,image/apng,*/*;q=0.8',
  'user-agent' => 'Mozilla/5.0 (Windows NT 6.1; WOW64) AppleWebKit/537.36 (KHTML, like Gecko) Chrome/61.0.3163.91 Safari/537.36',
  'upgrade-insecure-requests' => '1',
  'connection' => 'close',
  'host' => '127.0.0.2',
)
[ info ] [ PARAM ] array (
  'id' => '20144230042',
)
[ info ] [ RUN ] app\admin\controller\Index->user_info[ D:\phpStudy\WWW\bxg\bxgAdmin\application\admin\controller\Index.php ]
[ info ] [ DB ] INIT mysql
[ info ] [ VIEW ] D:\phpStudy\WWW\bxg\bxgAdmin/./application/admin\view\index\user_info.html [ array (
  0 => 'arr',
) ]
[ info ] [ LOG ] INIT File
[ sql ] [ DB ] CONNECT:[ UseTime:0.010000s ] mysql:dbname=bxgogo;host=192.168.1.26;charset=utf8
[ sql ] [ SQL ] SHOW COLUMNS FROM `user_info` [ RunTime:0.025001s ]
[ sql ] [ SQL ] SELECT * FROM `user_info` WHERE  `uId` = 20144230042 LIMIT 1 [ RunTime:0.001000s ]
[ sql ] [ SQL ] SHOW COLUMNS FROM `user_honor` [ RunTime:0.033002s ]
[ sql ] [ SQL ] SELECT * FROM `user_honor` WHERE  `uId` = 20144230042 [ RunTime:0.001000s ]
[ sql ] [ SQL ] SHOW COLUMNS FROM `user_follow` [ RunTime:0.031002s ]
[ sql ] [ SQL ] SELECT * FROM `user_follow` WHERE  `uId` = 20144230042 [ RunTime:0.002000s ]
[ sql ] [ SQL ] SHOW COLUMNS FROM `user_collection` [ RunTime:0.035002s ]
[ sql ] [ SQL ] SELECT * FROM `user_collection` WHERE  `uId` = 20144230042 [ RunTime:0.001000s ]
[ sql ] [ SQL ] SHOW COLUMNS FROM `user_agreement` [ RunTime:0.037002s ]
[ sql ] [ SQL ] SELECT * FROM `user_agreement` WHERE  `uId` = 20144230042 [ RunTime:0.001001s ]
[ sql ] [ SQL ] SHOW COLUMNS FROM `user_resume` [ RunTime:0.035002s ]
[ sql ] [ SQL ] SELECT * FROM `user_resume` WHERE  `uId` = 20144230042 [ RunTime:0.002000s ]
[ sql ] [ SQL ] SHOW COLUMNS FROM `user_recommend` [ RunTime:0.037002s ]
[ sql ] [ SQL ] SELECT * FROM `user_recommend` WHERE  `uId` = 20144230042 [ RunTime:0.002000s ]
[ sql ] [ SQL ] SHOW COLUMNS FROM `user_close` [ RunTime:0.033002s ]
[ sql ] [ SQL ] SELECT * FROM `user_close` WHERE  `uId` = 20144230042 [ RunTime:0.002000s ]
[ sql ] [ SQL ] SELECT * FROM `user_recommend` WHERE  `uId` = 20144230042 LIMIT 1 [ RunTime:0.001000s ]
[ sql ] [ SQL ] SELECT `uId`,`id`,`nickName` FROM `user_info` WHERE  `uId` = 123 [ RunTime:0.001000s ]
---------------------------------------------------------------
[ 2017-11-07T15:10:56+08:00 ] 127.0.0.2 127.0.0.1 POST /index.php/admin/user/tab_1
[ info ] 127.0.0.2/index.php/admin/user/tab_1 [运行时间：0.380022s][吞吐率：2.63req/s] [内存消耗：2,422.59kb] [文件加载：70]
[ info ] [ LANG ] D:\phpStudy\WWW\bxg\bxgAdmin\thinkphp\lang\zh-cn.php
[ info ] [ ROUTE ] array (
  'type' => 'module',
  'module' => 
  array (
    0 => 'admin',
    1 => 'user',
    2 => 'tab_1',
  ),
)
[ info ] [ HEADER ] array (
  'cookie' => 'thinkphp_show_page_trace=0|0; thinkphp_show_page_trace=0|0; thinkphp_show_page_trace=0|0; b_adminuid=20144230042; b_Staffrole=8',
  'accept-language' => 'zh-CN,zh;q=0.8',
  'accept-encoding' => 'gzip, deflate, br',
  'referer' => 'http://127.0.0.2/index.php/admin/index/user_info/id/20144230042.html',
  'content-type' => 'application/x-www-form-urlencoded; charset=UTF-8',
  'user-agent' => 'Mozilla/5.0 (Windows NT 6.1; WOW64) AppleWebKit/537.36 (KHTML, like Gecko) Chrome/61.0.3163.91 Safari/537.36',
  'x-requested-with' => 'XMLHttpRequest',
  'origin' => 'http://127.0.0.2',
  'accept' => '*/*',
  'content-length' => '14',
  'connection' => 'close',
  'host' => '127.0.0.2',
)
[ info ] [ PARAM ] array (
  'id' => '20144230042',
)
[ info ] [ RUN ] app\admin\controller\User->tab_1[ D:\phpStudy\WWW\bxg\bxgAdmin\application\admin\controller\User.php ]
[ info ] [ DB ] INIT mysql
[ info ] [ VIEW ] D:\phpStudy\WWW\bxg\bxgAdmin/./application/admin\view\user\tab_1.html [ array (
  0 => 'arr',
) ]
[ info ] [ LOG ] INIT File
[ sql ] [ DB ] CONNECT:[ UseTime:0.010000s ] mysql:dbname=bxgogo;host=192.168.1.26;charset=utf8
[ sql ] [ SQL ] SHOW COLUMNS FROM `user_info` [ RunTime:0.045003s ]
[ sql ] [ SQL ] SELECT * FROM `user_info` WHERE  `uId` = 20144230042 LIMIT 1 [ RunTime:0.001000s ]
[ sql ] [ SQL ] SHOW COLUMNS FROM `user_honor` [ RunTime:0.033002s ]
[ sql ] [ SQL ] SELECT * FROM `user_honor` WHERE  `uId` = 20144230042 [ RunTime:0.001000s ]
[ sql ] [ SQL ] SHOW COLUMNS FROM `user_follow` [ RunTime:0.034002s ]
[ sql ] [ SQL ] SELECT * FROM `user_follow` WHERE  `uId` = 20144230042 [ RunTime:0.001000s ]
[ sql ] [ SQL ] SHOW COLUMNS FROM `user_collection` [ RunTime:0.033002s ]
[ sql ] [ SQL ] SELECT * FROM `user_collection` WHERE  `uId` = 20144230042 [ RunTime:0.001000s ]
[ sql ] [ SQL ] SHOW COLUMNS FROM `user_agreement` [ RunTime:0.034002s ]
[ sql ] [ SQL ] SELECT * FROM `user_agreement` WHERE  `uId` = 20144230042 [ RunTime:0.001000s ]
[ sql ] [ SQL ] SHOW COLUMNS FROM `user_resume` [ RunTime:0.035002s ]
[ sql ] [ SQL ] SELECT * FROM `user_resume` WHERE  `uId` = 20144230042 [ RunTime:0.002001s ]
[ sql ] [ SQL ] SHOW COLUMNS FROM `user_recommend` [ RunTime:0.034001s ]
[ sql ] [ SQL ] SELECT * FROM `user_recommend` WHERE  `uId` = 20144230042 [ RunTime:0.001000s ]
[ sql ] [ SQL ] SHOW COLUMNS FROM `user_close` [ RunTime:0.034002s ]
[ sql ] [ SQL ] SELECT * FROM `user_close` WHERE  `uId` = 20144230042 [ RunTime:0.001000s ]
[ sql ] [ SQL ] SELECT * FROM `user_recommend` WHERE  `uId` = 20144230042 LIMIT 1 [ RunTime:0.001000s ]
[ sql ] [ SQL ] SELECT `uId`,`id`,`nickName` FROM `user_info` WHERE  `uId` = 123 [ RunTime:0.001000s ]
[ error ] [8]未定义数组索引: Icon[D:\phpStudy\WWW\bxg\bxgAdmin\runtime\temp\4f0c14876b5357e25d64c129829cec23.php:5]
---------------------------------------------------------------
[ 2017-11-07T15:10:57+08:00 ] 127.0.0.2 127.0.0.1 POST /index.php/admin/user/tab_2
[ info ] 127.0.0.2/index.php/admin/user/tab_2 [运行时间：0.033002s][吞吐率：30.30req/s] [内存消耗：1,277.45kb] [文件加载：51]
[ info ] [ LANG ] D:\phpStudy\WWW\bxg\bxgAdmin\thinkphp\lang\zh-cn.php
[ info ] [ ROUTE ] array (
  'type' => 'module',
  'module' => 
  array (
    0 => 'admin',
    1 => 'user',
    2 => 'tab_2',
  ),
)
[ info ] [ HEADER ] array (
  'cookie' => 'thinkphp_show_page_trace=0|0; thinkphp_show_page_trace=0|0; thinkphp_show_page_trace=0|0; b_adminuid=20144230042; b_Staffrole=8',
  'accept-language' => 'zh-CN,zh;q=0.8',
  'accept-encoding' => 'gzip, deflate, br',
  'referer' => 'http://127.0.0.2/index.php/admin/index/user_info/id/20144230042.html',
  'content-type' => 'application/x-www-form-urlencoded; charset=UTF-8',
  'user-agent' => 'Mozilla/5.0 (Windows NT 6.1; WOW64) AppleWebKit/537.36 (KHTML, like Gecko) Chrome/61.0.3163.91 Safari/537.36',
  'x-requested-with' => 'XMLHttpRequest',
  'origin' => 'http://127.0.0.2',
  'accept' => '*/*',
  'content-length' => '14',
  'connection' => 'close',
  'host' => '127.0.0.2',
)
[ info ] [ PARAM ] array (
  'id' => '20144230042',
)
[ info ] [ RUN ] app\admin\controller\User->tab_2[ D:\phpStudy\WWW\bxg\bxgAdmin\application\admin\controller\User.php ]
[ info ] [ VIEW ] D:\phpStudy\WWW\bxg\bxgAdmin/./application/admin\view\user\tab_2.html [ array (
) ]
[ info ] [ LOG ] INIT File
[ error ] [8]未定义变量: arr[D:\phpStudy\WWW\bxg\bxgAdmin\runtime\temp\82274e2dfbd03803ecc5edbc9eb9f7f6.php:22]
---------------------------------------------------------------
[ 2017-11-07T15:10:57+08:00 ] 127.0.0.2 127.0.0.1 POST /index.php/admin/user/tab_1
[ info ] 127.0.0.2/index.php/admin/user/tab_1 [运行时间：0.343808s][吞吐率：2.91req/s] [内存消耗：2,294.41kb] [文件加载：68]
[ info ] [ LANG ] D:\phpStudy\WWW\bxg\bxgAdmin\thinkphp\lang\zh-cn.php
[ info ] [ ROUTE ] array (
  'type' => 'module',
  'module' => 
  array (
    0 => 'admin',
    1 => 'user',
    2 => 'tab_1',
  ),
)
[ info ] [ HEADER ] array (
  'cookie' => 'thinkphp_show_page_trace=0|0; thinkphp_show_page_trace=0|0; thinkphp_show_page_trace=0|0; b_adminuid=20144230042; b_Staffrole=8',
  'accept-language' => 'zh-CN,zh;q=0.8',
  'accept-encoding' => 'gzip, deflate, br',
  'referer' => 'http://127.0.0.2/index.php/admin/index/user_info/id/20144230042.html',
  'content-type' => 'application/x-www-form-urlencoded; charset=UTF-8',
  'user-agent' => 'Mozilla/5.0 (Windows NT 6.1; WOW64) AppleWebKit/537.36 (KHTML, like Gecko) Chrome/61.0.3163.91 Safari/537.36',
  'x-requested-with' => 'XMLHttpRequest',
  'origin' => 'http://127.0.0.2',
  'accept' => '*/*',
  'content-length' => '14',
  'connection' => 'close',
  'host' => '127.0.0.2',
)
[ info ] [ PARAM ] array (
  'id' => '20144230042',
)
[ info ] [ RUN ] app\admin\controller\User->tab_1[ D:\phpStudy\WWW\bxg\bxgAdmin\application\admin\controller\User.php ]
[ info ] [ DB ] INIT mysql
[ info ] [ VIEW ] D:\phpStudy\WWW\bxg\bxgAdmin/./application/admin\view\user\tab_1.html [ array (
  0 => 'arr',
) ]
[ info ] [ LOG ] INIT File
[ sql ] [ DB ] CONNECT:[ UseTime:0.012001s ] mysql:dbname=bxgogo;host=192.168.1.26;charset=utf8
[ sql ] [ SQL ] SHOW COLUMNS FROM `user_info` [ RunTime:0.031001s ]
[ sql ] [ SQL ] SELECT * FROM `user_info` WHERE  `uId` = 20144230042 LIMIT 1 [ RunTime:0.000000s ]
[ sql ] [ SQL ] SHOW COLUMNS FROM `user_honor` [ RunTime:0.031200s ]
[ sql ] [ SQL ] SELECT * FROM `user_honor` WHERE  `uId` = 20144230042 [ RunTime:0.000000s ]
[ sql ] [ SQL ] SHOW COLUMNS FROM `user_follow` [ RunTime:0.033601s ]
[ sql ] [ SQL ] SELECT * FROM `user_follow` WHERE  `uId` = 20144230042 [ RunTime:0.001000s ]
[ sql ] [ SQL ] SHOW COLUMNS FROM `user_collection` [ RunTime:0.015600s ]
[ sql ] [ SQL ] SELECT * FROM `user_collection` WHERE  `uId` = 20144230042 [ RunTime:0.000000s ]
[ sql ] [ SQL ] SHOW COLUMNS FROM `user_agreement` [ RunTime:0.039200s ]
[ sql ] [ SQL ] SELECT * FROM `user_agreement` WHERE  `uId` = 20144230042 [ RunTime:0.002000s ]
[ sql ] [ SQL ] SHOW COLUMNS FROM `user_resume` [ RunTime:0.023601s ]
[ sql ] [ SQL ] SELECT * FROM `user_resume` WHERE  `uId` = 20144230042 [ RunTime:0.000000s ]
[ sql ] [ SQL ] SHOW COLUMNS FROM `user_recommend` [ RunTime:0.050800s ]
[ sql ] [ SQL ] SELECT * FROM `user_recommend` WHERE  `uId` = 20144230042 [ RunTime:0.001000s ]
[ sql ] [ SQL ] SHOW COLUMNS FROM `user_close` [ RunTime:0.029601s ]
[ sql ] [ SQL ] SELECT * FROM `user_close` WHERE  `uId` = 20144230042 [ RunTime:0.000000s ]
[ sql ] [ SQL ] SELECT * FROM `user_recommend` WHERE  `uId` = 20144230042 LIMIT 1 [ RunTime:0.000000s ]
[ sql ] [ SQL ] SELECT `uId`,`id`,`nickName` FROM `user_info` WHERE  `uId` = 123 [ RunTime:0.000000s ]
[ error ] [8]未定义数组索引: Icon[D:\phpStudy\WWW\bxg\bxgAdmin\runtime\temp\4f0c14876b5357e25d64c129829cec23.php:5]
---------------------------------------------------------------
[ 2017-11-07T15:10:59+08:00 ] 127.0.0.2 127.0.0.1 POST /index.php/admin/user/tab_2
[ info ] 127.0.0.2/index.php/admin/user/tab_2 [运行时间：0.034002s][吞吐率：29.41req/s] [内存消耗：1,159.63kb] [文件加载：49]
[ info ] [ LANG ] D:\phpStudy\WWW\bxg\bxgAdmin\thinkphp\lang\zh-cn.php
[ info ] [ ROUTE ] array (
  'type' => 'module',
  'module' => 
  array (
    0 => 'admin',
    1 => 'user',
    2 => 'tab_2',
  ),
)
[ info ] [ HEADER ] array (
  'cookie' => 'thinkphp_show_page_trace=0|0; thinkphp_show_page_trace=0|0; thinkphp_show_page_trace=0|0; b_adminuid=20144230042; b_Staffrole=8',
  'accept-language' => 'zh-CN,zh;q=0.8',
  'accept-encoding' => 'gzip, deflate, br',
  'referer' => 'http://127.0.0.2/index.php/admin/index/user_info/id/20144230042.html',
  'content-type' => 'application/x-www-form-urlencoded; charset=UTF-8',
  'user-agent' => 'Mozilla/5.0 (Windows NT 6.1; WOW64) AppleWebKit/537.36 (KHTML, like Gecko) Chrome/61.0.3163.91 Safari/537.36',
  'x-requested-with' => 'XMLHttpRequest',
  'origin' => 'http://127.0.0.2',
  'accept' => '*/*',
  'content-length' => '14',
  'connection' => 'close',
  'host' => '127.0.0.2',
)
[ info ] [ PARAM ] array (
  'id' => '20144230042',
)
[ info ] [ RUN ] app\admin\controller\User->tab_2[ D:\phpStudy\WWW\bxg\bxgAdmin\application\admin\controller\User.php ]
[ info ] [ VIEW ] D:\phpStudy\WWW\bxg\bxgAdmin/./application/admin\view\user\tab_2.html [ array (
) ]
[ info ] [ LOG ] INIT File
[ error ] [8]未定义变量: arr[D:\phpStudy\WWW\bxg\bxgAdmin\runtime\temp\82274e2dfbd03803ecc5edbc9eb9f7f6.php:22]
---------------------------------------------------------------
[ 2017-11-07T15:10:59+08:00 ] 127.0.0.2 127.0.0.1 POST /index.php/admin/user/tab_3
[ info ] 127.0.0.2/index.php/admin/user/tab_3 [运行时间：0.029002s][吞吐率：34.48req/s] [内存消耗：1,268.86kb] [文件加载：48]
[ info ] [ LANG ] D:\phpStudy\WWW\bxg\bxgAdmin\thinkphp\lang\zh-cn.php
[ info ] [ ROUTE ] array (
  'type' => 'module',
  'module' => 
  array (
    0 => 'admin',
    1 => 'user',
    2 => 'tab_3',
  ),
)
[ info ] [ HEADER ] array (
  'cookie' => 'thinkphp_show_page_trace=0|0; thinkphp_show_page_trace=0|0; thinkphp_show_page_trace=0|0; b_adminuid=20144230042; b_Staffrole=8',
  'accept-language' => 'zh-CN,zh;q=0.8',
  'accept-encoding' => 'gzip, deflate, br',
  'referer' => 'http://127.0.0.2/index.php/admin/index/user_info/id/20144230042.html',
  'content-type' => 'application/x-www-form-urlencoded; charset=UTF-8',
  'user-agent' => 'Mozilla/5.0 (Windows NT 6.1; WOW64) AppleWebKit/537.36 (KHTML, like Gecko) Chrome/61.0.3163.91 Safari/537.36',
  'x-requested-with' => 'XMLHttpRequest',
  'origin' => 'http://127.0.0.2',
  'accept' => '*/*',
  'content-length' => '14',
  'connection' => 'close',
  'host' => '127.0.0.2',
)
[ info ] [ PARAM ] array (
  'id' => '20144230042',
)
[ info ] [ RUN ] app\admin\controller\User->tab_3[ D:\phpStudy\WWW\bxg\bxgAdmin\application\admin\controller\User.php ]
[ info ] [ VIEW ] D:\phpStudy\WWW\bxg\bxgAdmin/./application/admin\view\user\tab_3.html [ array (
) ]
[ info ] [ LOG ] INIT File
---------------------------------------------------------------
[ 2017-11-07T15:11:00+08:00 ] 127.0.0.2 127.0.0.1 POST /index.php/admin/user/tab_2
[ info ] 127.0.0.2/index.php/admin/user/tab_2 [运行时间：0.055602s][吞吐率：17.99req/s] [内存消耗：1,159.63kb] [文件加载：49]
[ info ] [ LANG ] D:\phpStudy\WWW\bxg\bxgAdmin\thinkphp\lang\zh-cn.php
[ info ] [ ROUTE ] array (
  'type' => 'module',
  'module' => 
  array (
    0 => 'admin',
    1 => 'user',
    2 => 'tab_2',
  ),
)
[ info ] [ HEADER ] array (
  'cookie' => 'thinkphp_show_page_trace=0|0; thinkphp_show_page_trace=0|0; thinkphp_show_page_trace=0|0; b_adminuid=20144230042; b_Staffrole=8',
  'accept-language' => 'zh-CN,zh;q=0.8',
  'accept-encoding' => 'gzip, deflate, br',
  'referer' => 'http://127.0.0.2/index.php/admin/index/user_info/id/20144230042.html',
  'content-type' => 'application/x-www-form-urlencoded; charset=UTF-8',
  'user-agent' => 'Mozilla/5.0 (Windows NT 6.1; WOW64) AppleWebKit/537.36 (KHTML, like Gecko) Chrome/61.0.3163.91 Safari/537.36',
  'x-requested-with' => 'XMLHttpRequest',
  'origin' => 'http://127.0.0.2',
  'accept' => '*/*',
  'content-length' => '14',
  'connection' => 'close',
  'host' => '127.0.0.2',
)
[ info ] [ PARAM ] array (
  'id' => '20144230042',
)
[ info ] [ RUN ] app\admin\controller\User->tab_2[ D:\phpStudy\WWW\bxg\bxgAdmin\application\admin\controller\User.php ]
[ info ] [ VIEW ] D:\phpStudy\WWW\bxg\bxgAdmin/./application/admin\view\user\tab_2.html [ array (
) ]
[ info ] [ LOG ] INIT File
[ error ] [8]未定义变量: arr[D:\phpStudy\WWW\bxg\bxgAdmin\runtime\temp\82274e2dfbd03803ecc5edbc9eb9f7f6.php:22]
---------------------------------------------------------------
[ 2017-11-07T15:11:08+08:00 ] 127.0.0.2 127.0.0.1 POST /index.php/admin/user/tab_5
[ info ] 127.0.0.2/index.php/admin/user/tab_5 [运行时间：0.027001s][吞吐率：37.04req/s] [内存消耗：1,254.12kb] [文件加载：48]
[ info ] [ LANG ] D:\phpStudy\WWW\bxg\bxgAdmin\thinkphp\lang\zh-cn.php
[ info ] [ ROUTE ] array (
  'type' => 'module',
  'module' => 
  array (
    0 => 'admin',
    1 => 'user',
    2 => 'tab_5',
  ),
)
[ info ] [ HEADER ] array (
  'cookie' => 'thinkphp_show_page_trace=0|0; thinkphp_show_page_trace=0|0; thinkphp_show_page_trace=0|0; b_adminuid=20144230042; b_Staffrole=8',
  'accept-language' => 'zh-CN,zh;q=0.8',
  'accept-encoding' => 'gzip, deflate, br',
  'referer' => 'http://127.0.0.2/index.php/admin/index/user_info/id/20144230042.html',
  'content-type' => 'application/x-www-form-urlencoded; charset=UTF-8',
  'user-agent' => 'Mozilla/5.0 (Windows NT 6.1; WOW64) AppleWebKit/537.36 (KHTML, like Gecko) Chrome/61.0.3163.91 Safari/537.36',
  'x-requested-with' => 'XMLHttpRequest',
  'origin' => 'http://127.0.0.2',
  'accept' => '*/*',
  'content-length' => '14',
  'connection' => 'close',
  'host' => '127.0.0.2',
)
[ info ] [ PARAM ] array (
  'id' => '20144230042',
)
[ info ] [ RUN ] app\admin\controller\User->tab_5[ D:\phpStudy\WWW\bxg\bxgAdmin\application\admin\controller\User.php ]
[ info ] [ VIEW ] D:\phpStudy\WWW\bxg\bxgAdmin/./application/admin\view\user\tab_5.html [ array (
) ]
[ info ] [ LOG ] INIT File
---------------------------------------------------------------
[ 2017-11-07T15:11:08+08:00 ] 127.0.0.2 127.0.0.1 POST /index.php/admin/user/tab_4
[ info ] 127.0.0.2/index.php/admin/user/tab_4 [运行时间：0.053003s][吞吐率：18.87req/s] [内存消耗：1,254.69kb] [文件加载：48]
[ info ] [ LANG ] D:\phpStudy\WWW\bxg\bxgAdmin\thinkphp\lang\zh-cn.php
[ info ] [ ROUTE ] array (
  'type' => 'module',
  'module' => 
  array (
    0 => 'admin',
    1 => 'user',
    2 => 'tab_4',
  ),
)
[ info ] [ HEADER ] array (
  'cookie' => 'thinkphp_show_page_trace=0|0; thinkphp_show_page_trace=0|0; thinkphp_show_page_trace=0|0; b_adminuid=20144230042; b_Staffrole=8',
  'accept-language' => 'zh-CN,zh;q=0.8',
  'accept-encoding' => 'gzip, deflate, br',
  'referer' => 'http://127.0.0.2/index.php/admin/index/user_info/id/20144230042.html',
  'content-type' => 'application/x-www-form-urlencoded; charset=UTF-8',
  'user-agent' => 'Mozilla/5.0 (Windows NT 6.1; WOW64) AppleWebKit/537.36 (KHTML, like Gecko) Chrome/61.0.3163.91 Safari/537.36',
  'x-requested-with' => 'XMLHttpRequest',
  'origin' => 'http://127.0.0.2',
  'accept' => '*/*',
  'content-length' => '14',
  'connection' => 'close',
  'host' => '127.0.0.2',
)
[ info ] [ PARAM ] array (
  'id' => '20144230042',
)
[ info ] [ RUN ] app\admin\controller\User->tab_4[ D:\phpStudy\WWW\bxg\bxgAdmin\application\admin\controller\User.php ]
[ info ] [ VIEW ] D:\phpStudy\WWW\bxg\bxgAdmin/./application/admin\view\user\tab_4.html [ array (
) ]
[ info ] [ LOG ] INIT File
---------------------------------------------------------------
[ 2017-11-07T15:11:09+08:00 ] 127.0.0.2 127.0.0.1 POST /index.php/admin/user/tab_3
[ info ] 127.0.0.2/index.php/admin/user/tab_3 [运行时间：0.024002s][吞吐率：41.66req/s] [内存消耗：1,135.38kb] [文件加载：46]
[ info ] [ LANG ] D:\phpStudy\WWW\bxg\bxgAdmin\thinkphp\lang\zh-cn.php
[ info ] [ ROUTE ] array (
  'type' => 'module',
  'module' => 
  array (
    0 => 'admin',
    1 => 'user',
    2 => 'tab_3',
  ),
)
[ info ] [ HEADER ] array (
  'cookie' => 'thinkphp_show_page_trace=0|0; thinkphp_show_page_trace=0|0; thinkphp_show_page_trace=0|0; b_adminuid=20144230042; b_Staffrole=8',
  'accept-language' => 'zh-CN,zh;q=0.8',
  'accept-encoding' => 'gzip, deflate, br',
  'referer' => 'http://127.0.0.2/index.php/admin/index/user_info/id/20144230042.html',
  'content-type' => 'application/x-www-form-urlencoded; charset=UTF-8',
  'user-agent' => 'Mozilla/5.0 (Windows NT 6.1; WOW64) AppleWebKit/537.36 (KHTML, like Gecko) Chrome/61.0.3163.91 Safari/537.36',
  'x-requested-with' => 'XMLHttpRequest',
  'origin' => 'http://127.0.0.2',
  'accept' => '*/*',
  'content-length' => '14',
  'connection' => 'close',
  'host' => '127.0.0.2',
)
[ info ] [ PARAM ] array (
  'id' => '20144230042',
)
[ info ] [ RUN ] app\admin\controller\User->tab_3[ D:\phpStudy\WWW\bxg\bxgAdmin\application\admin\controller\User.php ]
[ info ] [ VIEW ] D:\phpStudy\WWW\bxg\bxgAdmin/./application/admin\view\user\tab_3.html [ array (
) ]
[ info ] [ LOG ] INIT File
---------------------------------------------------------------
[ 2017-11-07T15:11:10+08:00 ] 127.0.0.2 127.0.0.1 POST /index.php/admin/user/tab_2
[ info ] 127.0.0.2/index.php/admin/user/tab_2 [运行时间：0.047201s][吞吐率：21.19req/s] [内存消耗：1,159.63kb] [文件加载：49]
[ info ] [ LANG ] D:\phpStudy\WWW\bxg\bxgAdmin\thinkphp\lang\zh-cn.php
[ info ] [ ROUTE ] array (
  'type' => 'module',
  'module' => 
  array (
    0 => 'admin',
    1 => 'user',
    2 => 'tab_2',
  ),
)
[ info ] [ HEADER ] array (
  'cookie' => 'thinkphp_show_page_trace=0|0; thinkphp_show_page_trace=0|0; thinkphp_show_page_trace=0|0; b_adminuid=20144230042; b_Staffrole=8',
  'accept-language' => 'zh-CN,zh;q=0.8',
  'accept-encoding' => 'gzip, deflate, br',
  'referer' => 'http://127.0.0.2/index.php/admin/index/user_info/id/20144230042.html',
  'content-type' => 'application/x-www-form-urlencoded; charset=UTF-8',
  'user-agent' => 'Mozilla/5.0 (Windows NT 6.1; WOW64) AppleWebKit/537.36 (KHTML, like Gecko) Chrome/61.0.3163.91 Safari/537.36',
  'x-requested-with' => 'XMLHttpRequest',
  'origin' => 'http://127.0.0.2',
  'accept' => '*/*',
  'content-length' => '14',
  'connection' => 'close',
  'host' => '127.0.0.2',
)
[ info ] [ PARAM ] array (
  'id' => '20144230042',
)
[ info ] [ RUN ] app\admin\controller\User->tab_2[ D:\phpStudy\WWW\bxg\bxgAdmin\application\admin\controller\User.php ]
[ info ] [ VIEW ] D:\phpStudy\WWW\bxg\bxgAdmin/./application/admin\view\user\tab_2.html [ array (
) ]
[ info ] [ LOG ] INIT File
[ error ] [8]未定义变量: arr[D:\phpStudy\WWW\bxg\bxgAdmin\runtime\temp\82274e2dfbd03803ecc5edbc9eb9f7f6.php:22]
---------------------------------------------------------------
[ 2017-11-07T15:11:10+08:00 ] 127.0.0.2 127.0.0.1 POST /index.php/admin/user/tab_1
[ info ] 127.0.0.2/index.php/admin/user/tab_1 [运行时间：0.399213s][吞吐率：2.50req/s] [内存消耗：2,294.41kb] [文件加载：68]
[ info ] [ LANG ] D:\phpStudy\WWW\bxg\bxgAdmin\thinkphp\lang\zh-cn.php
[ info ] [ ROUTE ] array (
  'type' => 'module',
  'module' => 
  array (
    0 => 'admin',
    1 => 'user',
    2 => 'tab_1',
  ),
)
[ info ] [ HEADER ] array (
  'cookie' => 'thinkphp_show_page_trace=0|0; thinkphp_show_page_trace=0|0; thinkphp_show_page_trace=0|0; b_adminuid=20144230042; b_Staffrole=8',
  'accept-language' => 'zh-CN,zh;q=0.8',
  'accept-encoding' => 'gzip, deflate, br',
  'referer' => 'http://127.0.0.2/index.php/admin/index/user_info/id/20144230042.html',
  'content-type' => 'application/x-www-form-urlencoded; charset=UTF-8',
  'user-agent' => 'Mozilla/5.0 (Windows NT 6.1; WOW64) AppleWebKit/537.36 (KHTML, like Gecko) Chrome/61.0.3163.91 Safari/537.36',
  'x-requested-with' => 'XMLHttpRequest',
  'origin' => 'http://127.0.0.2',
  'accept' => '*/*',
  'content-length' => '14',
  'connection' => 'close',
  'host' => '127.0.0.2',
)
[ info ] [ PARAM ] array (
  'id' => '20144230042',
)
[ info ] [ RUN ] app\admin\controller\User->tab_1[ D:\phpStudy\WWW\bxg\bxgAdmin\application\admin\controller\User.php ]
[ info ] [ DB ] INIT mysql
[ info ] [ VIEW ] D:\phpStudy\WWW\bxg\bxgAdmin/./application/admin\view\user\tab_1.html [ array (
  0 => 'arr',
) ]
[ info ] [ LOG ] INIT File
[ sql ] [ DB ] CONNECT:[ UseTime:0.012001s ] mysql:dbname=bxgogo;host=192.168.1.26;charset=utf8
[ sql ] [ SQL ] SHOW COLUMNS FROM `user_info` [ RunTime:0.034601s ]
[ sql ] [ SQL ] SELECT * FROM `user_info` WHERE  `uId` = 20144230042 LIMIT 1 [ RunTime:0.000000s ]
[ sql ] [ SQL ] SHOW COLUMNS FROM `user_honor` [ RunTime:0.033601s ]
[ sql ] [ SQL ] SELECT * FROM `user_honor` WHERE  `uId` = 20144230042 [ RunTime:0.000000s ]
[ sql ] [ SQL ] SHOW COLUMNS FROM `user_follow` [ RunTime:0.031200s ]
[ sql ] [ SQL ] SELECT * FROM `user_follow` WHERE  `uId` = 20144230042 [ RunTime:0.000000s ]
[ sql ] [ SQL ] SHOW COLUMNS FROM `user_collection` [ RunTime:0.060202s ]
[ sql ] [ SQL ] SELECT * FROM `user_collection` WHERE  `uId` = 20144230042 [ RunTime:0.000000s ]
[ sql ] [ SQL ] SHOW COLUMNS FROM `user_agreement` [ RunTime:0.041602s ]
[ sql ] [ SQL ] SELECT * FROM `user_agreement` WHERE  `uId` = 20144230042 [ RunTime:0.002000s ]
[ sql ] [ SQL ] SHOW COLUMNS FROM `user_resume` [ RunTime:0.032002s ]
[ sql ] [ SQL ] SELECT * FROM `user_resume` WHERE  `uId` = 20144230042 [ RunTime:0.000000s ]
[ sql ] [ SQL ] SHOW COLUMNS FROM `user_recommend` [ RunTime:0.031200s ]
[ sql ] [ SQL ] SELECT * FROM `user_recommend` WHERE  `uId` = 20144230042 [ RunTime:0.000000s ]
[ sql ] [ SQL ] SHOW COLUMNS FROM `user_close` [ RunTime:0.047601s ]
[ sql ] [ SQL ] SELECT * FROM `user_close` WHERE  `uId` = 20144230042 [ RunTime:0.001001s ]
[ sql ] [ SQL ] SELECT * FROM `user_recommend` WHERE  `uId` = 20144230042 LIMIT 1 [ RunTime:0.001000s ]
[ sql ] [ SQL ] SELECT `uId`,`id`,`nickName` FROM `user_info` WHERE  `uId` = 123 [ RunTime:0.001000s ]
[ error ] [8]未定义数组索引: Icon[D:\phpStudy\WWW\bxg\bxgAdmin\runtime\temp\4f0c14876b5357e25d64c129829cec23.php:5]
---------------------------------------------------------------
[ 2017-11-07T15:11:11+08:00 ] 127.0.0.2 127.0.0.1 POST /index.php/admin/user/tab_2
[ info ] 127.0.0.2/index.php/admin/user/tab_2 [运行时间：0.038002s][吞吐率：26.31req/s] [内存消耗：1,159.63kb] [文件加载：49]
[ info ] [ LANG ] D:\phpStudy\WWW\bxg\bxgAdmin\thinkphp\lang\zh-cn.php
[ info ] [ ROUTE ] array (
  'type' => 'module',
  'module' => 
  array (
    0 => 'admin',
    1 => 'user',
    2 => 'tab_2',
  ),
)
[ info ] [ HEADER ] array (
  'cookie' => 'thinkphp_show_page_trace=0|0; thinkphp_show_page_trace=0|0; thinkphp_show_page_trace=0|0; b_adminuid=20144230042; b_Staffrole=8',
  'accept-language' => 'zh-CN,zh;q=0.8',
  'accept-encoding' => 'gzip, deflate, br',
  'referer' => 'http://127.0.0.2/index.php/admin/index/user_info/id/20144230042.html',
  'content-type' => 'application/x-www-form-urlencoded; charset=UTF-8',
  'user-agent' => 'Mozilla/5.0 (Windows NT 6.1; WOW64) AppleWebKit/537.36 (KHTML, like Gecko) Chrome/61.0.3163.91 Safari/537.36',
  'x-requested-with' => 'XMLHttpRequest',
  'origin' => 'http://127.0.0.2',
  'accept' => '*/*',
  'content-length' => '14',
  'connection' => 'close',
  'host' => '127.0.0.2',
)
[ info ] [ PARAM ] array (
  'id' => '20144230042',
)
[ info ] [ RUN ] app\admin\controller\User->tab_2[ D:\phpStudy\WWW\bxg\bxgAdmin\application\admin\controller\User.php ]
[ info ] [ VIEW ] D:\phpStudy\WWW\bxg\bxgAdmin/./application/admin\view\user\tab_2.html [ array (
) ]
[ info ] [ LOG ] INIT File
[ error ] [8]未定义变量: arr[D:\phpStudy\WWW\bxg\bxgAdmin\runtime\temp\82274e2dfbd03803ecc5edbc9eb9f7f6.php:22]
---------------------------------------------------------------
[ 2017-11-07T15:11:12+08:00 ] 127.0.0.2 127.0.0.1 POST /index.php/admin/user/tab_1
[ info ] 127.0.0.2/index.php/admin/user/tab_1 [运行时间：0.354619s][吞吐率：2.82req/s] [内存消耗：2,294.41kb] [文件加载：68]
[ info ] [ LANG ] D:\phpStudy\WWW\bxg\bxgAdmin\thinkphp\lang\zh-cn.php
[ info ] [ ROUTE ] array (
  'type' => 'module',
  'module' => 
  array (
    0 => 'admin',
    1 => 'user',
    2 => 'tab_1',
  ),
)
[ info ] [ HEADER ] array (
  'cookie' => 'thinkphp_show_page_trace=0|0; thinkphp_show_page_trace=0|0; thinkphp_show_page_trace=0|0; b_adminuid=20144230042; b_Staffrole=8',
  'accept-language' => 'zh-CN,zh;q=0.8',
  'accept-encoding' => 'gzip, deflate, br',
  'referer' => 'http://127.0.0.2/index.php/admin/index/user_info/id/20144230042.html',
  'content-type' => 'application/x-www-form-urlencoded; charset=UTF-8',
  'user-agent' => 'Mozilla/5.0 (Windows NT 6.1; WOW64) AppleWebKit/537.36 (KHTML, like Gecko) Chrome/61.0.3163.91 Safari/537.36',
  'x-requested-with' => 'XMLHttpRequest',
  'origin' => 'http://127.0.0.2',
  'accept' => '*/*',
  'content-length' => '14',
  'connection' => 'close',
  'host' => '127.0.0.2',
)
[ info ] [ PARAM ] array (
  'id' => '20144230042',
)
[ info ] [ RUN ] app\admin\controller\User->tab_1[ D:\phpStudy\WWW\bxg\bxgAdmin\application\admin\controller\User.php ]
[ info ] [ DB ] INIT mysql
[ info ] [ VIEW ] D:\phpStudy\WWW\bxg\bxgAdmin/./application/admin\view\user\tab_1.html [ array (
  0 => 'arr',
) ]
[ info ] [ LOG ] INIT File
[ sql ] [ DB ] CONNECT:[ UseTime:0.002000s ] mysql:dbname=bxgogo;host=192.168.1.26;charset=utf8
[ sql ] [ SQL ] SHOW COLUMNS FROM `user_info` [ RunTime:0.034002s ]
[ sql ] [ SQL ] SELECT * FROM `user_info` WHERE  `uId` = 20144230042 LIMIT 1 [ RunTime:0.002000s ]
[ sql ] [ SQL ] SHOW COLUMNS FROM `user_honor` [ RunTime:0.031002s ]
[ sql ] [ SQL ] SELECT * FROM `user_honor` WHERE  `uId` = 20144230042 [ RunTime:0.002000s ]
[ sql ] [ SQL ] SHOW COLUMNS FROM `user_follow` [ RunTime:0.034002s ]
[ sql ] [ SQL ] SELECT * FROM `user_follow` WHERE  `uId` = 20144230042 [ RunTime:0.001000s ]
[ sql ] [ SQL ] SHOW COLUMNS FROM `user_collection` [ RunTime:0.034002s ]
[ sql ] [ SQL ] SELECT * FROM `user_collection` WHERE  `uId` = 20144230042 [ RunTime:0.002000s ]
[ sql ] [ SQL ] SHOW COLUMNS FROM `user_agreement` [ RunTime:0.034002s ]
[ sql ] [ SQL ] SELECT * FROM `user_agreement` WHERE  `uId` = 20144230042 [ RunTime:0.001000s ]
[ sql ] [ SQL ] SHOW COLUMNS FROM `user_resume` [ RunTime:0.034002s ]
[ sql ] [ SQL ] SELECT * FROM `user_resume` WHERE  `uId` = 20144230042 [ RunTime:0.002000s ]
[ sql ] [ SQL ] SHOW COLUMNS FROM `user_recommend` [ RunTime:0.034001s ]
[ sql ] [ SQL ] SELECT * FROM `user_recommend` WHERE  `uId` = 20144230042 [ RunTime:0.001001s ]
[ sql ] [ SQL ] SHOW COLUMNS FROM `user_close` [ RunTime:0.033001s ]
[ sql ] [ SQL ] SELECT * FROM `user_close` WHERE  `uId` = 20144230042 [ RunTime:0.001000s ]
[ sql ] [ SQL ] SELECT * FROM `user_recommend` WHERE  `uId` = 20144230042 LIMIT 1 [ RunTime:0.001000s ]
[ sql ] [ SQL ] SELECT `uId`,`id`,`nickName` FROM `user_info` WHERE  `uId` = 123 [ RunTime:0.001000s ]
[ error ] [8]未定义数组索引: Icon[D:\phpStudy\WWW\bxg\bxgAdmin\runtime\temp\4f0c14876b5357e25d64c129829cec23.php:5]
---------------------------------------------------------------
[ 2017-11-07T15:11:14+08:00 ] 127.0.0.2 127.0.0.1 GET /index.php/admin/index/user_info/id/20144230042.html
[ info ] 127.0.0.2/index.php/admin/index/user_info/id/20144230042.html [运行时间：0.350020s][吞吐率：2.86req/s] [内存消耗：2,411.53kb] [文件加载：68]
[ info ] [ LANG ] D:\phpStudy\WWW\bxg\bxgAdmin\thinkphp\lang\zh-cn.php
[ info ] [ ROUTE ] array (
  'type' => 'module',
  'module' => 
  array (
    0 => 'admin',
    1 => 'index',
    2 => 'user_info',
  ),
)
[ info ] [ HEADER ] array (
  'cookie' => 'thinkphp_show_page_trace=0|0; thinkphp_show_page_trace=0|0; thinkphp_show_page_trace=0|0; thinkphp_show_page_trace=0|0; b_adminuid=20144230042; b_Staffrole=8',
  'accept-language' => 'zh-CN,zh;q=0.8',
  'accept-encoding' => 'gzip, deflate, br',
  'referer' => 'http://127.0.0.2/index.php/admin/index/user_list.html',
  'accept' => 'text/html,application/xhtml+xml,application/xml;q=0.9,image/webp,image/apng,*/*;q=0.8',
  'user-agent' => 'Mozilla/5.0 (Windows NT 6.1; WOW64) AppleWebKit/537.36 (KHTML, like Gecko) Chrome/61.0.3163.91 Safari/537.36',
  'upgrade-insecure-requests' => '1',
  'cache-control' => 'max-age=0',
  'connection' => 'close',
  'host' => '127.0.0.2',
)
[ info ] [ PARAM ] array (
  'id' => '20144230042',
)
[ info ] [ RUN ] app\admin\controller\Index->user_info[ D:\phpStudy\WWW\bxg\bxgAdmin\application\admin\controller\Index.php ]
[ info ] [ DB ] INIT mysql
[ info ] [ VIEW ] D:\phpStudy\WWW\bxg\bxgAdmin/./application/admin\view\index\user_info.html [ array (
  0 => 'arr',
) ]
[ info ] [ LOG ] INIT File
[ sql ] [ DB ] CONNECT:[ UseTime:0.002000s ] mysql:dbname=bxgogo;host=192.168.1.26;charset=utf8
[ sql ] [ SQL ] SHOW COLUMNS FROM `user_info` [ RunTime:0.049003s ]
[ sql ] [ SQL ] SELECT * FROM `user_info` WHERE  `uId` = 20144230042 LIMIT 1 [ RunTime:0.002000s ]
[ sql ] [ SQL ] SHOW COLUMNS FROM `user_honor` [ RunTime:0.031002s ]
[ sql ] [ SQL ] SELECT * FROM `user_honor` WHERE  `uId` = 20144230042 [ RunTime:0.001000s ]
[ sql ] [ SQL ] SHOW COLUMNS FROM `user_follow` [ RunTime:0.028002s ]
[ sql ] [ SQL ] SELECT * FROM `user_follow` WHERE  `uId` = 20144230042 [ RunTime:0.001000s ]
[ sql ] [ SQL ] SHOW COLUMNS FROM `user_collection` [ RunTime:0.029002s ]
[ sql ] [ SQL ] SELECT * FROM `user_collection` WHERE  `uId` = 20144230042 [ RunTime:0.001000s ]
[ sql ] [ SQL ] SHOW COLUMNS FROM `user_agreement` [ RunTime:0.034002s ]
[ sql ] [ SQL ] SELECT * FROM `user_agreement` WHERE  `uId` = 20144230042 [ RunTime:0.001000s ]
[ sql ] [ SQL ] SHOW COLUMNS FROM `user_resume` [ RunTime:0.033002s ]
[ sql ] [ SQL ] SELECT * FROM `user_resume` WHERE  `uId` = 20144230042 [ RunTime:0.001000s ]
[ sql ] [ SQL ] SHOW COLUMNS FROM `user_recommend` [ RunTime:0.035002s ]
[ sql ] [ SQL ] SELECT * FROM `user_recommend` WHERE  `uId` = 20144230042 [ RunTime:0.001000s ]
[ sql ] [ SQL ] SHOW COLUMNS FROM `user_close` [ RunTime:0.035002s ]
[ sql ] [ SQL ] SELECT * FROM `user_close` WHERE  `uId` = 20144230042 [ RunTime:0.001000s ]
[ sql ] [ SQL ] SELECT * FROM `user_recommend` WHERE  `uId` = 20144230042 LIMIT 1 [ RunTime:0.001000s ]
[ sql ] [ SQL ] SELECT `uId`,`id`,`nickName` FROM `user_info` WHERE  `uId` = 123 [ RunTime:0.002000s ]
---------------------------------------------------------------
[ 2017-11-07T15:11:15+08:00 ] 127.0.0.2 127.0.0.1 POST /index.php/admin/user/tab_1
[ info ] 127.0.0.2/index.php/admin/user/tab_1 [运行时间：0.354020s][吞吐率：2.82req/s] [内存消耗：2,294.41kb] [文件加载：68]
[ info ] [ LANG ] D:\phpStudy\WWW\bxg\bxgAdmin\thinkphp\lang\zh-cn.php
[ info ] [ ROUTE ] array (
  'type' => 'module',
  'module' => 
  array (
    0 => 'admin',
    1 => 'user',
    2 => 'tab_1',
  ),
)
[ info ] [ HEADER ] array (
  'cookie' => 'thinkphp_show_page_trace=0|0; thinkphp_show_page_trace=0|0; thinkphp_show_page_trace=0|0; b_adminuid=20144230042; b_Staffrole=8',
  'accept-language' => 'zh-CN,zh;q=0.8',
  'accept-encoding' => 'gzip, deflate, br',
  'referer' => 'http://127.0.0.2/index.php/admin/index/user_info/id/20144230042.html',
  'content-type' => 'application/x-www-form-urlencoded; charset=UTF-8',
  'user-agent' => 'Mozilla/5.0 (Windows NT 6.1; WOW64) AppleWebKit/537.36 (KHTML, like Gecko) Chrome/61.0.3163.91 Safari/537.36',
  'x-requested-with' => 'XMLHttpRequest',
  'origin' => 'http://127.0.0.2',
  'accept' => '*/*',
  'content-length' => '14',
  'connection' => 'close',
  'host' => '127.0.0.2',
)
[ info ] [ PARAM ] array (
  'id' => '20144230042',
)
[ info ] [ RUN ] app\admin\controller\User->tab_1[ D:\phpStudy\WWW\bxg\bxgAdmin\application\admin\controller\User.php ]
[ info ] [ DB ] INIT mysql
[ info ] [ VIEW ] D:\phpStudy\WWW\bxg\bxgAdmin/./application/admin\view\user\tab_1.html [ array (
  0 => 'arr',
) ]
[ info ] [ LOG ] INIT File
[ sql ] [ DB ] CONNECT:[ UseTime:0.012000s ] mysql:dbname=bxgogo;host=192.168.1.26;charset=utf8
[ sql ] [ SQL ] SHOW COLUMNS FROM `user_info` [ RunTime:0.040003s ]
[ sql ] [ SQL ] SELECT * FROM `user_info` WHERE  `uId` = 20144230042 LIMIT 1 [ RunTime:0.002000s ]
[ sql ] [ SQL ] SHOW COLUMNS FROM `user_honor` [ RunTime:0.031002s ]
[ sql ] [ SQL ] SELECT * FROM `user_honor` WHERE  `uId` = 20144230042 [ RunTime:0.001000s ]
[ sql ] [ SQL ] SHOW COLUMNS FROM `user_follow` [ RunTime:0.034002s ]
[ sql ] [ SQL ] SELECT * FROM `user_follow` WHERE  `uId` = 20144230042 [ RunTime:0.001000s ]
[ sql ] [ SQL ] SHOW COLUMNS FROM `user_collection` [ RunTime:0.034002s ]
[ sql ] [ SQL ] SELECT * FROM `user_collection` WHERE  `uId` = 20144230042 [ RunTime:0.001000s ]
[ sql ] [ SQL ] SHOW COLUMNS FROM `user_agreement` [ RunTime:0.026002s ]
[ sql ] [ SQL ] SELECT * FROM `user_agreement` WHERE  `uId` = 20144230042 [ RunTime:0.001000s ]
[ sql ] [ SQL ] SHOW COLUMNS FROM `user_resume` [ RunTime:0.036002s ]
[ sql ] [ SQL ] SELECT * FROM `user_resume` WHERE  `uId` = 20144230042 [ RunTime:0.002000s ]
[ sql ] [ SQL ] SHOW COLUMNS FROM `user_recommend` [ RunTime:0.024001s ]
[ sql ] [ SQL ] SELECT * FROM `user_recommend` WHERE  `uId` = 20144230042 [ RunTime:0.001000s ]
[ sql ] [ SQL ] SHOW COLUMNS FROM `user_close` [ RunTime:0.034001s ]
[ sql ] [ SQL ] SELECT * FROM `user_close` WHERE  `uId` = 20144230042 [ RunTime:0.001001s ]
[ sql ] [ SQL ] SELECT * FROM `user_recommend` WHERE  `uId` = 20144230042 LIMIT 1 [ RunTime:0.001000s ]
[ sql ] [ SQL ] SELECT `uId`,`id`,`nickName` FROM `user_info` WHERE  `uId` = 123 [ RunTime:0.001000s ]
[ error ] [8]未定义数组索引: Icon[D:\phpStudy\WWW\bxg\bxgAdmin\runtime\temp\4f0c14876b5357e25d64c129829cec23.php:5]
---------------------------------------------------------------
[ 2017-11-07T15:11:15+08:00 ] 127.0.0.2 127.0.0.1 POST /index.php/admin/user/tab_2
[ info ] 127.0.0.2/index.php/admin/user/tab_2 [运行时间：0.041601s][吞吐率：24.04req/s] [内存消耗：1,159.63kb] [文件加载：49]
[ info ] [ LANG ] D:\phpStudy\WWW\bxg\bxgAdmin\thinkphp\lang\zh-cn.php
[ info ] [ ROUTE ] array (
  'type' => 'module',
  'module' => 
  array (
    0 => 'admin',
    1 => 'user',
    2 => 'tab_2',
  ),
)
[ info ] [ HEADER ] array (
  'cookie' => 'thinkphp_show_page_trace=0|0; thinkphp_show_page_trace=0|0; thinkphp_show_page_trace=0|0; b_adminuid=20144230042; b_Staffrole=8',
  'accept-language' => 'zh-CN,zh;q=0.8',
  'accept-encoding' => 'gzip, deflate, br',
  'referer' => 'http://127.0.0.2/index.php/admin/index/user_info/id/20144230042.html',
  'content-type' => 'application/x-www-form-urlencoded; charset=UTF-8',
  'user-agent' => 'Mozilla/5.0 (Windows NT 6.1; WOW64) AppleWebKit/537.36 (KHTML, like Gecko) Chrome/61.0.3163.91 Safari/537.36',
  'x-requested-with' => 'XMLHttpRequest',
  'origin' => 'http://127.0.0.2',
  'accept' => '*/*',
  'content-length' => '14',
  'connection' => 'close',
  'host' => '127.0.0.2',
)
[ info ] [ PARAM ] array (
  'id' => '20144230042',
)
[ info ] [ RUN ] app\admin\controller\User->tab_2[ D:\phpStudy\WWW\bxg\bxgAdmin\application\admin\controller\User.php ]
[ info ] [ VIEW ] D:\phpStudy\WWW\bxg\bxgAdmin/./application/admin\view\user\tab_2.html [ array (
) ]
[ info ] [ LOG ] INIT File
[ error ] [8]未定义变量: arr[D:\phpStudy\WWW\bxg\bxgAdmin\runtime\temp\82274e2dfbd03803ecc5edbc9eb9f7f6.php:22]
---------------------------------------------------------------
[ 2017-11-07T15:11:16+08:00 ] 127.0.0.2 127.0.0.1 POST /index.php/admin/user/tab_1
[ info ] 127.0.0.2/index.php/admin/user/tab_1 [运行时间：0.362616s][吞吐率：2.76req/s] [内存消耗：2,294.41kb] [文件加载：68]
[ info ] [ LANG ] D:\phpStudy\WWW\bxg\bxgAdmin\thinkphp\lang\zh-cn.php
[ info ] [ ROUTE ] array (
  'type' => 'module',
  'module' => 
  array (
    0 => 'admin',
    1 => 'user',
    2 => 'tab_1',
  ),
)
[ info ] [ HEADER ] array (
  'cookie' => 'thinkphp_show_page_trace=0|0; thinkphp_show_page_trace=0|0; thinkphp_show_page_trace=0|0; b_adminuid=20144230042; b_Staffrole=8',
  'accept-language' => 'zh-CN,zh;q=0.8',
  'accept-encoding' => 'gzip, deflate, br',
  'referer' => 'http://127.0.0.2/index.php/admin/index/user_info/id/20144230042.html',
  'content-type' => 'application/x-www-form-urlencoded; charset=UTF-8',
  'user-agent' => 'Mozilla/5.0 (Windows NT 6.1; WOW64) AppleWebKit/537.36 (KHTML, like Gecko) Chrome/61.0.3163.91 Safari/537.36',
  'x-requested-with' => 'XMLHttpRequest',
  'origin' => 'http://127.0.0.2',
  'accept' => '*/*',
  'content-length' => '14',
  'connection' => 'close',
  'host' => '127.0.0.2',
)
[ info ] [ PARAM ] array (
  'id' => '20144230042',
)
[ info ] [ RUN ] app\admin\controller\User->tab_1[ D:\phpStudy\WWW\bxg\bxgAdmin\application\admin\controller\User.php ]
[ info ] [ DB ] INIT mysql
[ info ] [ VIEW ] D:\phpStudy\WWW\bxg\bxgAdmin/./application/admin\view\user\tab_1.html [ array (
  0 => 'arr',
) ]
[ info ] [ LOG ] INIT File
[ sql ] [ DB ] CONNECT:[ UseTime:0.012001s ] mysql:dbname=bxgogo;host=192.168.1.26;charset=utf8
[ sql ] [ SQL ] SHOW COLUMNS FROM `user_info` [ RunTime:0.046002s ]
[ sql ] [ SQL ] SELECT * FROM `user_info` WHERE  `uId` = 20144230042 LIMIT 1 [ RunTime:0.001000s ]
[ sql ] [ SQL ] SHOW COLUMNS FROM `user_honor` [ RunTime:0.035002s ]
[ sql ] [ SQL ] SELECT * FROM `user_honor` WHERE  `uId` = 20144230042 [ RunTime:0.001000s ]
[ sql ] [ SQL ] SHOW COLUMNS FROM `user_follow` [ RunTime:0.015600s ]
[ sql ] [ SQL ] SELECT * FROM `user_follow` WHERE  `uId` = 20144230042 [ RunTime:0.015600s ]
[ sql ] [ SQL ] SHOW COLUMNS FROM `user_collection` [ RunTime:0.031200s ]
[ sql ] [ SQL ] SELECT * FROM `user_collection` WHERE  `uId` = 20144230042 [ RunTime:0.018001s ]
[ sql ] [ SQL ] SHOW COLUMNS FROM `user_agreement` [ RunTime:0.032002s ]
[ sql ] [ SQL ] SELECT * FROM `user_agreement` WHERE  `uId` = 20144230042 [ RunTime:0.001000s ]
[ sql ] [ SQL ] SHOW COLUMNS FROM `user_resume` [ RunTime:0.027002s ]
[ sql ] [ SQL ] SELECT * FROM `user_resume` WHERE  `uId` = 20144230042 [ RunTime:0.002000s ]
[ sql ] [ SQL ] SHOW COLUMNS FROM `user_recommend` [ RunTime:0.027001s ]
[ sql ] [ SQL ] SELECT * FROM `user_recommend` WHERE  `uId` = 20144230042 [ RunTime:0.000000s ]
[ sql ] [ SQL ] SHOW COLUMNS FROM `user_close` [ RunTime:0.033200s ]
[ sql ] [ SQL ] SELECT * FROM `user_close` WHERE  `uId` = 20144230042 [ RunTime:0.002001s ]
[ sql ] [ SQL ] SELECT * FROM `user_recommend` WHERE  `uId` = 20144230042 LIMIT 1 [ RunTime:0.001000s ]
[ sql ] [ SQL ] SELECT `uId`,`id`,`nickName` FROM `user_info` WHERE  `uId` = 123 [ RunTime:0.001000s ]
[ error ] [8]未定义数组索引: Icon[D:\phpStudy\WWW\bxg\bxgAdmin\runtime\temp\4f0c14876b5357e25d64c129829cec23.php:5]
---------------------------------------------------------------
[ 2017-11-07T15:11:19+08:00 ] 127.0.0.2 127.0.0.1 POST /index.php/admin/user/tab_2
[ info ] 127.0.0.2/index.php/admin/user/tab_2 [运行时间：0.036002s][吞吐率：27.78req/s] [内存消耗：1,159.63kb] [文件加载：49]
[ info ] [ LANG ] D:\phpStudy\WWW\bxg\bxgAdmin\thinkphp\lang\zh-cn.php
[ info ] [ ROUTE ] array (
  'type' => 'module',
  'module' => 
  array (
    0 => 'admin',
    1 => 'user',
    2 => 'tab_2',
  ),
)
[ info ] [ HEADER ] array (
  'cookie' => 'thinkphp_show_page_trace=0|0; thinkphp_show_page_trace=0|0; thinkphp_show_page_trace=0|0; b_adminuid=20144230042; b_Staffrole=8',
  'accept-language' => 'zh-CN,zh;q=0.8',
  'accept-encoding' => 'gzip, deflate, br',
  'referer' => 'http://127.0.0.2/index.php/admin/index/user_info/id/20144230042.html',
  'content-type' => 'application/x-www-form-urlencoded; charset=UTF-8',
  'user-agent' => 'Mozilla/5.0 (Windows NT 6.1; WOW64) AppleWebKit/537.36 (KHTML, like Gecko) Chrome/61.0.3163.91 Safari/537.36',
  'x-requested-with' => 'XMLHttpRequest',
  'origin' => 'http://127.0.0.2',
  'accept' => '*/*',
  'content-length' => '14',
  'connection' => 'close',
  'host' => '127.0.0.2',
)
[ info ] [ PARAM ] array (
  'id' => '20144230042',
)
[ info ] [ RUN ] app\admin\controller\User->tab_2[ D:\phpStudy\WWW\bxg\bxgAdmin\application\admin\controller\User.php ]
[ info ] [ VIEW ] D:\phpStudy\WWW\bxg\bxgAdmin/./application/admin\view\user\tab_2.html [ array (
) ]
[ info ] [ LOG ] INIT File
[ error ] [8]未定义变量: arr[D:\phpStudy\WWW\bxg\bxgAdmin\runtime\temp\82274e2dfbd03803ecc5edbc9eb9f7f6.php:22]
---------------------------------------------------------------
[ 2017-11-07T15:11:20+08:00 ] 127.0.0.2 127.0.0.1 POST /index.php/admin/user/tab_3
[ info ] 127.0.0.2/index.php/admin/user/tab_3 [运行时间：0.027001s][吞吐率：37.04req/s] [内存消耗：1,135.38kb] [文件加载：46]
[ info ] [ LANG ] D:\phpStudy\WWW\bxg\bxgAdmin\thinkphp\lang\zh-cn.php
[ info ] [ ROUTE ] array (
  'type' => 'module',
  'module' => 
  array (
    0 => 'admin',
    1 => 'user',
    2 => 'tab_3',
  ),
)
[ info ] [ HEADER ] array (
  'cookie' => 'thinkphp_show_page_trace=0|0; thinkphp_show_page_trace=0|0; thinkphp_show_page_trace=0|0; b_adminuid=20144230042; b_Staffrole=8',
  'accept-language' => 'zh-CN,zh;q=0.8',
  'accept-encoding' => 'gzip, deflate, br',
  'referer' => 'http://127.0.0.2/index.php/admin/index/user_info/id/20144230042.html',
  'content-type' => 'application/x-www-form-urlencoded; charset=UTF-8',
  'user-agent' => 'Mozilla/5.0 (Windows NT 6.1; WOW64) AppleWebKit/537.36 (KHTML, like Gecko) Chrome/61.0.3163.91 Safari/537.36',
  'x-requested-with' => 'XMLHttpRequest',
  'origin' => 'http://127.0.0.2',
  'accept' => '*/*',
  'content-length' => '14',
  'connection' => 'close',
  'host' => '127.0.0.2',
)
[ info ] [ PARAM ] array (
  'id' => '20144230042',
)
[ info ] [ RUN ] app\admin\controller\User->tab_3[ D:\phpStudy\WWW\bxg\bxgAdmin\application\admin\controller\User.php ]
[ info ] [ VIEW ] D:\phpStudy\WWW\bxg\bxgAdmin/./application/admin\view\user\tab_3.html [ array (
) ]
[ info ] [ LOG ] INIT File
---------------------------------------------------------------
[ 2017-11-07T15:11:20+08:00 ] 127.0.0.2 127.0.0.1 POST /index.php/admin/user/tab_4
[ info ] 127.0.0.2/index.php/admin/user/tab_4 [运行时间：0.040002s][吞吐率：25.00req/s] [内存消耗：1,135.34kb] [文件加载：46]
[ info ] [ LANG ] D:\phpStudy\WWW\bxg\bxgAdmin\thinkphp\lang\zh-cn.php
[ info ] [ ROUTE ] array (
  'type' => 'module',
  'module' => 
  array (
    0 => 'admin',
    1 => 'user',
    2 => 'tab_4',
  ),
)
[ info ] [ HEADER ] array (
  'cookie' => 'thinkphp_show_page_trace=0|0; thinkphp_show_page_trace=0|0; thinkphp_show_page_trace=0|0; b_adminuid=20144230042; b_Staffrole=8',
  'accept-language' => 'zh-CN,zh;q=0.8',
  'accept-encoding' => 'gzip, deflate, br',
  'referer' => 'http://127.0.0.2/index.php/admin/index/user_info/id/20144230042.html',
  'content-type' => 'application/x-www-form-urlencoded; charset=UTF-8',
  'user-agent' => 'Mozilla/5.0 (Windows NT 6.1; WOW64) AppleWebKit/537.36 (KHTML, like Gecko) Chrome/61.0.3163.91 Safari/537.36',
  'x-requested-with' => 'XMLHttpRequest',
  'origin' => 'http://127.0.0.2',
  'accept' => '*/*',
  'content-length' => '14',
  'connection' => 'close',
  'host' => '127.0.0.2',
)
[ info ] [ PARAM ] array (
  'id' => '20144230042',
)
[ info ] [ RUN ] app\admin\controller\User->tab_4[ D:\phpStudy\WWW\bxg\bxgAdmin\application\admin\controller\User.php ]
[ info ] [ VIEW ] D:\phpStudy\WWW\bxg\bxgAdmin/./application/admin\view\user\tab_4.html [ array (
) ]
[ info ] [ LOG ] INIT File
---------------------------------------------------------------
[ 2017-11-07T15:11:21+08:00 ] 127.0.0.2 127.0.0.1 POST /index.php/admin/user/tab_5
[ info ] 127.0.0.2/index.php/admin/user/tab_5 [运行时间：0.037002s][吞吐率：27.03req/s] [内存消耗：1,135.39kb] [文件加载：46]
[ info ] [ LANG ] D:\phpStudy\WWW\bxg\bxgAdmin\thinkphp\lang\zh-cn.php
[ info ] [ ROUTE ] array (
  'type' => 'module',
  'module' => 
  array (
    0 => 'admin',
    1 => 'user',
    2 => 'tab_5',
  ),
)
[ info ] [ HEADER ] array (
  'cookie' => 'thinkphp_show_page_trace=0|0; thinkphp_show_page_trace=0|0; thinkphp_show_page_trace=0|0; b_adminuid=20144230042; b_Staffrole=8',
  'accept-language' => 'zh-CN,zh;q=0.8',
  'accept-encoding' => 'gzip, deflate, br',
  'referer' => 'http://127.0.0.2/index.php/admin/index/user_info/id/20144230042.html',
  'content-type' => 'application/x-www-form-urlencoded; charset=UTF-8',
  'user-agent' => 'Mozilla/5.0 (Windows NT 6.1; WOW64) AppleWebKit/537.36 (KHTML, like Gecko) Chrome/61.0.3163.91 Safari/537.36',
  'x-requested-with' => 'XMLHttpRequest',
  'origin' => 'http://127.0.0.2',
  'accept' => '*/*',
  'content-length' => '14',
  'connection' => 'close',
  'host' => '127.0.0.2',
)
[ info ] [ PARAM ] array (
  'id' => '20144230042',
)
[ info ] [ RUN ] app\admin\controller\User->tab_5[ D:\phpStudy\WWW\bxg\bxgAdmin\application\admin\controller\User.php ]
[ info ] [ VIEW ] D:\phpStudy\WWW\bxg\bxgAdmin/./application/admin\view\user\tab_5.html [ array (
) ]
[ info ] [ LOG ] INIT File
---------------------------------------------------------------
[ 2017-11-07T15:11:22+08:00 ] 127.0.0.2 127.0.0.1 POST /index.php/admin/user/tab_6
[ info ] 127.0.0.2/index.php/admin/user/tab_6 [运行时间：0.036002s][吞吐率：27.78req/s] [内存消耗：1,251.74kb] [文件加载：48]
[ info ] [ LANG ] D:\phpStudy\WWW\bxg\bxgAdmin\thinkphp\lang\zh-cn.php
[ info ] [ ROUTE ] array (
  'type' => 'module',
  'module' => 
  array (
    0 => 'admin',
    1 => 'user',
    2 => 'tab_6',
  ),
)
[ info ] [ HEADER ] array (
  'cookie' => 'thinkphp_show_page_trace=0|0; thinkphp_show_page_trace=0|0; thinkphp_show_page_trace=0|0; b_adminuid=20144230042; b_Staffrole=8',
  'accept-language' => 'zh-CN,zh;q=0.8',
  'accept-encoding' => 'gzip, deflate, br',
  'referer' => 'http://127.0.0.2/index.php/admin/index/user_info/id/20144230042.html',
  'content-type' => 'application/x-www-form-urlencoded; charset=UTF-8',
  'user-agent' => 'Mozilla/5.0 (Windows NT 6.1; WOW64) AppleWebKit/537.36 (KHTML, like Gecko) Chrome/61.0.3163.91 Safari/537.36',
  'x-requested-with' => 'XMLHttpRequest',
  'origin' => 'http://127.0.0.2',
  'accept' => '*/*',
  'content-length' => '14',
  'connection' => 'close',
  'host' => '127.0.0.2',
)
[ info ] [ PARAM ] array (
  'id' => '20144230042',
)
[ info ] [ RUN ] app\admin\controller\User->tab_6[ D:\phpStudy\WWW\bxg\bxgAdmin\application\admin\controller\User.php ]
[ info ] [ VIEW ] D:\phpStudy\WWW\bxg\bxgAdmin/./application/admin\view\user\tab_6.html [ array (
) ]
[ info ] [ LOG ] INIT File
---------------------------------------------------------------
[ 2017-11-07T15:11:22+08:00 ] 127.0.0.2 127.0.0.1 POST /index.php/admin/user/tab_7
[ info ] 127.0.0.2/index.php/admin/user/tab_7 [运行时间：0.043002s][吞吐率：23.25req/s] [内存消耗：1,252.36kb] [文件加载：48]
[ info ] [ LANG ] D:\phpStudy\WWW\bxg\bxgAdmin\thinkphp\lang\zh-cn.php
[ info ] [ ROUTE ] array (
  'type' => 'module',
  'module' => 
  array (
    0 => 'admin',
    1 => 'user',
    2 => 'tab_7',
  ),
)
[ info ] [ HEADER ] array (
  'cookie' => 'thinkphp_show_page_trace=0|0; thinkphp_show_page_trace=0|0; thinkphp_show_page_trace=0|0; b_adminuid=20144230042; b_Staffrole=8',
  'accept-language' => 'zh-CN,zh;q=0.8',
  'accept-encoding' => 'gzip, deflate, br',
  'referer' => 'http://127.0.0.2/index.php/admin/index/user_info/id/20144230042.html',
  'content-type' => 'application/x-www-form-urlencoded; charset=UTF-8',
  'user-agent' => 'Mozilla/5.0 (Windows NT 6.1; WOW64) AppleWebKit/537.36 (KHTML, like Gecko) Chrome/61.0.3163.91 Safari/537.36',
  'x-requested-with' => 'XMLHttpRequest',
  'origin' => 'http://127.0.0.2',
  'accept' => '*/*',
  'content-length' => '14',
  'connection' => 'close',
  'host' => '127.0.0.2',
)
[ info ] [ PARAM ] array (
  'id' => '20144230042',
)
[ info ] [ RUN ] app\admin\controller\User->tab_7[ D:\phpStudy\WWW\bxg\bxgAdmin\application\admin\controller\User.php ]
[ info ] [ VIEW ] D:\phpStudy\WWW\bxg\bxgAdmin/./application/admin\view\user\tab_7.html [ array (
) ]
[ info ] [ LOG ] INIT File
---------------------------------------------------------------
[ 2017-11-07T15:11:23+08:00 ] 127.0.0.2 127.0.0.1 POST /index.php/admin/user/tab_6
[ info ] 127.0.0.2/index.php/admin/user/tab_6 [运行时间：0.033601s][吞吐率：29.76req/s] [内存消耗：1,135.38kb] [文件加载：46]
[ info ] [ LANG ] D:\phpStudy\WWW\bxg\bxgAdmin\thinkphp\lang\zh-cn.php
[ info ] [ ROUTE ] array (
  'type' => 'module',
  'module' => 
  array (
    0 => 'admin',
    1 => 'user',
    2 => 'tab_6',
  ),
)
[ info ] [ HEADER ] array (
  'cookie' => 'thinkphp_show_page_trace=0|0; thinkphp_show_page_trace=0|0; thinkphp_show_page_trace=0|0; b_adminuid=20144230042; b_Staffrole=8',
  'accept-language' => 'zh-CN,zh;q=0.8',
  'accept-encoding' => 'gzip, deflate, br',
  'referer' => 'http://127.0.0.2/index.php/admin/index/user_info/id/20144230042.html',
  'content-type' => 'application/x-www-form-urlencoded; charset=UTF-8',
  'user-agent' => 'Mozilla/5.0 (Windows NT 6.1; WOW64) AppleWebKit/537.36 (KHTML, like Gecko) Chrome/61.0.3163.91 Safari/537.36',
  'x-requested-with' => 'XMLHttpRequest',
  'origin' => 'http://127.0.0.2',
  'accept' => '*/*',
  'content-length' => '14',
  'connection' => 'close',
  'host' => '127.0.0.2',
)
[ info ] [ PARAM ] array (
  'id' => '20144230042',
)
[ info ] [ RUN ] app\admin\controller\User->tab_6[ D:\phpStudy\WWW\bxg\bxgAdmin\application\admin\controller\User.php ]
[ info ] [ VIEW ] D:\phpStudy\WWW\bxg\bxgAdmin/./application/admin\view\user\tab_6.html [ array (
) ]
[ info ] [ LOG ] INIT File
---------------------------------------------------------------
[ 2017-11-07T15:11:23+08:00 ] 127.0.0.2 127.0.0.1 POST /index.php/admin/user/tab_5
[ info ] 127.0.0.2/index.php/admin/user/tab_5 [运行时间：0.046602s][吞吐率：21.46req/s] [内存消耗：1,135.39kb] [文件加载：46]
[ info ] [ LANG ] D:\phpStudy\WWW\bxg\bxgAdmin\thinkphp\lang\zh-cn.php
[ info ] [ ROUTE ] array (
  'type' => 'module',
  'module' => 
  array (
    0 => 'admin',
    1 => 'user',
    2 => 'tab_5',
  ),
)
[ info ] [ HEADER ] array (
  'cookie' => 'thinkphp_show_page_trace=0|0; thinkphp_show_page_trace=0|0; thinkphp_show_page_trace=0|0; b_adminuid=20144230042; b_Staffrole=8',
  'accept-language' => 'zh-CN,zh;q=0.8',
  'accept-encoding' => 'gzip, deflate, br',
  'referer' => 'http://127.0.0.2/index.php/admin/index/user_info/id/20144230042.html',
  'content-type' => 'application/x-www-form-urlencoded; charset=UTF-8',
  'user-agent' => 'Mozilla/5.0 (Windows NT 6.1; WOW64) AppleWebKit/537.36 (KHTML, like Gecko) Chrome/61.0.3163.91 Safari/537.36',
  'x-requested-with' => 'XMLHttpRequest',
  'origin' => 'http://127.0.0.2',
  'accept' => '*/*',
  'content-length' => '14',
  'connection' => 'close',
  'host' => '127.0.0.2',
)
[ info ] [ PARAM ] array (
  'id' => '20144230042',
)
[ info ] [ RUN ] app\admin\controller\User->tab_5[ D:\phpStudy\WWW\bxg\bxgAdmin\application\admin\controller\User.php ]
[ info ] [ VIEW ] D:\phpStudy\WWW\bxg\bxgAdmin/./application/admin\view\user\tab_5.html [ array (
) ]
[ info ] [ LOG ] INIT File
---------------------------------------------------------------
[ 2017-11-07T15:11:23+08:00 ] 127.0.0.2 127.0.0.1 POST /index.php/admin/user/tab_4
[ info ] 127.0.0.2/index.php/admin/user/tab_4 [运行时间：0.040002s][吞吐率：25.00req/s] [内存消耗：1,135.34kb] [文件加载：46]
[ info ] [ LANG ] D:\phpStudy\WWW\bxg\bxgAdmin\thinkphp\lang\zh-cn.php
[ info ] [ ROUTE ] array (
  'type' => 'module',
  'module' => 
  array (
    0 => 'admin',
    1 => 'user',
    2 => 'tab_4',
  ),
)
[ info ] [ HEADER ] array (
  'cookie' => 'thinkphp_show_page_trace=0|0; thinkphp_show_page_trace=0|0; thinkphp_show_page_trace=0|0; b_adminuid=20144230042; b_Staffrole=8',
  'accept-language' => 'zh-CN,zh;q=0.8',
  'accept-encoding' => 'gzip, deflate, br',
  'referer' => 'http://127.0.0.2/index.php/admin/index/user_info/id/20144230042.html',
  'content-type' => 'application/x-www-form-urlencoded; charset=UTF-8',
  'user-agent' => 'Mozilla/5.0 (Windows NT 6.1; WOW64) AppleWebKit/537.36 (KHTML, like Gecko) Chrome/61.0.3163.91 Safari/537.36',
  'x-requested-with' => 'XMLHttpRequest',
  'origin' => 'http://127.0.0.2',
  'accept' => '*/*',
  'content-length' => '14',
  'connection' => 'close',
  'host' => '127.0.0.2',
)
[ info ] [ PARAM ] array (
  'id' => '20144230042',
)
[ info ] [ RUN ] app\admin\controller\User->tab_4[ D:\phpStudy\WWW\bxg\bxgAdmin\application\admin\controller\User.php ]
[ info ] [ VIEW ] D:\phpStudy\WWW\bxg\bxgAdmin/./application/admin\view\user\tab_4.html [ array (
) ]
[ info ] [ LOG ] INIT File
---------------------------------------------------------------
[ 2017-11-07T15:11:28+08:00 ] 127.0.0.2 127.0.0.1 POST /index.php/admin/user/tab_3
[ info ] 127.0.0.2/index.php/admin/user/tab_3 [运行时间：0.034002s][吞吐率：29.41req/s] [内存消耗：1,135.38kb] [文件加载：46]
[ info ] [ LANG ] D:\phpStudy\WWW\bxg\bxgAdmin\thinkphp\lang\zh-cn.php
[ info ] [ ROUTE ] array (
  'type' => 'module',
  'module' => 
  array (
    0 => 'admin',
    1 => 'user',
    2 => 'tab_3',
  ),
)
[ info ] [ HEADER ] array (
  'cookie' => 'thinkphp_show_page_trace=0|0; thinkphp_show_page_trace=0|0; thinkphp_show_page_trace=0|0; b_adminuid=20144230042; b_Staffrole=8',
  'accept-language' => 'zh-CN,zh;q=0.8',
  'accept-encoding' => 'gzip, deflate, br',
  'referer' => 'http://127.0.0.2/index.php/admin/index/user_info/id/20144230042.html',
  'content-type' => 'application/x-www-form-urlencoded; charset=UTF-8',
  'user-agent' => 'Mozilla/5.0 (Windows NT 6.1; WOW64) AppleWebKit/537.36 (KHTML, like Gecko) Chrome/61.0.3163.91 Safari/537.36',
  'x-requested-with' => 'XMLHttpRequest',
  'origin' => 'http://127.0.0.2',
  'accept' => '*/*',
  'content-length' => '14',
  'connection' => 'close',
  'host' => '127.0.0.2',
)
[ info ] [ PARAM ] array (
  'id' => '20144230042',
)
[ info ] [ RUN ] app\admin\controller\User->tab_3[ D:\phpStudy\WWW\bxg\bxgAdmin\application\admin\controller\User.php ]
[ info ] [ VIEW ] D:\phpStudy\WWW\bxg\bxgAdmin/./application/admin\view\user\tab_3.html [ array (
) ]
[ info ] [ LOG ] INIT File
