---------------------------------------------------------------
[ 2017-11-13T09:35:32+08:00 ] 127.0.0.5 127.0.0.1 GET /index.php/admin
[ info ] 127.0.0.5/index.php/admin [运行时间：0.377022s][吞吐率：2.65req/s] [内存消耗：1,338.09kb] [文件加载：50]
[ info ] [ LANG ] D:\phpStudy\WWW\newbxg\bxgAdmin\thinkphp\lang\zh-cn.php
[ info ] [ ROUTE ] array (
  'type' => 'module',
  'module' => 
  array (
    0 => 'admin',
    1 => NULL,
    2 => NULL,
  ),
)
[ info ] [ HEADER ] array (
  'accept-language' => 'zh-CN,zh;q=0.8',
  'accept-encoding' => 'gzip, deflate, br',
  'accept' => 'text/html,application/xhtml+xml,application/xml;q=0.9,image/webp,image/apng,*/*;q=0.8',
  'user-agent' => 'Mozilla/5.0 (Windows NT 6.1; Win64; x64) AppleWebKit/537.36 (KHTML, like Gecko) Chrome/60.0.3112.90 Safari/537.36',
  'upgrade-insecure-requests' => '1',
  'connection' => 'close',
  'host' => '127.0.0.5',
)
[ info ] [ PARAM ] array (
)
[ info ] [ RUN ] app\admin\controller\Index->index[ D:\phpStudy\WWW\newbxg\bxgAdmin\application\admin\controller\Index.php ]
[ info ] [ VIEW ] D:\phpStudy\WWW\newbxg\bxgAdmin/./application/admin\view\index\index.html [ array (
) ]
[ info ] [ LOG ] INIT File
---------------------------------------------------------------
[ 2017-11-13T09:35:32+08:00 ] 127.0.0.5 127.0.0.1 GET /index.php/admin/login/index
[ info ] 127.0.0.5/index.php/admin/login/index [运行时间：0.045003s][吞吐率：22.22req/s] [内存消耗：1,211.82kb] [文件加载：48]
[ info ] [ LANG ] D:\phpStudy\WWW\newbxg\bxgAdmin\thinkphp\lang\zh-cn.php
[ info ] [ ROUTE ] array (
  'type' => 'module',
  'module' => 
  array (
    0 => 'admin',
    1 => 'login',
    2 => 'index',
  ),
)
[ info ] [ HEADER ] array (
  'accept-language' => 'zh-CN,zh;q=0.8',
  'accept-encoding' => 'gzip, deflate, br',
  'accept' => 'text/html,application/xhtml+xml,application/xml;q=0.9,image/webp,image/apng,*/*;q=0.8',
  'user-agent' => 'Mozilla/5.0 (Windows NT 6.1; Win64; x64) AppleWebKit/537.36 (KHTML, like Gecko) Chrome/60.0.3112.90 Safari/537.36',
  'upgrade-insecure-requests' => '1',
  'connection' => 'close',
  'host' => '127.0.0.5',
)
[ info ] [ PARAM ] array (
)
[ info ] [ RUN ] app\admin\controller\Login->index[ D:\phpStudy\WWW\newbxg\bxgAdmin\application\admin\controller\Login.php ]
[ info ] [ VIEW ] D:\phpStudy\WWW\newbxg\bxgAdmin/./application/admin\view\login\index.html [ array (
) ]
[ info ] [ LOG ] INIT File
---------------------------------------------------------------
[ 2017-11-13T09:35:36+08:00 ] 127.0.0.5 127.0.0.1 POST /index.php/api/Ajaxadmin/Login
[ info ] 127.0.0.5/index.php/api/Ajaxadmin/Login [运行时间：0.435025s][吞吐率：2.30req/s] [内存消耗：2,075.50kb] [文件加载：56]
[ info ] [ LANG ] D:\phpStudy\WWW\newbxg\bxgAdmin\thinkphp\lang\zh-cn.php
[ info ] [ ROUTE ] array (
  'type' => 'module',
  'module' => 
  array (
    0 => 'api',
    1 => 'Ajaxadmin',
    2 => 'Login',
  ),
)
[ info ] [ HEADER ] array (
  'accept-language' => 'zh-CN,zh;q=0.8',
  'accept-encoding' => 'gzip, deflate, br',
  'referer' => 'http://127.0.0.5/index.php/admin/login/index',
  'content-type' => 'application/x-www-form-urlencoded; charset=UTF-8',
  'user-agent' => 'Mozilla/5.0 (Windows NT 6.1; Win64; x64) AppleWebKit/537.36 (KHTML, like Gecko) Chrome/60.0.3112.90 Safari/537.36',
  'x-requested-with' => 'XMLHttpRequest',
  'origin' => 'http://127.0.0.5',
  'accept' => '*/*',
  'content-length' => '28',
  'connection' => 'close',
  'host' => '127.0.0.5',
)
[ info ] [ PARAM ] array (
  'Mobilenumber' => '123',
  'pass' => '123456',
)
[ info ] [ RUN ] app\api\controller\Ajaxadmin->Login[ D:\phpStudy\WWW\newbxg\bxgAdmin\application\api\controller\Ajaxadmin.php ]
[ info ] [ DB ] INIT mysql
[ info ] [ LOG ] INIT File
---------------------------------------------------------------
[ 2017-11-13T09:35:36+08:00 ] 127.0.0.5 127.0.0.1 GET /index.php/admin
[ info ] 127.0.0.5/index.php/admin [运行时间：0.028001s][吞吐率：35.71req/s] [内存消耗：1,339.05kb] [文件加载：50]
[ info ] [ LANG ] D:\phpStudy\WWW\newbxg\bxgAdmin\thinkphp\lang\zh-cn.php
[ info ] [ ROUTE ] array (
  'type' => 'module',
  'module' => 
  array (
    0 => 'admin',
    1 => NULL,
    2 => NULL,
  ),
)
[ info ] [ HEADER ] array (
  'cookie' => 'b_adminuid=20144230042; b_Staffrole=8',
  'accept-language' => 'zh-CN,zh;q=0.8',
  'accept-encoding' => 'gzip, deflate, br',
  'referer' => 'http://127.0.0.5/index.php/admin/login/index',
  'accept' => 'text/html,application/xhtml+xml,application/xml;q=0.9,image/webp,image/apng,*/*;q=0.8',
  'user-agent' => 'Mozilla/5.0 (Windows NT 6.1; Win64; x64) AppleWebKit/537.36 (KHTML, like Gecko) Chrome/60.0.3112.90 Safari/537.36',
  'upgrade-insecure-requests' => '1',
  'connection' => 'close',
  'host' => '127.0.0.5',
)
[ info ] [ PARAM ] array (
)
[ info ] [ RUN ] app\admin\controller\Index->index[ D:\phpStudy\WWW\newbxg\bxgAdmin\application\admin\controller\Index.php ]
[ info ] [ VIEW ] D:\phpStudy\WWW\newbxg\bxgAdmin/./application/admin\view\index\index.html [ array (
) ]
[ info ] [ LOG ] INIT File
---------------------------------------------------------------
[ 2017-11-13T09:35:36+08:00 ] 127.0.0.5 127.0.0.1 GET /index.php/admin/count/index.html
[ info ] 127.0.0.5/index.php/admin/count/index.html [运行时间：0.067004s][吞吐率：14.92req/s] [内存消耗：1,272.27kb] [文件加载：48]
[ info ] [ LANG ] D:\phpStudy\WWW\newbxg\bxgAdmin\thinkphp\lang\zh-cn.php
[ info ] [ ROUTE ] array (
  'type' => 'module',
  'module' => 
  array (
    0 => 'admin',
    1 => 'count',
    2 => 'index',
  ),
)
[ info ] [ HEADER ] array (
  'cookie' => 'b_adminuid=20144230042; b_Staffrole=8',
  'accept-language' => 'zh-CN,zh;q=0.8',
  'accept-encoding' => 'gzip, deflate, br',
  'referer' => 'http://127.0.0.5/index.php/admin',
  'accept' => 'text/html,application/xhtml+xml,application/xml;q=0.9,image/webp,image/apng,*/*;q=0.8',
  'user-agent' => 'Mozilla/5.0 (Windows NT 6.1; Win64; x64) AppleWebKit/537.36 (KHTML, like Gecko) Chrome/60.0.3112.90 Safari/537.36',
  'upgrade-insecure-requests' => '1',
  'connection' => 'close',
  'host' => '127.0.0.5',
)
[ info ] [ PARAM ] array (
)
[ info ] [ RUN ] app\admin\controller\Count->index[ D:\phpStudy\WWW\newbxg\bxgAdmin\application\admin\controller\Count.php ]
[ info ] [ VIEW ] D:\phpStudy\WWW\newbxg\bxgAdmin/./application/admin\view\count\index.html [ array (
) ]
[ info ] [ LOG ] INIT File
---------------------------------------------------------------
[ 2017-11-13T09:35:46+08:00 ] 127.0.0.5 127.0.0.1 GET /index.php/admin/order/common_order.html
[ info ] 127.0.0.5/index.php/admin/order/common_order.html [运行时间：0.088005s][吞吐率：11.36req/s] [内存消耗：1,491.20kb] [文件加载：51]
[ info ] [ LANG ] D:\phpStudy\WWW\newbxg\bxgAdmin\thinkphp\lang\zh-cn.php
[ info ] [ ROUTE ] array (
  'type' => 'module',
  'module' => 
  array (
    0 => 'admin',
    1 => 'order',
    2 => 'common_order',
  ),
)
[ info ] [ HEADER ] array (
  'cookie' => 'thinkphp_show_page_trace=0|0; b_adminuid=20144230042; b_Staffrole=8',
  'accept-language' => 'zh-CN,zh;q=0.8',
  'accept-encoding' => 'gzip, deflate, br',
  'referer' => 'http://127.0.0.5/index.php/admin',
  'accept' => 'text/html,application/xhtml+xml,application/xml;q=0.9,image/webp,image/apng,*/*;q=0.8',
  'user-agent' => 'Mozilla/5.0 (Windows NT 6.1; Win64; x64) AppleWebKit/537.36 (KHTML, like Gecko) Chrome/60.0.3112.90 Safari/537.36',
  'upgrade-insecure-requests' => '1',
  'connection' => 'close',
  'host' => '127.0.0.5',
)
[ info ] [ PARAM ] array (
)
[ info ] [ RUN ] app\admin\controller\Order->common_order[ D:\phpStudy\WWW\newbxg\bxgAdmin\application\admin\controller\Order.php ]
[ info ] [ VIEW ] D:\phpStudy\WWW\newbxg\bxgAdmin/./application/admin\view\order\common_order.html [ array (
) ]
[ info ] [ LOG ] INIT File
---------------------------------------------------------------
[ 2017-11-13T09:35:48+08:00 ] 127.0.0.5 127.0.0.1 GET /index.php/admin/order/order_detail.html
[ info ] 127.0.0.5/index.php/admin/order/order_detail.html [运行时间：0.154009s][吞吐率：6.49req/s] [内存消耗：2,103.22kb] [文件加载：61]
[ info ] [ LANG ] D:\phpStudy\WWW\newbxg\bxgAdmin\thinkphp\lang\zh-cn.php
[ info ] [ ROUTE ] array (
  'type' => 'module',
  'module' => 
  array (
    0 => 'admin',
    1 => 'order',
    2 => 'order_detail',
  ),
)
[ info ] [ HEADER ] array (
  'cookie' => 'thinkphp_show_page_trace=0|0; thinkphp_show_page_trace=0|0; b_adminuid=20144230042; b_Staffrole=8',
  'accept-language' => 'zh-CN,zh;q=0.8',
  'accept-encoding' => 'gzip, deflate, br',
  'referer' => 'http://127.0.0.5/index.php/admin/order/common_order.html',
  'accept' => 'text/html,application/xhtml+xml,application/xml;q=0.9,image/webp,image/apng,*/*;q=0.8',
  'user-agent' => 'Mozilla/5.0 (Windows NT 6.1; Win64; x64) AppleWebKit/537.36 (KHTML, like Gecko) Chrome/60.0.3112.90 Safari/537.36',
  'upgrade-insecure-requests' => '1',
  'connection' => 'close',
  'host' => '127.0.0.5',
)
[ info ] [ PARAM ] array (
)
[ info ] [ RUN ] app\admin\controller\Order->order_detail[ D:\phpStudy\WWW\newbxg\bxgAdmin\application\admin\controller\Order.php ]
[ info ] [ DB ] INIT mysql
[ info ] [ LOG ] INIT File
[ error ] [8]未定义数组下标: 0[D:\phpStudy\WWW\newbxg\bxgAdmin\application\admin\controller\Order.php:77]
---------------------------------------------------------------
[ 2017-11-13T09:36:43+08:00 ] 127.0.0.5 127.0.0.1 GET /index.php/admin/order/reserve_order.html
[ info ] 127.0.0.5/index.php/admin/order/reserve_order.html [运行时间：0.048003s][吞吐率：20.83req/s] [内存消耗：1,485.45kb] [文件加载：51]
[ info ] [ LANG ] D:\phpStudy\WWW\newbxg\bxgAdmin\thinkphp\lang\zh-cn.php
[ info ] [ ROUTE ] array (
  'type' => 'module',
  'module' => 
  array (
    0 => 'admin',
    1 => 'order',
    2 => 'reserve_order',
  ),
)
[ info ] [ HEADER ] array (
  'cookie' => 'thinkphp_show_page_trace=0|0; thinkphp_show_page_trace=0|0; b_adminuid=20144230042; b_Staffrole=8',
  'accept-language' => 'zh-CN,zh;q=0.8',
  'accept-encoding' => 'gzip, deflate, br',
  'referer' => 'http://127.0.0.5/index.php/admin',
  'accept' => 'text/html,application/xhtml+xml,application/xml;q=0.9,image/webp,image/apng,*/*;q=0.8',
  'user-agent' => 'Mozilla/5.0 (Windows NT 6.1; Win64; x64) AppleWebKit/537.36 (KHTML, like Gecko) Chrome/60.0.3112.90 Safari/537.36',
  'upgrade-insecure-requests' => '1',
  'connection' => 'close',
  'host' => '127.0.0.5',
)
[ info ] [ PARAM ] array (
)
[ info ] [ RUN ] app\admin\controller\Order->reserve_order[ D:\phpStudy\WWW\newbxg\bxgAdmin\application\admin\controller\Order.php ]
[ info ] [ VIEW ] D:\phpStudy\WWW\newbxg\bxgAdmin/./application/admin\view\order\reserve_order.html [ array (
) ]
[ info ] [ LOG ] INIT File
---------------------------------------------------------------
[ 2017-11-13T10:09:56+08:00 ] 127.0.0.5 127.0.0.1 GET /index.php/admin/seller/index.html
[ info ] 127.0.0.5/index.php/admin/seller/index.html [运行时间：0.067004s][吞吐率：14.92req/s] [内存消耗：1,265.19kb] [文件加载：49]
[ info ] [ LANG ] D:\phpStudy\WWW\newbxg\bxgAdmin\thinkphp\lang\zh-cn.php
[ info ] [ ROUTE ] array (
  'type' => 'module',
  'module' => 
  array (
    0 => 'admin',
    1 => 'seller',
    2 => 'index',
  ),
)
[ info ] [ HEADER ] array (
  'cookie' => 'thinkphp_show_page_trace=0|0; b_adminuid=20144230042; b_Staffrole=8',
  'accept-language' => 'zh-CN,zh;q=0.8',
  'accept-encoding' => 'gzip, deflate, br',
  'referer' => 'http://127.0.0.5/index.php/admin',
  'accept' => 'text/html,application/xhtml+xml,application/xml;q=0.9,image/webp,image/apng,*/*;q=0.8',
  'user-agent' => 'Mozilla/5.0 (Windows NT 6.1; Win64; x64) AppleWebKit/537.36 (KHTML, like Gecko) Chrome/60.0.3112.90 Safari/537.36',
  'upgrade-insecure-requests' => '1',
  'connection' => 'close',
  'host' => '127.0.0.5',
)
[ info ] [ PARAM ] array (
)
[ info ] [ RUN ] app\admin\controller\Seller->index[ D:\phpStudy\WWW\newbxg\bxgAdmin\application\admin\controller\Seller.php ]
[ info ] [ VIEW ] D:\phpStudy\WWW\newbxg\bxgAdmin/./application/admin\view\seller\index.html [ array (
) ]
[ info ] [ LOG ] INIT File
